#
# A fatal error has been detected by the Java Runtime Environment:
#
#  EXCEPTION_ACCESS_VIOLATION (0xc0000005) at pc=0x0000013f3b63942c, pid=740, tid=11860
#
# JRE version: OpenJDK Runtime Environment Temurin-21+35-202309042131 (21.0+35) (build 21-beta+35-ea)
# Java VM: OpenJDK 64-Bit Server VM Temurin-21+35-202309042131 (21-beta+35-ea, mixed mode, emulated-client, sharing, tiered, compressed oops, compressed class ptrs, g1 gc, windows-amd64)
# Problematic frame:
# v  ~BufferBlob::MethodHandles adapters 0x0000013f3b63942c
#
# No core dump will be written. Minidumps are not enabled by default on client versions of Windows
#
# If you would like to submit a bug report, please visit:
#   https://github.com/adoptium/adoptium-support/issues
#

---------------  S U M M A R Y ------------

Command Line: -XX:+ShowCodeDetailsInExceptionMessages -agentlib:jdwp=transport=dt_socket,suspend=y,address=localhost:59713 -Dcom.sun.management.jmxremote -Dcom.sun.management.jmxremote.port=59712 -Dcom.sun.management.jmxremote.authenticate=false -Dcom.sun.management.jmxremote.ssl=false -Djava.rmi.server.hostname=localhost -Dspring.jmx.enabled=true -Dmanagement.endpoints.jmx.exposure.include=* -Dspring.application.admin.enabled=true -XX:TieredStopAtLevel=1 -Dspring.boot.project.name=ChattingApplication_01 -javaagent:C:\pleiades\2023-09\eclipse\configuration\org.eclipse.osgi\252\0\.cp\lib\javaagent-shaded.jar -Dfile.encoding=UTF-8 -Dstdout.encoding=UTF-8 -Dstderr.encoding=UTF-8 katachi.spring.portfolio.ChattingApplication01Application --spring.output.ansi.enabled=always

Host: 11th Gen Intel(R) Core(TM) i5-1135G7 @ 2.40GHz, 8 cores, 7G,  Windows 11 , 64 bit Build 22621 (10.0.22621.3958)
Time: Fri Aug 30 14:48:21 2024  Windows 11 , 64 bit Build 22621 (10.0.22621.3958) elapsed time: 2066.032521 seconds (0d 0h 34m 26s)

---------------  T H R E A D  ---------------

Current thread (0x0000013f8b85c060):  JavaThread "restartedMain"        [_thread_in_Java, id=11860, stack(0x0000002aac400000,0x0000002aac500000) (1024K)]

Stack: [0x0000002aac400000,0x0000002aac500000],  sp=0x0000002aac4fdd18,  free space=1015k
Native frames: (J=compiled Java code, j=interpreted, Vv=VM code, C=native code)
C  0x0000013f3b63942c

The last pc belongs to _linkToSpecial (printed below).

siginfo: EXCEPTION_ACCESS_VIOLATION (0xc0000005), reading address 0xffffffffffffffff


Registers:
RAX=0x0000013f3b5e9086, RBX=0x87706cc000000001, RCX=0x0000002aac4fdd20, RDX=0x0000000000000002
RSP=0x0000002aac4fdd18, RBP=0x0000002aac4fdd68, RSI=0x0000013f899b7518, RDI=0x0000013f8b7ccd20
R8 =0x0000000000000004, R9 =0x0000000000000004, R10=0x00007fffcb08c2c0, R11=0x0000013f440b63d8
R12=0x0000000000000000, R13=0x0000002aac4fdd18, R14=0x0000002aac4fdd88, R15=0x0000013f8b85c060
RIP=0x0000013f3b63942c, EFLAGS=0x0000000000010202


Register to memory mapping:

RAX=0x0000013f3b5e9086 is at code_begin+3078 in an Interpreter codelet
return entry points  [0x0000013f3b5e8480, 0x0000013f3b5ea298]  7704 bytes
RBX=0x87706cc000000001 is an unknown value
RCX=0x0000002aac4fdd20 is pointing into the stack for thread: 0x0000013f8b85c060
RDX=0x0000000000000002 is an unknown value
RSP=0x0000002aac4fdd18 is pointing into the stack for thread: 0x0000013f8b85c060
RBP=0x0000002aac4fdd68 is pointing into the stack for thread: 0x0000013f8b85c060
RSI=0x0000013f899b7518 points into unknown readable memory: 0x800024016e1b1b57 | 57 1b 1b 6e 01 24 00 80
RDI=0x0000013f8b7ccd20 points into unknown readable memory: 0x0000001800000070 | 70 00 00 00 18 00 00 00
R8 =0x0000000000000004 is an unknown value
R9 =0x0000000000000004 is an unknown value
R10=0x00007fffcb08c2c0 jvm.dll
R11={method} {0x0000013f440b63e0} 'newInvokeSpecial' '(Ljava/lang/Object;)Ljava/lang/Object;' in 'java/lang/invoke/DirectMethodHandle$Holder'
R12=0x0 is null
R13=0x0000002aac4fdd18 is pointing into the stack for thread: 0x0000013f8b85c060
R14=0x0000002aac4fdd88 is pointing into the stack for thread: 0x0000013f8b85c060
R15=0x0000013f8b85c060 is a thread

Top of Stack: (sp=0x0000002aac4fdd18)
0x0000002aac4fdd18:   0000013f3b5e9086 0000002aac4fdd20
0x0000002aac4fdd28:   0000013f4472c72f 0000000000000004
0x0000002aac4fdd38:   0000013f440b1890 00000000890354f8
0x0000002aac4fdd48:   0000000084781918 0000013f440b63d8
0x0000002aac4fdd58:   0000002aac4fdd18 0000002aac4fdd90
0x0000002aac4fdd68:   0000002aac4fedf0 0000013f3b99a883
0x0000002aac4fdd78:   0000000087706bc8 0000000087706c70
0x0000002aac4fdd88:   0000000087706c28 00000000877069d8
0x0000002aac4fdd98:   0000002aac4fcc28 0000002aac4fedf0
0x0000002aac4fdda8:   0000013f3bfce78c 0000013f3b5fef39
0x0000002aac4fddb8:   0000013f3b5e8190 0000000000000000
0x0000002aac4fddc8:   0000010000000000 0000002aac4fcc28
0x0000002aac4fddd8:   0000002aac4fcbd8 0000013f8b85c060
0x0000002aac4fdde8:   0000002aac4fcc40 0000013f87c1ad4e
0x0000002aac4fddf8:   0000013f8b85c060 0000002aac4fcad0
0x0000002aac4fde08:   00000000847ce490 00000000890354f8
0x0000002aac4fde18:   00000000877068a0 00000000877068a0
0x0000002aac4fde28:   00000000877069d8 0000000087706c58
0x0000002aac4fde38:   0000000087706a30 00000000890354f8
0x0000002aac4fde48:   0000000000000001 0000002aac4fedf0
0x0000002aac4fde58:   0000013f00000000 0000000000000000
0x0000002aac4fde68:   0000000000000000 0000000087706c28
0x0000002aac4fde78:   0000013f3b9a025c 0000000000000000
0x0000002aac4fde88:   0000000000000000 0000000000000000
0x0000002aac4fde98:   00000000878b9000 0000013f8b85c060
0x0000002aac4fdea8:   0000000000000000 00000000877069d8
0x0000002aac4fdeb8:   0000000000000000 00000000877068a0
0x0000002aac4fdec8:   0000000087706c58 00000000877069d8
0x0000002aac4fded8:   0000000000000000 0000000088104a00
0x0000002aac4fdee8:   0000013f3b999db4 0000002aac4fedf0
0x0000002aac4fdef8:   0000013f3b9944ea 0000000000000000
0x0000002aac4fdf08:   0000013f3b9077a9 0000000000000000 

Instructions: (pc=0x0000013f3b63942c)
0x0000013f3b63932c:   8b 59 14 8b 5b 28 8b 5b 24 48 8b 5b 10 48 85 db
0x0000013f3b63933c:   0f 84 10 00 00 00 41 80 bf e0 05 00 00 00 74 03
0x0000013f3b63934c:   ff 63 38 ff 63 50 e9 a9 f6 ff ff 66 0f 1f 84 00
0x0000013f3b63935c:   00 00 00 00 48 8b 53 08 0f b7 52 2e 48 8b 0c d4
0x0000013f3b63936c:   58 5b 50 44 8b 51 08 49 bb 00 00 00 44 3f 01 00
0x0000013f3b63937c:   00 4d 03 d3 4c 8b 5b 10 4b 8b 9c da c8 01 00 00
0x0000013f3b63938c:   48 85 db 0f 84 10 00 00 00 41 80 bf e0 05 00 00
0x0000013f3b63939c:   00 74 03 ff 63 38 ff 63 50 e9 56 f6 ff ff 66 66
0x0000013f3b6393ac:   66 0f 1f 84 00 00 00 00 00 66 66 66 90 0f 1f 80
0x0000013f3b6393bc:   00 00 00 00 58 5b 50 8b 5b 24 48 8b 5b 10 48 85
0x0000013f3b6393cc:   db 0f 84 10 00 00 00 41 80 bf e0 05 00 00 00 74
0x0000013f3b6393dc:   03 ff 63 38 ff 63 50 e9 18 f6 ff ff 66 66 66 0f
0x0000013f3b6393ec:   1f 84 00 00 00 00 00 66 66 66 90 66 0f 1f 84 00
0x0000013f3b6393fc:   00 00 00 00 48 8b 53 08 0f b7 52 2e 48 8b 0c d4
0x0000013f3b63940c:   58 5b 50 48 3b 01 8b 5b 24 48 8b 5b 10 48 85 db
0x0000013f3b63941c:   0f 84 10 00 00 00 41 80 bf e0 05 00 00 00 74 03
0x0000013f3b63942c:   ff 63 38 ff 63 50 e9 c9 f5 ff ff 66 0f 1f 84 00
0x0000013f3b63943c:   00 00 00 00 48 8b 53 08 0f b7 52 2e 48 8b 0c d4
0x0000013f3b63944c:   58 5b 50 44 8b 51 08 49 bb 00 00 00 44 3f 01 00
0x0000013f3b63945c:   00 4d 03 d3 8b 43 18 48 8b 40 10 48 8b 5b 10 45
0x0000013f3b63946c:   8b 9a a0 00 00 00 4f 8d 9c da c8 01 00 00 4d 8d
0x0000013f3b63947c:   14 da 49 8b 1b 48 3b c3 74 15 48 85 db 0f 84 32
0x0000013f3b63948c:   00 00 00 49 83 c3 10 49 8b 1b 48 3b c3 75 eb 45
0x0000013f3b63949c:   8b 5b 08 4b 8b 1c 1a 48 85 db 0f 84 10 00 00 00
0x0000013f3b6394ac:   41 80 bf e0 05 00 00 00 74 03 ff 63 38 ff 63 50
0x0000013f3b6394bc:   e9 3f f5 ff ff e9 3a f8 ff ff f4 00 00 00 00 00
0x0000013f3b6394cc:   00 00 00 00 00 00 00 00 00 00 00 00 00 00 00 00
0x0000013f3b6394dc:   00 00 00 00 00 00 00 00 00 00 00 00 00 00 00 00
0x0000013f3b6394ec:   00 00 00 00 00 00 00 00 00 00 00 00 00 00 00 00
0x0000013f3b6394fc:   00 00 00 00 00 00 00 00 00 00 00 00 00 00 00 00
0x0000013f3b63950c:   00 00 00 00 00 00 00 00 00 00 00 00 00 00 00 00
0x0000013f3b63951c:   00 00 00 00 00 00 00 00 00 00 00 00 00 00 00 00 


Stack slot to memory mapping:

stack at sp + 0 slots: 0x0000013f3b5e9086 is at code_begin+3078 in an Interpreter codelet
return entry points  [0x0000013f3b5e8480, 0x0000013f3b5ea298]  7704 bytes
stack at sp + 1 slots: 0x0000002aac4fdd20 is pointing into the stack for thread: 0x0000013f8b85c060
stack at sp + 2 slots: 0x0000013f4472c72f is pointing into metadata
stack at sp + 3 slots: 0x0000000000000004 is an unknown value
stack at sp + 4 slots: 0x0000013f440b1890 is pointing into metadata
stack at sp + 5 slots: 0x00000000890354f8 is an oop: java.lang.Class 
{0x00000000890354f8} - klass: 'java/lang/Class'
 - ---- fields (total size 14 words):
 - private volatile transient 'classRedefinedCount' 'I' @12  1 (0x00000001)
 - injected 'klass' 'J' @16  1371256228352 (0x0000013f453d8a00)
 - injected 'array_klass' 'J' @24  0 (0x0000000000000000)
 - injected 'oop_size' 'I' @32  14 (0x0000000e)
 - injected 'static_oop_field_count' 'I' @36  0 (0x00000000)
 - private volatile transient 'cachedConstructor' 'Ljava/lang/reflect/Constructor;' @40  null (0x00000000)
 - private transient 'name' 'Ljava/lang/String;' @44  "katachi.spring.portfolio.controller.LogoutController"{0x0000000089035568} (0x89035568)
 - private transient 'module' 'Ljava/lang/Module;' @48  a 'java/lang/Module'{0x000000008b700300} (0x8b700300)
 - private final 'classLoader' 'Ljava/lang/ClassLoader;' @52  a 'org/springframework/boot/devtools/restart/classloader/RestartClassLoader'{0x000000008b700170} (0x8b700170)
 - private transient 'classData' 'Ljava/lang/Object;' @56  null (0x00000000)
 - private transient 'packageName' 'Ljava/lang/String;' @60  "katachi.spring.portfolio.controller"{0x0000000084cc95e8} (0x84cc95e8)
 - private final 'componentType' 'Ljava/lang/Class;' @64  null (0x00000000)
 - private volatile transient 'reflectionData' 'Ljava/lang/ref/SoftReference;' @68  a 'java/lang/ref/SoftReference'{0x0000000088270830} (0x88270830)
 - private volatile transient 'genericInfo' 'Lsun/reflect/generics/repository/ClassRepository;' @72  null (0x00000000)
 - private volatile transient 'enumConstants' '[Ljava/lang/Object;' @76  null (0x00000000)
 - private volatile transient 'enumConstantDirectory' 'Ljava/util/Map;' @80  null (0x00000000)
 - private volatile transient 'annotationData' 'Ljava/lang/Class$AnnotationData;' @84  a 'java/lang/Class$AnnotationData'{0x0000000088270d90} (0x88270d90)
 - private volatile transient 'annotationType' 'Lsun/reflect/annotation/AnnotationType;' @88  null (0x00000000)
 - transient 'classValueMap' 'Ljava/lang/ClassValue$ClassValueMap;' @92  null (0x00000000)
 - injected 'protection_domain' 'Ljava/lang/Object;' @96  a 'java/security/ProtectionDomain'{0x000000008b7151e8} (0x8b7151e8)
 - injected 'signers_name' 'Ljava/lang/Object;' @100  null (0x00000000)
 - injected 'source_file' 'Ljava/lang/Object;' @104  null (0x00000000)
 - signature: Lkatachi/spring/portfolio/controller/LogoutController;
 - ---- static fields (0):
stack at sp + 6 slots: 0x0000000084781918 is an oop: java.lang.Class 
{0x0000000084781918} - klass: 'java/lang/Class'
 - ---- fields (total size 14 words):
 - private volatile transient 'classRedefinedCount' 'I' @12  0 (0x00000000)
 - injected 'klass' 'J' @16  1371236144224 (0x0000013f440b1460)
 - injected 'array_klass' 'J' @24  0 (0x0000000000000000)
 - injected 'oop_size' 'I' @32  14 (0x0000000e)
 - injected 'static_oop_field_count' 'I' @36  0 (0x00000000)
 - private volatile transient 'cachedConstructor' 'Ljava/lang/reflect/Constructor;' @40  null (0x00000000)
 - private transient 'name' 'Ljava/lang/String;' @44  null (0x00000000)
 - private transient 'module' 'Ljava/lang/Module;' @48  a 'java/lang/Module'{0x00000000847ce508} (0x847ce508)
 - private final 'classLoader' 'Ljava/lang/ClassLoader;' @52  null (0x00000000)
 - private transient 'classData' 'Ljava/lang/Object;' @56  null (0x00000000)
 - private transient 'packageName' 'Ljava/lang/String;' @60  null (0x00000000)
 - private final 'componentType' 'Ljava/lang/Class;' @64  null (0x00000000)
 - private volatile transient 'reflectionData' 'Ljava/lang/ref/SoftReference;' @68  null (0x00000000)
 - private volatile transient 'genericInfo' 'Lsun/reflect/generics/repository/ClassRepository;' @72  null (0x00000000)
 - private volatile transient 'enumConstants' '[Ljava/lang/Object;' @76  null (0x00000000)
 - private volatile transient 'enumConstantDirectory' 'Ljava/util/Map;' @80  null (0x00000000)
 - private volatile transient 'annotationData' 'Ljava/lang/Class$AnnotationData;' @84  null (0x00000000)
 - private volatile transient 'annotationType' 'Lsun/reflect/annotation/AnnotationType;' @88  null (0x00000000)
 - transient 'classValueMap' 'Ljava/lang/ClassValue$ClassValueMap;' @92  null (0x00000000)
 - injected 'protection_domain' 'Ljava/lang/Object;' @96  null (0x00000000)
 - injected 'signers_name' 'Ljava/lang/Object;' @100  null (0x00000000)
 - injected 'source_file' 'Ljava/lang/Object;' @104  null (0x00000000)
 - signature: Ljava/lang/invoke/DirectMethodHandle$Holder;
 - ---- static fields (0):
stack at sp + 7 slots: {method} {0x0000013f440b63e0} 'newInvokeSpecial' '(Ljava/lang/Object;)Ljava/lang/Object;' in 'java/lang/invoke/DirectMethodHandle$Holder'

MethodHandle::interpreter_entry::_linkToSpecial [0x0000013f3b6393e8, 0x0000013f3b639437] (79 bytes)
[MachCode]
  0x0000013f3b6393e8: 6666 660f | 1f84 0000 | 0000 0066 | 6666 9066 | 0f1f 8400 | 0000 0000 | 488b 5308 | 0fb7 522e 
  0x0000013f3b639408: 488b 0cd4 | 585b 5048 | 3b01 8b5b | 2448 8b5b | 1048 85db | 0f84 1000 | 0000 4180 | bfe0 0500 
  0x0000013f3b639428: 0000 7403 | ff63 38ff | 6350 e9c9 | 
[/MachCode]

---------------  P R O C E S S  ---------------

Threads class SMR info:
_java_thread_list=0x0000013f8b84c150, length=27, elements={
0x0000013f438442f0, 0x0000013f43845010, 0x0000013f438467b0, 0x0000013f4384acf0,
0x0000013f4384da80, 0x0000013f4384e610, 0x0000013f43850d80, 0x0000013f439fdea0,
0x0000013f43a8c5c0, 0x0000013f43a94e80, 0x0000013f43a97510, 0x0000013f894722f0,
0x0000013f896e9260, 0x0000013f8946b960, 0x0000013f89646a80, 0x0000013f8acccad0,
0x0000013f8b188140, 0x0000013f8b18a210, 0x0000013f8b18c2e0, 0x0000013f8b18c970,
0x0000013f8b85f4e0, 0x0000013f8b85e130, 0x0000013f8b85c060, 0x0000013f8b85e7c0,
0x0000013f8b85d410, 0x0000013f8b85c6f0, 0x0000013f8b85cd80
}

Java Threads: ( => current thread )
  0x0000013f438442f0 JavaThread "Reference Handler"          daemon [_thread_blocked, id=876, stack(0x0000002aab600000,0x0000002aab700000) (1024K)]
  0x0000013f43845010 JavaThread "Finalizer"                  daemon [_thread_blocked, id=19960, stack(0x0000002aab700000,0x0000002aab800000) (1024K)]
  0x0000013f438467b0 JavaThread "Signal Dispatcher"          daemon [_thread_blocked, id=4016, stack(0x0000002aab800000,0x0000002aab900000) (1024K)]
  0x0000013f4384acf0 JavaThread "Attach Listener"            daemon [_thread_blocked, id=14840, stack(0x0000002aab900000,0x0000002aaba00000) (1024K)]
  0x0000013f4384da80 JavaThread "Service Thread"             daemon [_thread_blocked, id=2728, stack(0x0000002aaba00000,0x0000002aabb00000) (1024K)]
  0x0000013f4384e610 JavaThread "Monitor Deflation Thread"   daemon [_thread_blocked, id=18236, stack(0x0000002aabb00000,0x0000002aabc00000) (1024K)]
  0x0000013f43850d80 JavaThread "C1 CompilerThread0"         daemon [_thread_blocked, id=19212, stack(0x0000002aabc00000,0x0000002aabd00000) (1024K)]
  0x0000013f439fdea0 JavaThread "Common-Cleaner"             daemon [_thread_blocked, id=14580, stack(0x0000002aabd00000,0x0000002aabe00000) (1024K)]
  0x0000013f43a8c5c0 JavaThread "JDWP Transport Listener: dt_socket" daemon [_thread_blocked, id=7796, stack(0x0000002aac000000,0x0000002aac100000) (1024K)]
  0x0000013f43a94e80 JavaThread "JDWP Event Helper Thread"   daemon [_thread_blocked, id=15748, stack(0x0000002aac100000,0x0000002aac200000) (1024K)]
  0x0000013f43a97510 JavaThread "JDWP Command Reader"        daemon [_thread_in_native, id=4216, stack(0x0000002aac200000,0x0000002aac300000) (1024K)]
  0x0000013f894722f0 JavaThread "Notification Thread"        daemon [_thread_blocked, id=12620, stack(0x0000002aac300000,0x0000002aac400000) (1024K)]
  0x0000013f896e9260 JavaThread "RMI TCP Accept-0"           daemon [_thread_in_native, id=19912, stack(0x0000002aac500000,0x0000002aac600000) (1024K)]
  0x0000013f8946b960 JavaThread "RMI TCP Accept-59712"       daemon [_thread_in_native, id=17304, stack(0x0000002aacd00000,0x0000002aace00000) (1024K)]
  0x0000013f89646a80 JavaThread "RMI TCP Accept-0"           daemon [_thread_in_native, id=19848, stack(0x0000002aace00000,0x0000002aacf00000) (1024K)]
  0x0000013f8acccad0 JavaThread "mysql-cj-abandoned-connection-cleanup" daemon [_thread_blocked, id=804, stack(0x0000002aad100000,0x0000002aad200000) (1024K)]
  0x0000013f8b188140 JavaThread "Live Reload Server"         daemon [_thread_in_native, id=13168, stack(0x0000002aad900000,0x0000002aada00000) (1024K)]
  0x0000013f8b18a210 JavaThread "DestroyJavaVM"                     [_thread_blocked, id=9392, stack(0x0000002aaae00000,0x0000002aaaf00000) (1024K)]
  0x0000013f8b18c2e0 JavaThread "RMI Scheduler(0)"           daemon [_thread_blocked, id=9416, stack(0x0000002aaac00000,0x0000002aaad00000) (1024K)]
  0x0000013f8b18c970 JavaThread "RMI TCP Connection(idle)"   daemon [_thread_blocked, id=13640, stack(0x0000002aaad00000,0x0000002aaae00000) (1024K)]
  0x0000013f8b85f4e0 JavaThread "JMX server connection timeout 69" daemon [_thread_blocked, id=8588, stack(0x0000002aabe00000,0x0000002aabf00000) (1024K)]
  0x0000013f8b85e130 JavaThread "Thread-36"                         [_thread_blocked, id=16880, stack(0x0000002aaab00000,0x0000002aaac00000) (1024K)]
=>0x0000013f8b85c060 JavaThread "restartedMain"                     [_thread_in_Java, id=11860, stack(0x0000002aac400000,0x0000002aac500000) (1024K)]
  0x0000013f8b85e7c0 JavaThread "HikariPool-10 housekeeper"  daemon [_thread_blocked, id=17840, stack(0x0000002aacf00000,0x0000002aad000000) (1024K)]
  0x0000013f8b85d410 JavaThread "Catalina-utility-1"                [_thread_blocked, id=20248, stack(0x0000002aad000000,0x0000002aad100000) (1024K)]
  0x0000013f8b85c6f0 JavaThread "Catalina-utility-2"                [_thread_blocked, id=7160, stack(0x0000002aad300000,0x0000002aad400000) (1024K)]
  0x0000013f8b85cd80 JavaThread "container-0"                       [_thread_blocked, id=20424, stack(0x0000002aad400000,0x0000002aad500000) (1024K)]
Total: 27

Other Threads:
  0x0000013f43821d20 VMThread "VM Thread"                           [id=3036, stack(0x0000002aab500000,0x0000002aab600000) (1024K)] _threads_hazard_ptr=0x0000013f8b84c150
  0x0000013f4380df20 WatcherThread "VM Periodic Task Thread"        [id=4240, stack(0x0000002aab400000,0x0000002aab500000) (1024K)]
  0x0000013f32f7cb70 WorkerThread "GC Thread#0"                     [id=17996, stack(0x0000002aaaf00000,0x0000002aab000000) (1024K)]
  0x0000013f896aa4d0 WorkerThread "GC Thread#1"                     [id=14348, stack(0x0000002aac600000,0x0000002aac700000) (1024K)]
  0x0000013f896c7d20 WorkerThread "GC Thread#2"                     [id=19740, stack(0x0000002aac700000,0x0000002aac800000) (1024K)]
  0x0000013f8971f690 WorkerThread "GC Thread#3"                     [id=15708, stack(0x0000002aac800000,0x0000002aac900000) (1024K)]
  0x0000013f89727a40 WorkerThread "GC Thread#4"                     [id=11708, stack(0x0000002aac900000,0x0000002aaca00000) (1024K)]
  0x0000013f89727de0 WorkerThread "GC Thread#5"                     [id=15484, stack(0x0000002aaca00000,0x0000002aacb00000) (1024K)]
  0x0000013f89728180 WorkerThread "GC Thread#6"                     [id=20124, stack(0x0000002aacb00000,0x0000002aacc00000) (1024K)]
  0x0000013f89728520 WorkerThread "GC Thread#7"                     [id=5104, stack(0x0000002aacc00000,0x0000002aacd00000) (1024K)]
  0x0000013f32f8d1e0 ConcurrentGCThread "G1 Main Marker"            [id=16528, stack(0x0000002aab000000,0x0000002aab100000) (1024K)]
  0x0000013f32f8ed50 WorkerThread "G1 Conc#0"                       [id=584, stack(0x0000002aab100000,0x0000002aab200000) (1024K)]
  0x0000013f89bc2980 WorkerThread "G1 Conc#1"                       [id=16032, stack(0x0000002aad200000,0x0000002aad300000) (1024K)]
  0x0000013f436e4500 ConcurrentGCThread "G1 Refine#0"               [id=18816, stack(0x0000002aab200000,0x0000002aab300000) (1024K)]
  0x0000013f436e4d20 ConcurrentGCThread "G1 Service"                [id=10008, stack(0x0000002aab300000,0x0000002aab400000) (1024K)]
Total: 15

Threads with active compile tasks:
Total: 0

VM state: synchronizing (normal execution)

VM Mutex/Monitor currently owned by a thread:  ([mutex/lock_event])
[0x00007fffcb07c998] Threads_lock - owner thread: 0x0000013f43821d20

Heap address: 0x0000000084400000, size: 1980 MB, Compressed Oops mode: 32-bit

CDS archive(s) mapped at: [0x0000013f44000000-0x0000013f44c90000-0x0000013f44c90000), size 13172736, SharedBaseAddress: 0x0000013f44000000, ArchiveRelocationMode: 1.
Compressed class space mapped at: 0x0000013f45000000-0x0000013f85000000, reserved size: 1073741824
Narrow klass base: 0x0000013f44000000, Narrow klass shift: 0, Narrow klass range: 0x100000000

GC Precious Log:
 CardTable entry size: 512
 Card Set container configuration: InlinePtr #cards 5 size 8 Array Of Cards #cards 12 size 40 Howl #buckets 4 coarsen threshold 1843 Howl Bitmap #cards 512 size 80 coarsen threshold 460 Card regions per heap region 1 cards per card region 2048
 CPUs: 8 total, 8 available
 Memory: 7914M
 Large Page Support: Disabled
 NUMA Support: Disabled
 Compressed Oops: Enabled (32-bit)
 Heap Region Size: 1M
 Heap Min Capacity: 8M
 Heap Initial Capacity: 124M
 Heap Max Capacity: 1980M
 Pre-touch: Disabled
 Parallel Workers: 8
 Concurrent Workers: 2
 Concurrent Refinement Workers: 8
 Periodic GC: Disabled

Heap:
 garbage-first heap   total 86016K, used 55499K [0x0000000084400000, 0x0000000100000000)
  region size 1024K, 33 young (33792K), 0 survivors (0K)
 Metaspace       used 50918K, committed 52416K, reserved 1114112K
  class space    used 6530K, committed 7168K, reserved 1048576K

Heap Regions: E=young(eden), S=young(survivor), O=old, HS=humongous(starts), HC=humongous(continues), CS=collection set, F=free, TAMS=top-at-mark-start, PB=parsable bottom
|   0|0x0000000084400000, 0x0000000084500000, 0x0000000084500000|100%| O|  |TAMS 0x0000000084400000| PB 0x0000000084400000| Untracked 
|   1|0x0000000084500000, 0x00000000845fffd8, 0x0000000084600000| 99%| O|  |TAMS 0x0000000084500000| PB 0x0000000084500000| Untracked 
|   2|0x0000000084600000, 0x0000000084700000, 0x0000000084700000|100%| O|  |TAMS 0x0000000084600000| PB 0x0000000084600000| Untracked 
|   3|0x0000000084700000, 0x00000000847ffff0, 0x0000000084800000| 99%| O|  |TAMS 0x0000000084700000| PB 0x0000000084700000| Untracked 
|   4|0x0000000084800000, 0x00000000848ffff8, 0x0000000084900000| 99%| O|  |TAMS 0x0000000084800000| PB 0x0000000084800000| Untracked 
|   5|0x0000000084900000, 0x00000000849ffff0, 0x0000000084a00000| 99%| O|  |TAMS 0x0000000084900000| PB 0x0000000084900000| Untracked 
|   6|0x0000000084a00000, 0x0000000084afffe8, 0x0000000084b00000| 99%| O|  |TAMS 0x0000000084a00000| PB 0x0000000084a00000| Untracked 
|   7|0x0000000084b00000, 0x0000000084bfffe0, 0x0000000084c00000| 99%| O|  |TAMS 0x0000000084b00000| PB 0x0000000084b00000| Untracked 
|   8|0x0000000084c00000, 0x0000000084d00000, 0x0000000084d00000|100%| O|  |TAMS 0x0000000084c00000| PB 0x0000000084c00000| Untracked 
|   9|0x0000000084d00000, 0x0000000084e00000, 0x0000000084e00000|100%| O|  |TAMS 0x0000000084d00000| PB 0x0000000084d00000| Untracked 
|  10|0x0000000084e00000, 0x0000000084efffd8, 0x0000000084f00000| 99%| O|  |TAMS 0x0000000084e00000| PB 0x0000000084e00000| Untracked 
|  11|0x0000000084f00000, 0x0000000085000000, 0x0000000085000000|100%| O|  |TAMS 0x0000000084f00000| PB 0x0000000084f00000| Untracked 
|  12|0x0000000085000000, 0x00000000850ffff0, 0x0000000085100000| 99%| O|  |TAMS 0x0000000085000000| PB 0x0000000085000000| Untracked 
|  13|0x0000000085100000, 0x0000000085200000, 0x0000000085200000|100%| O|  |TAMS 0x0000000085100000| PB 0x0000000085100000| Untracked 
|  14|0x0000000085200000, 0x00000000852fffb8, 0x0000000085300000| 99%| O|  |TAMS 0x0000000085200000| PB 0x0000000085200000| Untracked 
|  15|0x0000000085300000, 0x0000000085400000, 0x0000000085400000|100%| O|  |TAMS 0x0000000085300000| PB 0x0000000085300000| Untracked 
|  16|0x0000000085400000, 0x0000000085500000, 0x0000000085500000|100%| O|  |TAMS 0x0000000085400000| PB 0x0000000085400000| Untracked 
|  17|0x0000000085500000, 0x00000000855daed8, 0x0000000085600000| 85%| O|  |TAMS 0x0000000085500000| PB 0x0000000085500000| Untracked 
|  18|0x0000000085600000, 0x00000000856fffd0, 0x0000000085700000| 99%| O|  |TAMS 0x0000000085600000| PB 0x0000000085600000| Untracked 
|  19|0x0000000085700000, 0x00000000857ffff0, 0x0000000085800000| 99%| O|  |TAMS 0x0000000085700000| PB 0x0000000085700000| Untracked 
|  20|0x0000000085800000, 0x00000000858fffe8, 0x0000000085900000| 99%| O|  |TAMS 0x0000000085800000| PB 0x0000000085800000| Untracked 
|  21|0x0000000085900000, 0x00000000859ffff8, 0x0000000085a00000| 99%| O|  |TAMS 0x0000000085900000| PB 0x0000000085900000| Untracked 
|  22|0x0000000085a00000, 0x0000000085a6cc70, 0x0000000085b00000| 42%| O|  |TAMS 0x0000000085a00000| PB 0x0000000085a00000| Untracked 
|  23|0x0000000085b00000, 0x0000000085b74470, 0x0000000085c00000| 45%| O|  |TAMS 0x0000000085b00000| PB 0x0000000085b00000| Untracked 
|  24|0x0000000085c00000, 0x0000000085c00000, 0x0000000085d00000|  0%| F|  |TAMS 0x0000000085c00000| PB 0x0000000085c00000| Untracked 
|  25|0x0000000085d00000, 0x0000000085d0ec58, 0x0000000085e00000|  5%| O|  |TAMS 0x0000000085d00000| PB 0x0000000085d00000| Untracked 
|  26|0x0000000085e00000, 0x0000000085e68160, 0x0000000085f00000| 40%| O|  |TAMS 0x0000000085e00000| PB 0x0000000085e00000| Untracked 
|  27|0x0000000085f00000, 0x0000000085f00000, 0x0000000086000000|  0%| F|  |TAMS 0x0000000085f00000| PB 0x0000000085f00000| Untracked 
|  28|0x0000000086000000, 0x0000000086000000, 0x0000000086100000|  0%| F|  |TAMS 0x0000000086000000| PB 0x0000000086000000| Untracked 
|  29|0x0000000086100000, 0x0000000086100000, 0x0000000086200000|  0%| F|  |TAMS 0x0000000086100000| PB 0x0000000086100000| Untracked 
|  30|0x0000000086200000, 0x0000000086200000, 0x0000000086300000|  0%| F|  |TAMS 0x0000000086200000| PB 0x0000000086200000| Untracked 
|  31|0x0000000086300000, 0x0000000086300000, 0x0000000086400000|  0%| F|  |TAMS 0x0000000086300000| PB 0x0000000086300000| Untracked 
|  32|0x0000000086400000, 0x0000000086400000, 0x0000000086500000|  0%| F|  |TAMS 0x0000000086400000| PB 0x0000000086400000| Untracked 
|  33|0x0000000086500000, 0x0000000086500000, 0x0000000086600000|  0%| F|  |TAMS 0x0000000086500000| PB 0x0000000086500000| Untracked 
|  34|0x0000000086600000, 0x0000000086600000, 0x0000000086700000|  0%| F|  |TAMS 0x0000000086600000| PB 0x0000000086600000| Untracked 
|  35|0x0000000086700000, 0x0000000086700000, 0x0000000086800000|  0%| F|  |TAMS 0x0000000086700000| PB 0x0000000086700000| Untracked 
|  36|0x0000000086800000, 0x0000000086800000, 0x0000000086900000|  0%| F|  |TAMS 0x0000000086800000| PB 0x0000000086800000| Untracked 
|  37|0x0000000086900000, 0x0000000086900000, 0x0000000086a00000|  0%| F|  |TAMS 0x0000000086900000| PB 0x0000000086900000| Untracked 
|  38|0x0000000086a00000, 0x0000000086a00000, 0x0000000086b00000|  0%| F|  |TAMS 0x0000000086a00000| PB 0x0000000086a00000| Untracked 
|  39|0x0000000086b00000, 0x0000000086b00000, 0x0000000086c00000|  0%| F|  |TAMS 0x0000000086b00000| PB 0x0000000086b00000| Untracked 
|  40|0x0000000086c00000, 0x0000000086c00000, 0x0000000086d00000|  0%| F|  |TAMS 0x0000000086c00000| PB 0x0000000086c00000| Untracked 
|  41|0x0000000086d00000, 0x0000000086d00000, 0x0000000086e00000|  0%| F|  |TAMS 0x0000000086d00000| PB 0x0000000086d00000| Untracked 
|  42|0x0000000086e00000, 0x0000000086e00000, 0x0000000086f00000|  0%| F|  |TAMS 0x0000000086e00000| PB 0x0000000086e00000| Untracked 
|  43|0x0000000086f00000, 0x0000000086f00000, 0x0000000087000000|  0%| F|  |TAMS 0x0000000086f00000| PB 0x0000000086f00000| Untracked 
|  44|0x0000000087000000, 0x0000000087000000, 0x0000000087100000|  0%| F|  |TAMS 0x0000000087000000| PB 0x0000000087000000| Untracked 
|  45|0x0000000087100000, 0x0000000087100000, 0x0000000087200000|  0%| F|  |TAMS 0x0000000087100000| PB 0x0000000087100000| Untracked 
|  46|0x0000000087200000, 0x0000000087200000, 0x0000000087300000|  0%| F|  |TAMS 0x0000000087200000| PB 0x0000000087200000| Untracked 
|  47|0x0000000087300000, 0x0000000087300000, 0x0000000087400000|  0%| F|  |TAMS 0x0000000087300000| PB 0x0000000087300000| Untracked 
|  48|0x0000000087400000, 0x0000000087400000, 0x0000000087500000|  0%| F|  |TAMS 0x0000000087400000| PB 0x0000000087400000| Untracked 
|  49|0x0000000087500000, 0x0000000087500000, 0x0000000087600000|  0%| F|  |TAMS 0x0000000087500000| PB 0x0000000087500000| Untracked 
|  50|0x0000000087600000, 0x0000000087600000, 0x0000000087700000|  0%| F|  |TAMS 0x0000000087600000| PB 0x0000000087600000| Untracked 
|  51|0x0000000087700000, 0x0000000087800000, 0x0000000087800000|100%| E|  |TAMS 0x0000000087700000| PB 0x0000000087700000| Complete 
|  52|0x0000000087800000, 0x0000000087900000, 0x0000000087900000|100%| E|CS|TAMS 0x0000000087800000| PB 0x0000000087800000| Complete 
|  53|0x0000000087900000, 0x0000000087a00000, 0x0000000087a00000|100%| E|  |TAMS 0x0000000087900000| PB 0x0000000087900000| Complete 
|  54|0x0000000087a00000, 0x0000000087b00000, 0x0000000087b00000|100%| E|CS|TAMS 0x0000000087a00000| PB 0x0000000087a00000| Complete 
|  55|0x0000000087b00000, 0x0000000087c00000, 0x0000000087c00000|100%| E|CS|TAMS 0x0000000087b00000| PB 0x0000000087b00000| Complete 
|  56|0x0000000087c00000, 0x0000000087d00000, 0x0000000087d00000|100%| E|CS|TAMS 0x0000000087c00000| PB 0x0000000087c00000| Complete 
|  57|0x0000000087d00000, 0x0000000087e00000, 0x0000000087e00000|100%| E|CS|TAMS 0x0000000087d00000| PB 0x0000000087d00000| Complete 
|  58|0x0000000087e00000, 0x0000000087f00000, 0x0000000087f00000|100%| E|CS|TAMS 0x0000000087e00000| PB 0x0000000087e00000| Complete 
|  59|0x0000000087f00000, 0x0000000088000000, 0x0000000088000000|100%| E|CS|TAMS 0x0000000087f00000| PB 0x0000000087f00000| Complete 
|  60|0x0000000088000000, 0x0000000088100000, 0x0000000088100000|100%| E|CS|TAMS 0x0000000088000000| PB 0x0000000088000000| Complete 
|  61|0x0000000088100000, 0x0000000088200000, 0x0000000088200000|100%| E|CS|TAMS 0x0000000088100000| PB 0x0000000088100000| Complete 
|  62|0x0000000088200000, 0x0000000088300000, 0x0000000088300000|100%| E|CS|TAMS 0x0000000088200000| PB 0x0000000088200000| Complete 
|  63|0x0000000088300000, 0x0000000088400000, 0x0000000088400000|100%| E|CS|TAMS 0x0000000088300000| PB 0x0000000088300000| Complete 
|  64|0x0000000088400000, 0x0000000088500000, 0x0000000088500000|100%| E|CS|TAMS 0x0000000088400000| PB 0x0000000088400000| Complete 
|  65|0x0000000088500000, 0x0000000088600000, 0x0000000088600000|100%| E|CS|TAMS 0x0000000088500000| PB 0x0000000088500000| Complete 
|  66|0x0000000088600000, 0x0000000088700000, 0x0000000088700000|100%| E|CS|TAMS 0x0000000088600000| PB 0x0000000088600000| Complete 
|  67|0x0000000088700000, 0x0000000088800000, 0x0000000088800000|100%| E|CS|TAMS 0x0000000088700000| PB 0x0000000088700000| Complete 
|  68|0x0000000088800000, 0x0000000088900000, 0x0000000088900000|100%| E|CS|TAMS 0x0000000088800000| PB 0x0000000088800000| Complete 
|  69|0x0000000088900000, 0x0000000088a00000, 0x0000000088a00000|100%| E|CS|TAMS 0x0000000088900000| PB 0x0000000088900000| Complete 
|  70|0x0000000088a00000, 0x0000000088b00000, 0x0000000088b00000|100%| E|CS|TAMS 0x0000000088a00000| PB 0x0000000088a00000| Complete 
|  71|0x0000000088b00000, 0x0000000088c00000, 0x0000000088c00000|100%| E|CS|TAMS 0x0000000088b00000| PB 0x0000000088b00000| Complete 
|  72|0x0000000088c00000, 0x0000000088d00000, 0x0000000088d00000|100%| E|CS|TAMS 0x0000000088c00000| PB 0x0000000088c00000| Complete 
|  73|0x0000000088d00000, 0x0000000088e00000, 0x0000000088e00000|100%| E|CS|TAMS 0x0000000088d00000| PB 0x0000000088d00000| Complete 
|  74|0x0000000088e00000, 0x0000000088f00000, 0x0000000088f00000|100%| E|CS|TAMS 0x0000000088e00000| PB 0x0000000088e00000| Complete 
|  75|0x0000000088f00000, 0x0000000089000000, 0x0000000089000000|100%| E|CS|TAMS 0x0000000088f00000| PB 0x0000000088f00000| Complete 
|  76|0x0000000089000000, 0x0000000089100000, 0x0000000089100000|100%| E|CS|TAMS 0x0000000089000000| PB 0x0000000089000000| Complete 
|  77|0x0000000089100000, 0x0000000089200000, 0x0000000089200000|100%| E|CS|TAMS 0x0000000089100000| PB 0x0000000089100000| Complete 
|  78|0x0000000089200000, 0x0000000089300000, 0x0000000089300000|100%| E|CS|TAMS 0x0000000089200000| PB 0x0000000089200000| Complete 
|  79|0x0000000089300000, 0x0000000089400000, 0x0000000089400000|100%| E|CS|TAMS 0x0000000089300000| PB 0x0000000089300000| Complete 
|  80|0x0000000089400000, 0x0000000089500000, 0x0000000089500000|100%| E|CS|TAMS 0x0000000089400000| PB 0x0000000089400000| Complete 
|  81|0x0000000089500000, 0x0000000089600000, 0x0000000089600000|100%| E|CS|TAMS 0x0000000089500000| PB 0x0000000089500000| Complete 
|  82|0x0000000089600000, 0x0000000089700000, 0x0000000089700000|100%| E|CS|TAMS 0x0000000089600000| PB 0x0000000089600000| Complete 
| 115|0x000000008b700000, 0x000000008b800000, 0x000000008b800000|100%| E|CS|TAMS 0x000000008b700000| PB 0x000000008b700000| Complete 

Card table byte_map: [0x0000013f3ead0000,0x0000013f3eeb0000] _byte_map_base: 0x0000013f3e6ae000

Marking Bits: (CMBitMap*) 0x0000013f32f7d180
 Bits: [0x0000013f3eeb0000, 0x0000013f40da0000)

Polling page: 0x0000013f326e0000

Metaspace:

Usage:
  Non-class:     43.35 MB used.
      Class:      6.38 MB used.
       Both:     49.73 MB used.

Virtual space:
  Non-class space:       64.00 MB reserved,      44.19 MB ( 69%) committed,  1 nodes.
      Class space:        1.00 GB reserved,       7.00 MB ( <1%) committed,  1 nodes.
             Both:        1.06 GB reserved,      51.19 MB (  5%) committed. 

Chunk freelists:
   Non-Class:  4.26 MB
       Class:  9.37 MB
        Both:  13.63 MB

MaxMetaspaceSize: unlimited
CompressedClassSpaceSize: 1.00 GB
Initial GC threshold: 21.00 MB
Current GC threshold: 85.31 MB
CDS: on
 - commit_granule_bytes: 65536.
 - commit_granule_words: 8192.
 - virtual_space_node_default_size: 8388608.
 - enlarge_chunks_in_place: 1.
 - use_allocation_guard: 0.


Internal statistics:

num_allocs_failed_limit: 6.
num_arena_births: 2066.
num_arena_deaths: 1280.
num_vsnodes_births: 2.
num_vsnodes_deaths: 0.
num_space_committed: 819.
num_space_uncommitted: 0.
num_chunks_returned_to_freelist: 1567.
num_chunks_taken_from_freelist: 4323.
num_chunk_merges: 437.
num_chunk_splits: 2560.
num_chunks_enlarged: 1677.
num_inconsistent_stats: 0.

CodeCache: size=49152Kb used=12489Kb max_used=14852Kb free=36662Kb
 bounds [0x0000013f3b5e0000, 0x0000013f3c4f0000, 0x0000013f3e5e0000]
 total_blobs=6034 nmethods=5139 adapters=817
 compilation: enabled
              stopped_count=0, restarted_count=0
 full_count=0

Compilation events (20 events):
Event: 1979.361 Thread 0x0000013f43850d80 8363       1       java.io.ObjectInputStream$PeekInputStream::readFully (48 bytes)
Event: 1979.361 Thread 0x0000013f43850d80 nmethod 8363 0x0000013f3bcb4190 code [0x0000013f3bcb4340, 0x0000013f3bcb4538]
Event: 1979.361 Thread 0x0000013f43850d80 8361       1       java.io.ObjectStreamClass::requireInitialized (19 bytes)
Event: 1979.361 Thread 0x0000013f43850d80 nmethod 8361 0x0000013f3bed9e90 code [0x0000013f3beda040, 0x0000013f3beda1b8]
Event: 1979.361 Thread 0x0000013f43850d80 8362       1       java.io.ObjectStreamField::getSignature (39 bytes)
Event: 1979.361 Thread 0x0000013f43850d80 nmethod 8362 0x0000013f3c086890 code [0x0000013f3c086a60, 0x0000013f3c086c28]
Event: 1979.362 Thread 0x0000013f43850d80 8368       1       java.lang.invoke.VarHandleGuards::guard_LII_V (135 bytes)
Event: 1979.364 Thread 0x0000013f43850d80 nmethod 8368 0x0000013f3baf3310 code [0x0000013f3baf3640, 0x0000013f3baf45a8]
Event: 1979.364 Thread 0x0000013f43850d80 8365       1       java.io.ObjectOutputStream$BlockDataOutputStream::setBlockDataMode (35 bytes)
Event: 1979.365 Thread 0x0000013f43850d80 nmethod 8365 0x0000013f3bf73590 code [0x0000013f3bf73740, 0x0000013f3bf73890]
Event: 1979.365 Thread 0x0000013f43850d80 8366       1       jdk.internal.util.ByteArray::setShort (10 bytes)
Event: 1979.365 Thread 0x0000013f43850d80 nmethod 8366 0x0000013f3c143390 code [0x0000013f3c143520, 0x0000013f3c143650]
Event: 1979.365 Thread 0x0000013f43850d80 8367       1       java.io.ObjectOutputStream$BlockDataOutputStream::writeShort (47 bytes)
Event: 1979.366 Thread 0x0000013f43850d80 nmethod 8367 0x0000013f3c41a390 code [0x0000013f3c41a540, 0x0000013f3c41a7f0]
Event: 1984.352 Thread 0x0000013f43850d80 8369   !   1       org.apache.catalina.core.StandardContext::getManager (38 bytes)
Event: 1984.352 Thread 0x0000013f43850d80 nmethod 8369 0x0000013f3c419b90 code [0x0000013f3c419d80, 0x0000013f3c41a0b8]
Event: 2039.563 Thread 0x0000013f43850d80 8370       1       sun.nio.ch.NativeThread::current (15 bytes)
Event: 2039.564 Thread 0x0000013f43850d80 nmethod 8370 0x0000013f3bf7fb90 code [0x0000013f3bf7fd20, 0x0000013f3bf7fe60]
Event: 2039.564 Thread 0x0000013f43850d80 8371       1       java.lang.Long::reverseBytes (46 bytes)
Event: 2039.564 Thread 0x0000013f43850d80 nmethod 8371 0x0000013f3bf80290 code [0x0000013f3bf80420, 0x0000013f3bf80530]

GC Heap History (20 events):
Event: 1402.728 GC heap before
{Heap before GC invocations=33 (full 4):
 garbage-first heap   total 86016K, used 68828K [0x0000000084400000, 0x0000000100000000)
  region size 1024K, 45 young (46080K), 0 survivors (0K)
 Metaspace       used 50903K, committed 52416K, reserved 1114112K
  class space    used 6542K, committed 7168K, reserved 1048576K
}
Event: 1402.731 GC heap after
{Heap after GC invocations=34 (full 4):
 garbage-first heap   total 86016K, used 28426K [0x0000000084400000, 0x0000000100000000)
  region size 1024K, 5 young (5120K), 5 survivors (5120K)
 Metaspace       used 50903K, committed 52416K, reserved 1114112K
  class space    used 6542K, committed 7168K, reserved 1048576K
}
Event: 1406.254 GC heap before
{Heap before GC invocations=35 (full 4):
 garbage-first heap   total 86016K, used 31498K [0x0000000084400000, 0x0000000100000000)
  region size 1024K, 9 young (9216K), 5 survivors (5120K)
 Metaspace       used 50778K, committed 52416K, reserved 1114112K
  class space    used 6510K, committed 7168K, reserved 1048576K
}
Event: 1406.278 GC heap after
{Heap after GC invocations=36 (full 5):
 garbage-first heap   total 86016K, used 23682K [0x0000000084400000, 0x0000000100000000)
  region size 1024K, 0 young (0K), 0 survivors (0K)
 Metaspace       used 50776K, committed 52416K, reserved 1114112K
  class space    used 6509K, committed 7168K, reserved 1048576K
}
Event: 1406.579 GC heap before
{Heap before GC invocations=36 (full 5):
 garbage-first heap   total 86016K, used 68738K [0x0000000084400000, 0x0000000100000000)
  region size 1024K, 45 young (46080K), 0 survivors (0K)
 Metaspace       used 50810K, committed 52416K, reserved 1114112K
  class space    used 6514K, committed 7168K, reserved 1048576K
}
Event: 1406.582 GC heap after
{Heap after GC invocations=37 (full 5):
 garbage-first heap   total 86016K, used 28430K [0x0000000084400000, 0x0000000100000000)
  region size 1024K, 5 young (5120K), 5 survivors (5120K)
 Metaspace       used 50810K, committed 52416K, reserved 1114112K
  class space    used 6514K, committed 7168K, reserved 1048576K
}
Event: 1433.637 GC heap before
{Heap before GC invocations=38 (full 5):
 garbage-first heap   total 86016K, used 32526K [0x0000000084400000, 0x0000000100000000)
  region size 1024K, 10 young (10240K), 5 survivors (5120K)
 Metaspace       used 50813K, committed 52416K, reserved 1114112K
  class space    used 6515K, committed 7168K, reserved 1048576K
}
Event: 1433.661 GC heap after
{Heap after GC invocations=39 (full 6):
 garbage-first heap   total 86016K, used 23716K [0x0000000084400000, 0x0000000100000000)
  region size 1024K, 0 young (0K), 0 survivors (0K)
 Metaspace       used 50810K, committed 52416K, reserved 1114112K
  class space    used 6514K, committed 7168K, reserved 1048576K
}
Event: 1433.961 GC heap before
{Heap before GC invocations=39 (full 6):
 garbage-first heap   total 86016K, used 68772K [0x0000000084400000, 0x0000000100000000)
  region size 1024K, 45 young (46080K), 0 survivors (0K)
 Metaspace       used 50835K, committed 52416K, reserved 1114112K
  class space    used 6517K, committed 7168K, reserved 1048576K
}
Event: 1433.964 GC heap after
{Heap after GC invocations=40 (full 6):
 garbage-first heap   total 86016K, used 28279K [0x0000000084400000, 0x0000000100000000)
  region size 1024K, 5 young (5120K), 5 survivors (5120K)
 Metaspace       used 50835K, committed 52416K, reserved 1114112K
  class space    used 6517K, committed 7168K, reserved 1048576K
}
Event: 1482.513 GC heap before
{Heap before GC invocations=41 (full 6):
 garbage-first heap   total 86016K, used 34423K [0x0000000084400000, 0x0000000100000000)
  region size 1024K, 12 young (12288K), 5 survivors (5120K)
 Metaspace       used 50842K, committed 52416K, reserved 1114112K
  class space    used 6519K, committed 7168K, reserved 1048576K
}
Event: 1482.537 GC heap after
{Heap after GC invocations=42 (full 7):
 garbage-first heap   total 86016K, used 23764K [0x0000000084400000, 0x0000000100000000)
  region size 1024K, 0 young (0K), 0 survivors (0K)
 Metaspace       used 50839K, committed 52416K, reserved 1114112K
  class space    used 6518K, committed 7168K, reserved 1048576K
}
Event: 1482.832 GC heap before
{Heap before GC invocations=42 (full 7):
 garbage-first heap   total 86016K, used 69844K [0x0000000084400000, 0x0000000100000000)
  region size 1024K, 46 young (47104K), 0 survivors (0K)
 Metaspace       used 50863K, committed 52416K, reserved 1114112K
  class space    used 6521K, committed 7168K, reserved 1048576K
}
Event: 1482.835 GC heap after
{Heap after GC invocations=43 (full 7):
 garbage-first heap   total 86016K, used 28138K [0x0000000084400000, 0x0000000100000000)
  region size 1024K, 5 young (5120K), 5 survivors (5120K)
 Metaspace       used 50863K, committed 52416K, reserved 1114112K
  class space    used 6521K, committed 7168K, reserved 1048576K
}
Event: 1561.104 GC heap before
{Heap before GC invocations=44 (full 7):
 garbage-first heap   total 86016K, used 34282K [0x0000000084400000, 0x0000000100000000)
  region size 1024K, 12 young (12288K), 5 survivors (5120K)
 Metaspace       used 50866K, committed 52416K, reserved 1114112K
  class space    used 6522K, committed 7168K, reserved 1048576K
}
Event: 1561.127 GC heap after
{Heap after GC invocations=45 (full 8):
 garbage-first heap   total 86016K, used 23766K [0x0000000084400000, 0x0000000100000000)
  region size 1024K, 0 young (0K), 0 survivors (0K)
 Metaspace       used 50863K, committed 52416K, reserved 1114112K
  class space    used 6521K, committed 7168K, reserved 1048576K
}
Event: 1561.419 GC heap before
{Heap before GC invocations=45 (full 8):
 garbage-first heap   total 86016K, used 68822K [0x0000000084400000, 0x0000000100000000)
  region size 1024K, 45 young (46080K), 0 survivors (0K)
 Metaspace       used 50888K, committed 52416K, reserved 1114112K
  class space    used 6524K, committed 7168K, reserved 1048576K
}
Event: 1561.422 GC heap after
{Heap after GC invocations=46 (full 8):
 garbage-first heap   total 86016K, used 28391K [0x0000000084400000, 0x0000000100000000)
  region size 1024K, 5 young (5120K), 5 survivors (5120K)
 Metaspace       used 50888K, committed 52416K, reserved 1114112K
  class space    used 6524K, committed 7168K, reserved 1048576K
}
Event: 1954.090 GC heap before
{Heap before GC invocations=47 (full 8):
 garbage-first heap   total 86016K, used 49895K [0x0000000084400000, 0x0000000100000000)
  region size 1024K, 27 young (27648K), 5 survivors (5120K)
 Metaspace       used 50901K, committed 52416K, reserved 1114112K
  class space    used 6526K, committed 7168K, reserved 1048576K
}
Event: 1954.113 GC heap after
{Heap after GC invocations=48 (full 9):
 garbage-first heap   total 86016K, used 23755K [0x0000000084400000, 0x0000000100000000)
  region size 1024K, 0 young (0K), 0 survivors (0K)
 Metaspace       used 50898K, committed 52416K, reserved 1114112K
  class space    used 6525K, committed 7168K, reserved 1048576K
}

Dll operation events (12 events):
Event: 0.015 Loaded shared library C:\pleiades\2023-09\java\21\bin\java.dll
Event: 0.222 Loaded shared library C:\pleiades\2023-09\java\21\bin\zip.dll
Event: 0.226 Loaded shared library C:\pleiades\2023-09\java\21\bin\instrument.dll
Event: 0.230 Loaded shared library C:\pleiades\2023-09\java\21\bin\net.dll
Event: 0.231 Loaded shared library C:\pleiades\2023-09\java\21\bin\nio.dll
Event: 0.234 Loaded shared library C:\pleiades\2023-09\java\21\bin\zip.dll
Event: 0.331 Loaded shared library C:\pleiades\2023-09\java\21\bin\jimage.dll
Event: 0.371 Loaded shared library C:\pleiades\2023-09\java\21\bin\management.dll
Event: 0.377 Loaded shared library C:\pleiades\2023-09\java\21\bin\management_ext.dll
Event: 0.533 Loaded shared library C:\pleiades\2023-09\java\21\bin\verify.dll
Event: 0.636 Loaded shared library C:\pleiades\2023-09\java\21\bin\extnet.dll
Event: 1.373 Loaded shared library C:\pleiades\2023-09\java\21\bin\sunmscapi.dll

Deoptimization events (20 events):
Event: 1954.322 Thread 0x0000013f8b85c060 DEOPT PACKING pc=0x0000013f3bdfb034 sp=0x0000002aac4fcda0
Event: 1954.322 Thread 0x0000013f8b85c060 DEOPT UNPACKING pc=0x0000013f3b6388e2 sp=0x0000002aac4fc300 mode 1
Event: 1954.322 Thread 0x0000013f8b85c060 DEOPT PACKING pc=0x0000013f3c15726c sp=0x0000002aac4fcec0
Event: 1954.322 Thread 0x0000013f8b85c060 DEOPT UNPACKING pc=0x0000013f3b6388e2 sp=0x0000002aac4fc390 mode 1
Event: 1954.322 Thread 0x0000013f8b85c060 DEOPT PACKING pc=0x0000013f3bdfb034 sp=0x0000002aac4fcd90
Event: 1954.322 Thread 0x0000013f8b85c060 DEOPT UNPACKING pc=0x0000013f3b6388e2 sp=0x0000002aac4fc308 mode 1
Event: 1954.327 Thread 0x0000013f8b85c060 DEOPT PACKING pc=0x0000013f3be6a9e4 sp=0x0000002aac4f9ac0
Event: 1954.327 Thread 0x0000013f8b85c060 DEOPT UNPACKING pc=0x0000013f3b6388e2 sp=0x0000002aac4f8fe8 mode 1
Event: 1954.327 Thread 0x0000013f8b85c060 DEOPT PACKING pc=0x0000013f3be6c884 sp=0x0000002aac4f9ba0
Event: 1954.327 Thread 0x0000013f8b85c060 DEOPT UNPACKING pc=0x0000013f3b6388e2 sp=0x0000002aac4f9150 mode 1
Event: 1954.327 Thread 0x0000013f8b85c060 DEOPT PACKING pc=0x0000013f3be6edbc sp=0x0000002aac4f9d10
Event: 1954.327 Thread 0x0000013f8b85c060 DEOPT UNPACKING pc=0x0000013f3b6388e2 sp=0x0000002aac4f92d0 mode 1
Event: 1954.327 Thread 0x0000013f8b85c060 DEOPT PACKING pc=0x0000013f3be6a9e4 sp=0x0000002aac4f9ac0
Event: 1954.327 Thread 0x0000013f8b85c060 DEOPT UNPACKING pc=0x0000013f3b6388e2 sp=0x0000002aac4f8fe8 mode 1
Event: 1954.328 Thread 0x0000013f8b85c060 DEOPT PACKING pc=0x0000013f3be6c884 sp=0x0000002aac4f9ba0
Event: 1954.328 Thread 0x0000013f8b85c060 DEOPT UNPACKING pc=0x0000013f3b6388e2 sp=0x0000002aac4f9150 mode 1
Event: 1954.328 Thread 0x0000013f8b85c060 DEOPT PACKING pc=0x0000013f3be6edbc sp=0x0000002aac4f9d10
Event: 1954.328 Thread 0x0000013f8b85c060 DEOPT UNPACKING pc=0x0000013f3b6388e2 sp=0x0000002aac4f92d0 mode 1
Event: 2065.983 Thread 0x0000013f8b85c060 DEOPT PACKING pc=0x0000013f3ba42bb4 sp=0x0000002aac4fdd20
Event: 2065.983 Thread 0x0000013f8b85c060 DEOPT UNPACKING pc=0x0000013f3b6388e2 sp=0x0000002aac4fd1d8 mode 0

Classes loaded (20 events):
Event: 1245.135 Loading class sun/net/spi/DefaultProxySelector$3
Event: 1245.135 Loading class sun/net/spi/DefaultProxySelector$3 done
Event: 1245.137 Loading class java/util/concurrent/locks/AbstractQueuedSynchronizer$SharedNode
Event: 1245.138 Loading class java/util/concurrent/locks/AbstractQueuedSynchronizer$SharedNode done
Event: 1245.213 Loading class java/lang/ref/Finalizer$2
Event: 1245.214 Loading class java/lang/ref/Finalizer$2 done
Event: 1245.214 Loading class java/lang/ref/Finalizer$1
Event: 1245.214 Loading class java/lang/ref/Finalizer$1 done
Event: 1245.248 Loading class java/lang/ObjectBeanInfo
Event: 1245.248 Loading class java/lang/ObjectBeanInfo done
Event: 1245.248 Loading class java/lang/ObjectBeanInfo
Event: 1245.248 Loading class java/lang/ObjectBeanInfo done
Event: 1245.248 Loading class java/lang/ObjectCustomizer
Event: 1245.248 Loading class java/lang/ObjectCustomizer done
Event: 1245.248 Loading class java/lang/ObjectCustomizer
Event: 1245.248 Loading class java/lang/ObjectCustomizer done
Event: 1247.550 Loading class java/time/DurationEditor
Event: 1247.550 Loading class java/time/DurationEditor done
Event: 1954.328 Loading class java/lang/invoke/WrongMethodTypeException
Event: 1954.329 Loading class java/lang/invoke/WrongMethodTypeException done

Classes unloaded (20 events):
Event: 1402.750 Thread 0x0000013f43821d20 Unloading class 0x0000013f4500a400 'java/lang/invoke/LambdaForm$MH+0x0000013f4500a400'
Event: 1402.750 Thread 0x0000013f43821d20 Unloading class 0x0000013f45009000 'java/lang/invoke/LambdaForm$MH+0x0000013f45009000'
Event: 1402.750 Thread 0x0000013f43821d20 Unloading class 0x0000013f45008000 'java/lang/invoke/LambdaForm$MH+0x0000013f45008000'
Event: 1402.750 Thread 0x0000013f43821d20 Unloading class 0x0000013f45007400 'java/lang/invoke/LambdaForm$MH+0x0000013f45007400'
Event: 1402.750 Thread 0x0000013f43821d20 Unloading class 0x0000013f45690800 'java/lang/invoke/LambdaForm$MH+0x0000013f45690800'
Event: 1402.750 Thread 0x0000013f43821d20 Unloading class 0x0000013f456a1c00 'java/lang/invoke/LambdaForm$MH+0x0000013f456a1c00'
Event: 1402.750 Thread 0x0000013f43821d20 Unloading class 0x0000013f456a4000 'java/lang/invoke/LambdaForm$MH+0x0000013f456a4000'
Event: 1402.750 Thread 0x0000013f43821d20 Unloading class 0x0000013f456bd400 'java/lang/invoke/LambdaForm$MH+0x0000013f456bd400'
Event: 1402.750 Thread 0x0000013f43821d20 Unloading class 0x0000013f456be000 'java/lang/invoke/LambdaForm$MH+0x0000013f456be000'
Event: 1402.750 Thread 0x0000013f43821d20 Unloading class 0x0000013f456bf400 'java/lang/invoke/LambdaForm$BMH+0x0000013f456bf400'
Event: 1402.750 Thread 0x0000013f43821d20 Unloading class 0x0000013f456c3000 'java/lang/invoke/LambdaForm$MH+0x0000013f456c3000'
Event: 1402.750 Thread 0x0000013f43821d20 Unloading class 0x0000013f456e6400 'java/lang/invoke/LambdaForm$MH+0x0000013f456e6400'
Event: 1402.750 Thread 0x0000013f43821d20 Unloading class 0x0000013f456e7000 'java/lang/invoke/LambdaForm$MH+0x0000013f456e7000'
Event: 1406.262 Thread 0x0000013f43821d20 Unloading class 0x0000013f456ea800 'org/apache/catalina/loader/JdbcLeakPrevention'
Event: 1433.645 Thread 0x0000013f43821d20 Unloading class 0x0000013f455a0800 'org/apache/catalina/loader/JdbcLeakPrevention'
Event: 1482.522 Thread 0x0000013f43821d20 Unloading class 0x0000013f45530000 'org/apache/catalina/loader/JdbcLeakPrevention'
Event: 1561.112 Thread 0x0000013f43821d20 Unloading class 0x0000013f453e0800 'org/apache/catalina/loader/JdbcLeakPrevention'
Event: 1561.441 Thread 0x0000013f43821d20 Unloading class 0x0000013f455b1400 'jdk/internal/reflect/GeneratedSerializationConstructorAccessor19'
Event: 1561.441 Thread 0x0000013f43821d20 Unloading class 0x0000013f456a3000 'java/lang/invoke/LambdaForm$MH+0x0000013f456a3000'
Event: 1954.098 Thread 0x0000013f43821d20 Unloading class 0x0000013f453d8800 'org/apache/catalina/loader/JdbcLeakPrevention'

Classes redefined (1 events):
Event: 2066.002 Thread 0x0000013f43821d20 redefined class name=katachi.spring.portfolio.controller.LogoutController, count=1

Internal exceptions (20 events):
Event: 1561.286 Thread 0x0000013f8b1887d0 Exception <a 'java/lang/NoClassDefFoundError'{0x0000000088269600}: liquibase/integration/spring/SpringLiquibase> (0x0000000088269600) 
thrown [s\src\hotspot\share\oops\constantPool.cpp, line 871]
Event: 1561.290 Thread 0x0000013f8b1887d0 Exception <a 'java/lang/NoClassDefFoundError'{0x00000000882bbd78}: org/jooq/DSLContext> (0x00000000882bbd78) 
thrown [s\src\hotspot\share\oops\constantPool.cpp, line 871]
Event: 1561.292 Thread 0x0000013f8b1887d0 Exception <a 'java/lang/NoClassDefFoundError'{0x00000000882bd648}: jakarta/persistence/EntityManagerFactory> (0x00000000882bd648) 
thrown [s\src\hotspot\share\oops\constantPool.cpp, line 871]
Event: 1561.293 Thread 0x0000013f8b1887d0 Exception <a 'java/lang/NoClassDefFoundError'{0x00000000882bdcb8}: org/springframework/batch/core/repository/JobRepository> (0x00000000882bdcb8) 
thrown [s\src\hotspot\share\oops\constantPool.cpp, line 871]
Event: 1561.294 Thread 0x0000013f8b1887d0 Exception <a 'java/lang/NoClassDefFoundError'{0x00000000882be310}: org/quartz/Scheduler> (0x00000000882be310) 
thrown [s\src\hotspot\share\oops\constantPool.cpp, line 871]
Event: 1561.295 Thread 0x0000013f8b1887d0 Exception <a 'java/lang/NoClassDefFoundError'{0x00000000882be990}: org/springframework/session/jdbc/JdbcIndexedSessionRepository> (0x00000000882be990) 
thrown [s\src\hotspot\share\oops\constantPool.cpp, line 871]
Event: 1561.325 Thread 0x0000013f8b1887d0 Exception <a 'java/io/FileNotFoundException'{0x0000000087c408d0}> (0x0000000087c408d0) 
thrown [s\src\hotspot\share\prims\jni.cpp, line 520]
Event: 1561.342 Thread 0x0000013f8b1887d0 Exception <a 'java/io/FileNotFoundException'{0x00000000878b16b0}> (0x00000000878b16b0) 
thrown [s\src\hotspot\share\prims\jni.cpp, line 520]
Event: 1679.362 Thread 0x0000013f8b18c970 Exception <a 'java/lang/NoSuchMethodError'{0x0000000088f7e0a8}: static [B.<clinit>()V> (0x0000000088f7e0a8) 
thrown [s\src\hotspot\share\prims\jni.cpp, line 1106]
Event: 1954.090 Thread 0x0000013f8b186070 Exception <a 'java/lang/InterruptedException'{0x0000000088200040}: sleep interrupted> (0x0000000088200040) 
thrown [s\src\hotspot\share\prims\jvm.cpp, line 3075]
Event: 1954.122 Thread 0x0000013f8b85c060 Exception <a 'sun/nio/fs/WindowsException'{0x000000008b780848}> (0x000000008b780848) 
thrown [s\src\hotspot\share\prims\jni.cpp, line 520]
Event: 1954.271 Thread 0x0000013f8b85c060 Exception <a 'java/lang/NoClassDefFoundError'{0x000000008825ba70}: org/flywaydb/core/Flyway> (0x000000008825ba70) 
thrown [s\src\hotspot\share\oops\constantPool.cpp, line 871]
Event: 1954.272 Thread 0x0000013f8b85c060 Exception <a 'java/lang/NoClassDefFoundError'{0x000000008825c0d0}: liquibase/integration/spring/SpringLiquibase> (0x000000008825c0d0) 
thrown [s\src\hotspot\share\oops\constantPool.cpp, line 871]
Event: 1954.275 Thread 0x0000013f8b85c060 Exception <a 'java/lang/NoClassDefFoundError'{0x00000000882af168}: org/jooq/DSLContext> (0x00000000882af168) 
thrown [s\src\hotspot\share\oops\constantPool.cpp, line 871]
Event: 1954.276 Thread 0x0000013f8b85c060 Exception <a 'java/lang/NoClassDefFoundError'{0x00000000882b0a38}: jakarta/persistence/EntityManagerFactory> (0x00000000882b0a38) 
thrown [s\src\hotspot\share\oops\constantPool.cpp, line 871]
Event: 1954.277 Thread 0x0000013f8b85c060 Exception <a 'java/lang/NoClassDefFoundError'{0x00000000882b10a8}: org/springframework/batch/core/repository/JobRepository> (0x00000000882b10a8) 
thrown [s\src\hotspot\share\oops\constantPool.cpp, line 871]
Event: 1954.278 Thread 0x0000013f8b85c060 Exception <a 'java/lang/NoClassDefFoundError'{0x00000000882b1700}: org/quartz/Scheduler> (0x00000000882b1700) 
thrown [s\src\hotspot\share\oops\constantPool.cpp, line 871]
Event: 1954.278 Thread 0x0000013f8b85c060 Exception <a 'java/lang/NoClassDefFoundError'{0x00000000882b1d80}: org/springframework/session/jdbc/JdbcIndexedSessionRepository> (0x00000000882b1d80) 
thrown [s\src\hotspot\share\oops\constantPool.cpp, line 871]
Event: 1954.308 Thread 0x0000013f8b85c060 Exception <a 'java/io/FileNotFoundException'{0x0000000087c34598}> (0x0000000087c34598) 
thrown [s\src\hotspot\share\prims\jni.cpp, line 520]
Event: 1954.326 Thread 0x0000013f8b85c060 Exception <a 'java/io/FileNotFoundException'{0x00000000878a2aa0}> (0x00000000878a2aa0) 
thrown [s\src\hotspot\share\prims\jni.cpp, line 520]

ZGC Phase Switch (0 events):
No events

VM Operations (20 events):
Event: 1956.072 Executing VM operation: get/set locals
Event: 1956.072 Executing VM operation: get/set locals done
Event: 1956.072 Executing VM operation: get/set locals
Event: 1956.072 Executing VM operation: get/set locals done
Event: 1956.073 Executing VM operation: get/set locals
Event: 1956.073 Executing VM operation: get/set locals done
Event: 1956.074 Executing VM operation: get/set locals
Event: 1956.074 Executing VM operation: get/set locals done
Event: 1984.509 Executing VM operation: HandshakeAllThreads (HandshakeForDeflation)
Event: 1984.509 Executing VM operation: HandshakeAllThreads (HandshakeForDeflation) done
Event: 1984.509 Executing VM operation: RendezvousGCThreads
Event: 1984.509 Executing VM operation: RendezvousGCThreads done
Event: 2065.983 Executing VM operation: ChangeSingleStep
Event: 2065.983 Executing VM operation: ChangeSingleStep done
Event: 2065.983 Executing VM operation: ChangeSingleStep
Event: 2065.983 Executing VM operation: ChangeSingleStep done
Event: 2065.997 Executing VM operation: RedefineClasses
Event: 2066.014 Executing VM operation: RedefineClasses done
Event: 2066.023 Executing VM operation: ChangeSingleStep
Event: 2066.023 Executing VM operation: ChangeSingleStep done

Events (20 events):
Event: 1954.103 Thread 0x0000013f43821d20 flushing nmethod 0x0000013f3bbbcb10
Event: 1954.103 Thread 0x0000013f43821d20 flushing nmethod 0x0000013f3bbbb490
Event: 1954.103 Thread 0x0000013f43821d20 flushing nmethod 0x0000013f3bad8090
Event: 1954.103 Thread 0x0000013f43821d20 flushing nmethod 0x0000013f3bab5990
Event: 1954.103 Thread 0x0000013f43821d20 flushing nmethod 0x0000013f3ba96a90
Event: 1954.103 Thread 0x0000013f43821d20 flushing nmethod 0x0000013f3ba87110
Event: 1954.103 Thread 0x0000013f43821d20 flushing nmethod 0x0000013f3ba85790
Event: 1954.103 Thread 0x0000013f43821d20 flushing nmethod 0x0000013f3b976890
Event: 1954.103 Thread 0x0000013f43821d20 flushing nmethod 0x0000013f3b86e390
Event: 1954.113 Thread 0x0000013f8b85c060 Thread added: 0x0000013f8b85c060
Event: 1954.113 Thread 0x0000013f8b85c060 Thread exited: 0x0000013f8b85c060
Event: 1954.114 Thread 0x0000013f8b85c060 Thread added: 0x0000013f8b85c060
Event: 1954.145 Thread 0x0000013f8b85daa0 Thread added: 0x0000013f8b85daa0
Event: 1954.168 Thread 0x0000013f8b85daa0 Thread exited: 0x0000013f8b85daa0
Event: 1954.322 Thread 0x0000013f8b85e7c0 Thread added: 0x0000013f8b85e7c0
Event: 1954.326 Thread 0x0000013f8b85d410 Thread added: 0x0000013f8b85d410
Event: 1954.326 Thread 0x0000013f8b85c6f0 Thread added: 0x0000013f8b85c6f0
Event: 1954.327 Thread 0x0000013f8b85cd80 Thread added: 0x0000013f8b85cd80
Event: 1954.432 Thread 0x0000013f8b85ee50 Thread added: 0x0000013f8b85ee50
Event: 1959.756 Thread 0x0000013f8b85ee50 Thread exited: 0x0000013f8b85ee50


Dynamic libraries:
0x00007ff65fb60000 - 0x00007ff65fb6e000 	C:\pleiades\2023-09\java\21\bin\javaw.exe
0x00007ff819d10000 - 0x00007ff819f27000 	C:\WINDOWS\SYSTEM32\ntdll.dll
0x00007ff818990000 - 0x00007ff818a54000 	C:\WINDOWS\System32\KERNEL32.DLL
0x00007ff817270000 - 0x00007ff81761d000 	C:\WINDOWS\System32\KERNELBASE.dll
0x00007ff817620000 - 0x00007ff817731000 	C:\WINDOWS\System32\ucrtbase.dll
0x00007ff8044f0000 - 0x00007ff804508000 	C:\pleiades\2023-09\java\21\bin\jli.dll
0x00007fffeff70000 - 0x00007fffeff8b000 	C:\pleiades\2023-09\java\21\bin\VCRUNTIME140.dll
0x00007ff8187c0000 - 0x00007ff81896e000 	C:\WINDOWS\System32\USER32.dll
0x00007ff817800000 - 0x00007ff817826000 	C:\WINDOWS\System32\win32u.dll
0x00007fffea810000 - 0x00007fffeaaa3000 	C:\WINDOWS\WinSxS\amd64_microsoft.windows.common-controls_6595b64144ccf1df_6.0.22621.3672_none_2713b9d173822955\COMCTL32.dll
0x00007ff819b60000 - 0x00007ff819b89000 	C:\WINDOWS\System32\GDI32.dll
0x00007ff819b90000 - 0x00007ff819c37000 	C:\WINDOWS\System32\msvcrt.dll
0x00007ff817030000 - 0x00007ff817149000 	C:\WINDOWS\System32\gdi32full.dll
0x00007ff8179a0000 - 0x00007ff817a3a000 	C:\WINDOWS\System32\msvcp_win.dll
0x00007ff818340000 - 0x00007ff818371000 	C:\WINDOWS\System32\IMM32.DLL
0x00007ff80ce90000 - 0x00007ff80ce9c000 	C:\pleiades\2023-09\java\21\bin\vcruntime140_1.dll
0x00007fffdbab0000 - 0x00007fffdbb3d000 	C:\pleiades\2023-09\java\21\bin\msvcp140.dll
0x00007fffca3d0000 - 0x00007fffcb15c000 	C:\pleiades\2023-09\java\21\bin\server\jvm.dll
0x00007ff8193a0000 - 0x00007ff819452000 	C:\WINDOWS\System32\ADVAPI32.dll
0x00007ff818710000 - 0x00007ff8187b9000 	C:\WINDOWS\System32\sechost.dll
0x00007ff8171c0000 - 0x00007ff8171e8000 	C:\WINDOWS\System32\bcrypt.dll
0x00007ff819a40000 - 0x00007ff819b54000 	C:\WINDOWS\System32\RPCRT4.dll
0x00007ff819510000 - 0x00007ff819581000 	C:\WINDOWS\System32\WS2_32.dll
0x00007ff816ef0000 - 0x00007ff816f3d000 	C:\WINDOWS\SYSTEM32\POWRPROF.dll
0x00007ff80bfd0000 - 0x00007ff80c004000 	C:\WINDOWS\SYSTEM32\WINMM.dll
0x00007ff80bbb0000 - 0x00007ff80bbba000 	C:\WINDOWS\SYSTEM32\VERSION.dll
0x00007ff816ed0000 - 0x00007ff816ee3000 	C:\WINDOWS\SYSTEM32\UMPDC.dll
0x00007ff816060000 - 0x00007ff816078000 	C:\WINDOWS\SYSTEM32\kernel.appcore.dll
0x00007ff80c960000 - 0x00007ff80c96a000 	C:\pleiades\2023-09\java\21\bin\jimage.dll
0x00007ff8148e0000 - 0x00007ff814b12000 	C:\WINDOWS\SYSTEM32\DBGHELP.DLL
0x00007ff818380000 - 0x00007ff81870d000 	C:\WINDOWS\System32\combase.dll
0x00007ff819590000 - 0x00007ff819667000 	C:\WINDOWS\System32\OLEAUT32.dll
0x00007ff80ae50000 - 0x00007ff80ae82000 	C:\WINDOWS\SYSTEM32\dbgcore.DLL
0x00007ff8171f0000 - 0x00007ff81726b000 	C:\WINDOWS\System32\bcryptPrimitives.dll
0x00007fffeab10000 - 0x00007fffeab4c000 	C:\pleiades\2023-09\java\21\bin\jdwp.dll
0x00007ff80c140000 - 0x00007ff80c14e000 	C:\pleiades\2023-09\java\21\bin\instrument.dll
0x00007fffeaab0000 - 0x00007fffeaacf000 	C:\pleiades\2023-09\java\21\bin\java.dll
0x00007ff817a40000 - 0x00007ff8182a8000 	C:\WINDOWS\System32\SHELL32.dll
0x00007ff814f80000 - 0x00007ff81587e000 	C:\WINDOWS\SYSTEM32\windows.storage.dll
0x00007ff814e40000 - 0x00007ff814f7f000 	C:\WINDOWS\SYSTEM32\wintypes.dll
0x00007ff819130000 - 0x00007ff819229000 	C:\WINDOWS\System32\SHCORE.dll
0x00007ff818c50000 - 0x00007ff818cae000 	C:\WINDOWS\System32\shlwapi.dll
0x00007ff816f60000 - 0x00007ff816f81000 	C:\WINDOWS\SYSTEM32\profapi.dll
0x00007ff80ae20000 - 0x00007ff80ae2c000 	C:\pleiades\2023-09\java\21\bin\dt_socket.dll
0x00007ff815ad0000 - 0x00007ff815afd000 	C:\WINDOWS\SYSTEM32\IPHLPAPI.DLL
0x00007ff8164d0000 - 0x00007ff816539000 	C:\WINDOWS\system32\mswsock.dll
0x00007ff815b00000 - 0x00007ff815bf8000 	C:\WINDOWS\SYSTEM32\DNSAPI.dll
0x00007ff818c40000 - 0x00007ff818c49000 	C:\WINDOWS\System32\NSI.dll
0x00007ff80b720000 - 0x00007ff80b72a000 	C:\Windows\System32\rasadhlp.dll
0x00007ff80b9c0000 - 0x00007ff80ba43000 	C:\WINDOWS\System32\fwpuclnt.dll
0x00007fffe9390000 - 0x00007fffe93a8000 	C:\pleiades\2023-09\java\21\bin\zip.dll
0x00007ff8098c0000 - 0x00007ff8098d0000 	C:\pleiades\2023-09\java\21\bin\net.dll
0x00007ff80d410000 - 0x00007ff80d546000 	C:\WINDOWS\SYSTEM32\WINHTTP.dll
0x00007fffe9370000 - 0x00007fffe9386000 	C:\pleiades\2023-09\java\21\bin\nio.dll
0x00007ff809820000 - 0x00007ff809829000 	C:\pleiades\2023-09\java\21\bin\management.dll
0x00007ff8021b0000 - 0x00007ff8021bb000 	C:\pleiades\2023-09\java\21\bin\management_ext.dll
0x00007ff8182b0000 - 0x00007ff8182b8000 	C:\WINDOWS\System32\PSAPI.DLL
0x00007ffff5640000 - 0x00007ffff5657000 	C:\WINDOWS\system32\napinsp.dll
0x00007ffff4dc0000 - 0x00007ffff4ddb000 	C:\WINDOWS\system32\pnrpnsp.dll
0x00007ffff4da0000 - 0x00007ffff4db1000 	C:\WINDOWS\System32\winrnr.dll
0x00007ffff4d70000 - 0x00007ffff4d97000 	C:\WINDOWS\system32\nlansp_c.dll
0x00007ff80bbc0000 - 0x00007ff80bbd5000 	C:\WINDOWS\system32\wshbth.dll
0x00007ff801920000 - 0x00007ff801930000 	C:\pleiades\2023-09\java\21\bin\verify.dll
0x00007ff816730000 - 0x00007ff81674b000 	C:\WINDOWS\SYSTEM32\CRYPTSP.dll
0x00007ff815fc0000 - 0x00007ff815ff5000 	C:\WINDOWS\system32\rsaenh.dll
0x00007ff8165d0000 - 0x00007ff8165f8000 	C:\WINDOWS\SYSTEM32\USERENV.dll
0x00007ff816750000 - 0x00007ff81675c000 	C:\WINDOWS\SYSTEM32\CRYPTBASE.dll
0x00007ff800000000 - 0x00007ff800007000 	C:\pleiades\2023-09\java\21\bin\extnet.dll
0x00007fffffe00000 - 0x00007fffffe0e000 	C:\pleiades\2023-09\java\21\bin\sunmscapi.dll
0x00007ff817830000 - 0x00007ff817997000 	C:\WINDOWS\System32\CRYPT32.dll
0x00007ff8168f0000 - 0x00007ff81691e000 	C:\WINDOWS\SYSTEM32\ncrypt.dll
0x00007ff8168b0000 - 0x00007ff8168e7000 	C:\WINDOWS\SYSTEM32\NTASN1.dll
0x00007fffff720000 - 0x00007fffff728000 	C:\WINDOWS\system32\wshunix.dll

dbghelp: loaded successfully - version: 4.0.5 - missing functions: none
symbol engine: initialized successfully - sym options: 0x614 - pdb path: .;C:\pleiades\2023-09\java\21\bin;C:\WINDOWS\SYSTEM32;C:\WINDOWS\WinSxS\amd64_microsoft.windows.common-controls_6595b64144ccf1df_6.0.22621.3672_none_2713b9d173822955;C:\pleiades\2023-09\java\21\bin\server

VM Arguments:
jvm_args: -XX:+ShowCodeDetailsInExceptionMessages -agentlib:jdwp=transport=dt_socket,suspend=y,address=localhost:59713 -Dcom.sun.management.jmxremote -Dcom.sun.management.jmxremote.port=59712 -Dcom.sun.management.jmxremote.authenticate=false -Dcom.sun.management.jmxremote.ssl=false -Djava.rmi.server.hostname=localhost -Dspring.jmx.enabled=true -Dmanagement.endpoints.jmx.exposure.include=* -Dspring.application.admin.enabled=true -XX:TieredStopAtLevel=1 -Dspring.boot.project.name=ChattingApplication_01 -javaagent:C:\pleiades\2023-09\eclipse\configuration\org.eclipse.osgi\252\0\.cp\lib\javaagent-shaded.jar -Dfile.encoding=UTF-8 -Dstdout.encoding=UTF-8 -Dstderr.encoding=UTF-8 
java_command: katachi.spring.portfolio.ChattingApplication01Application --spring.output.ansi.enabled=always
java_class_path (initial): C:\pleiades\2023-09\workspace\ChattingApplication_01\target\classes;C:\Users\user\.m2\repository\org\springframework\boot\spring-boot-starter-data-jdbc\3.3.2\spring-boot-starter-data-jdbc-3.3.2.jar;C:\Users\user\.m2\repository\org\springframework\data\spring-data-jdbc\3.3.2\spring-data-jdbc-3.3.2.jar;C:\Users\user\.m2\repository\org\springframework\data\spring-data-relational\3.3.2\spring-data-relational-3.3.2.jar;C:\Users\user\.m2\repository\org\springframework\data\spring-data-commons\3.3.2\spring-data-commons-3.3.2.jar;C:\Users\user\.m2\repository\org\springframework\spring-tx\6.1.11\spring-tx-6.1.11.jar;C:\Users\user\.m2\repository\org\springframework\spring-context\6.1.11\spring-context-6.1.11.jar;C:\Users\user\.m2\repository\org\springframework\spring-beans\6.1.11\spring-beans-6.1.11.jar;C:\Users\user\.m2\repository\org\springframework\boot\spring-boot-starter-jdbc\3.3.2\spring-boot-starter-jdbc-3.3.2.jar;C:\Users\user\.m2\repository\org\springframework\boot\spring-boot-starter\3.3.2\spring-boot-starter-3.3.2.jar;C:\Users\user\.m2\repository\org\springframework\boot\spring-boot-starter-logging\3.3.2\spring-boot-starter-logging-3.3.2.jar;C:\Users\user\.m2\repository\ch\qos\logback\logback-classic\1.5.6\logback-classic-1.5.6.jar;C:\Users\user\.m2\repository\ch\qos\logback\logback-core\1.5.6\logback-core-1.5.6.jar;C:\Users\user\.m2\repository\org\apache\logging\log4j\log4j-to-slf4j\2.23.1\log4j-to-slf4j-2.23.1.jar;C:\Users\user\.m2\repository\org\apache\logging\log4j\log4j-api\2.23.1\log4j-api-2.23.1.jar;C:\Users\user\.m2\repository\org\slf4j\jul-to-slf4j\2.0.13\jul-to-slf4j-2.0.13.jar;C:\Users\user\.m2\repository\jakarta\annotation\jakarta.annotation-api\2.1.1\jakarta.annotation-api-2.1.1.jar;C:\Users\user\.m2\repository\org\yaml\snakeyaml\2.2\snakeyaml-2.2.jar;C:\Users\user\.m2\repository\com\zaxxer\HikariCP\5.1.0\HikariCP-5.1.0.jar;C:\Users\user\.m2\repository\org\springframework\spring-jdbc\6.1.11\spring-jdbc-6.1.11.jar;C:\Users\user\.m2\repository\org\springframework\boot\spring-boot-starter-thymeleaf\3.3.2\spring-boot-starter-thymeleaf-3.3.2.jar;C:\Users\user\.m2\repository\org\thymeleaf\thymeleaf-spring6\3.1.2.RELEASE\thymeleaf-spring6-3.1.2.RELEASE.jar;C:\Users\user\.m2\repository\org\springframework\boot\spring-boot-starter-web\3.3.2\spring-boot-starter-web-3.3.2.jar;C:\Users\user\.m2\repository\org\springframework\boot\spring-boot-starter-json\3.3.2\spring-boot-starter-json-3.3.2.jar;C:\Users\user\.m2\repository\com\fasterxml\jackson\core\jackson-databind\2.17.2\jackson-databind-2.17.2.jar;C:\Users\user\.m2\repository\com\fasterxml\jackson\core\jackson-annotations\2.17.2\jackson-annotations-2.17.2.jar;C:\Users\user\.m2\repository\com\fasterxml\jackson\core\jackson-core\2.17.2\jackson-core-2.17.2.jar;C:\Users\user\.m2\repository\com\fasterxml\jackson\datatype\jackson-datatype-jdk8\2.17.2\jackson-datatype-jdk8-2.17.2.jar;C:\Users\user\.m2\repository\com\fasterxml\jackson\datatype\jackson-datatype-jsr310\2.17.2\jackson-datatype-jsr310-2.17.2.jar;C:\Users\user\.m2\repository\com\fasterxml\jackson\module\jackson-module-parameter-names\2.17.2\jackson-module-parameter-names-2.17.2.jar;C:\Users\user\.m2\repository\org\springframework\boot\spring-boot-starter-tomcat\3.3.2\spring-boot-starter-tomcat-3.3.2.jar;C:\Users\user\.m2\repository\org\apache\tomcat\embed\tomcat-embed-core\10.1.26\tomcat-embed-core-10.1.26.jar;C:\Users\user\.m2\repository\org\apache\tomcat\embed\tomcat-embed-el\10.1.26\tomcat-embed-el-10.1.26.jar;C:\Users\user\.m2\repository\org\apache\tomcat\embed\tomcat-embed-websocket\10.1.26\tomcat-embed-websocket-10.1.26.jar;C:\Users\user\.m2\repository\org\springframework\spring-web\6.1.11\spring-web-6.1.11.jar;C:\Users\user\.m2\repository\io\micrometer\micrometer-observation\1.13.2\micrometer-observation-1.13.2.jar;C:\Users\user\.m2\repository\io\micrometer\micrometer-commons\1.13.2\micrometer-commons-1.13.2.jar;C:\Users\user\.m2\repository\org\springframework\spring-webmvc\6.1.11\spring-webmvc-6.1.11.jar;C:\Users\user\.m2\repository\org\springframework\spring-aop\6.1.11\spring-aop-6.1.11.jar;C:\Users\user\.m2\repository\org\springframework\spring-expression\6.1.11\spring-expression-6.1.11.jar;C:\Users\user\.m2\repository\org\springframework\boot\spring-boot-devtools\3.3.2\spring-boot-devtools-3.3.2.jar;C:\Users\user\.m2\repository\org\springframework\boot\spring-boot\3.3.2\spring-boot-3.3.2.jar;C:\Users\user\.m2\repository\org\springframework\boot\spring-boot-autoconfigure\3.3.2\spring-boot-autoconfigure-3.3.2.jar;C:\Users\user\.m2\repository\com\h2database\h2\2.2.224\h2-2.2.224.jar;C:\Users\user\.m2\repository\com\microsoft\sqlserver\mssql-jdbc\12.6.3.jre11\mssql-jdbc-12.6.3.jre11.jar;C:\Users\user\.m2\repository\com\mysql\mysql-connector-j\8.3.0\mysql-connector-j-8.3.0.jar;C:\Users\user\.m2\repository\org\projectlombok\lombok\1.18.34\lombok-1.18.34.jar;C:\Users\user\.m2\repository\org\springframework\spring-core\6.1.11\spring-core-6.1.11.jar;C:\Users\user\.m2\repository\org\springframework\spring-jcl\6.1.11\spring-jcl-6.1.11.jar;C:\Users\user\.m2\repository\nz\net\ultraq\thymeleaf\thymeleaf-layout-dialect\3.3.0\thymeleaf-layout-dialect-3.3.0.jar;C:\Users\user\.m2\repository\org\apache\groovy\groovy\4.0.22\groovy-4.0.22.jar;C:\Users\user\.m2\repository\nz\net\ultraq\groovy\groovy-extensions\2.1.0\groovy-extensions-2.1.0.jar;C:\Users\user\.m2\repository\nz\net\ultraq\thymeleaf\thymeleaf-expression-processor\3.2.0\thymeleaf-expression-processor-3.2.0.jar;C:\Users\user\.m2\repository\org\thymeleaf\thymeleaf\3.1.2.RELEASE\thymeleaf-3.1.2.RELEASE.jar;C:\Users\user\.m2\repository\ognl\ognl\3.3.4\ognl-3.3.4.jar;C:\Users\user\.m2\repository\org\javassist\javassist\3.29.0-GA\javassist-3.29.0-GA.jar;C:\Users\user\.m2\repository\org\attoparser\attoparser\2.0.7.RELEASE\attoparser-2.0.7.RELEASE.jar;C:\Users\user\.m2\repository\org\unbescape\unbescape\1.1.6.RELEASE\unbescape-1.1.6.RELEASE.jar;C:\Users\user\.m2\repository\org\slf4j\slf4j-api\2.0.13\slf4j-api-2.0.13.jar;C:\Users\user\.m2\repository\org\webjars\jquery\3.5.1\jquery-3.5.1.jar;C:\Users\user\.m2\repository\org\webjars\bootstrap\4.5.3\bootstrap-4.5.3.jar;C:\Users\user\.m2\repository\org\webjars\popper.js\1.16.0\popper.js-1.16.0.jar
Launcher Type: SUN_STANDARD

[Global flags]
     intx CICompilerCount                          = 4                                         {product} {ergonomic}
     uint ConcGCThreads                            = 2                                         {product} {ergonomic}
     uint G1ConcRefinementThreads                  = 8                                         {product} {ergonomic}
   size_t G1HeapRegionSize                         = 1048576                                   {product} {ergonomic}
    uintx GCDrainStackTargetSize                   = 64                                        {product} {ergonomic}
   size_t InitialHeapSize                          = 130023424                                 {product} {ergonomic}
     bool ManagementServer                         = true                                      {product} {command line}
   size_t MarkStackSize                            = 4194304                                   {product} {ergonomic}
   size_t MaxHeapSize                              = 2076180480                                {product} {ergonomic}
   size_t MaxNewSize                               = 1245708288                                {product} {ergonomic}
   size_t MinHeapDeltaBytes                        = 1048576                                   {product} {ergonomic}
   size_t MinHeapSize                              = 8388608                                   {product} {ergonomic}
    uintx NonNMethodCodeHeapSize                   = 4096                                   {pd product} {ergonomic}
    uintx NonProfiledCodeHeapSize                  = 0                                      {pd product} {ergonomic}
     bool ProfileInterpreter                       = false                                  {pd product} {command line}
    uintx ProfiledCodeHeapSize                     = 0                                      {pd product} {ergonomic}
     bool ShowCodeDetailsInExceptionMessages       = true                                   {manageable} {command line}
   size_t SoftMaxHeapSize                          = 2076180480                             {manageable} {ergonomic}
     intx TieredStopAtLevel                        = 1                                         {product} {command line}
     bool UseCompressedOops                        = true                           {product lp64_product} {ergonomic}
     bool UseG1GC                                  = true                                      {product} {ergonomic}
     bool UseLargePagesIndividualAllocation        = false                                  {pd product} {ergonomic}

Logging:
Log output configuration:
 #0: stdout all=warning uptime,level,tags foldmultilines=false
 #1: stderr all=off uptime,level,tags foldmultilines=false

Environment Variables:
PATH=C:/pleiades/2023-09/java/17/bin/server;C:/pleiades/2023-09/java/17/bin;C:\WINDOWS\system32;C:\WINDOWS;C:\WINDOWS\System32\Wbem;C:\WINDOWS\System32\WindowsPowerShell\v1.0\;C:\WINDOWS\System32\OpenSSH\;C:\Users\user\AppData\Local\Microsoft\WindowsApps;C:\Users\user\AppData\Local\Programs\Microsoft VS Code\bin;C:\pleiades\2023-09\eclipse;
USERNAME=user
OS=Windows_NT
PROCESSOR_IDENTIFIER=Intel64 Family 6 Model 140 Stepping 1, GenuineIntel
TMP=C:\Users\user\AppData\Local\Temp
TEMP=C:\Users\user\AppData\Local\Temp




---------------  S Y S T E M  ---------------

OS:
 Windows 11 , 64 bit Build 22621 (10.0.22621.3958)
OS uptime: 15 days 3:08 hours

CPU: total 8 (initial active 8) (4 cores per cpu, 2 threads per core) family 6 model 140 stepping 1 microcode 0xb4, cx8, cmov, fxsr, ht, mmx, 3dnowpref, sse, sse2, sse3, ssse3, sse4.1, sse4.2, popcnt, lzcnt, tsc, tscinvbit, avx, avx2, aes, erms, clmul, bmi1, bmi2, adx, avx512f, avx512dq, avx512cd, avx512bw, avx512vl, sha, fma, vzeroupper, avx512_vpopcntdq, avx512_vpclmulqdq, avx512_vaes, avx512_vnni, clflush, clflushopt, clwb, avx512_vbmi2, avx512_vbmi, rdtscp, rdpid, fsrm, gfni, avx512_bitalg, f16c, pku, cet_ibt, cet_ss, avx512_ifma
Processor Information for all 8 processors :
  Max Mhz: 2419, Current Mhz: 2419, Mhz Limit: 2419

Memory: 4k page, system-wide physical 7914M (1069M free)
TotalPageFile size 14673M (AvailPageFile size 2719M)
current process WorkingSet (physical memory assigned to process): 213M, peak: 231M
current process commit charge ("private bytes"): 265M, peak: 284M

vm_info: OpenJDK 64-Bit Server VM (21-beta+35-ea) for windows-amd64 JRE (21-beta+35-ea), built on 2023-09-04 21:31:52 by "admin" with MS VC++ 16.10 / 16.11 (VS2019)

END.
