#
# A fatal error has been detected by the Java Runtime Environment:
#
#  EXCEPTION_ACCESS_VIOLATION (0xc0000005) at pc=0x00007ff880e0c876, pid=17244, tid=5912
#
# JRE version: OpenJDK Runtime Environment Temurin-21+35-202309042131 (21.0+35) (build 21-beta+35-ea)
# Java VM: OpenJDK 64-Bit Server VM Temurin-21+35-202309042131 (21-beta+35-ea, mixed mode, emulated-client, sharing, tiered, compressed oops, compressed class ptrs, g1 gc, windows-amd64)
# Problematic frame:
# V  [jvm.dll+0xc876]
#
# No core dump will be written. Minidumps are not enabled by default on client versions of Windows
#
# If you would like to submit a bug report, please visit:
#   https://github.com/adoptium/adoptium-support/issues
#

---------------  S U M M A R Y ------------

Command Line: -XX:+ShowCodeDetailsInExceptionMessages -agentlib:jdwp=transport=dt_socket,suspend=y,address=localhost:61427 -Dcom.sun.management.jmxremote -Dcom.sun.management.jmxremote.port=61425 -Dcom.sun.management.jmxremote.authenticate=false -Dcom.sun.management.jmxremote.ssl=false -Djava.rmi.server.hostname=localhost -Dspring.jmx.enabled=true -Dmanagement.endpoints.jmx.exposure.include=* -Dspring.application.admin.enabled=true -XX:TieredStopAtLevel=1 -Dspring.boot.project.name=ChattingApplication_01 -javaagent:C:\pleiades\2023-09\eclipse\configuration\org.eclipse.osgi\252\0\.cp\lib\javaagent-shaded.jar -Dfile.encoding=UTF-8 -Dstdout.encoding=UTF-8 -Dstderr.encoding=UTF-8 katachi.spring.portfolio.ChattingApplication01Application --spring.output.ansi.enabled=always

Host: 11th Gen Intel(R) Core(TM) i5-1135G7 @ 2.40GHz, 8 cores, 7G,  Windows 11 , 64 bit Build 22621 (10.0.22621.3958)
Time: Tue Sep 17 13:45:26 2024  Windows 11 , 64 bit Build 22621 (10.0.22621.3958) elapsed time: 12827.161207 seconds (0d 3h 33m 47s)

---------------  T H R E A D  ---------------

Current thread (0x00000142a398a230):  WorkerThread "GC Thread#1"    [id=5912, stack(0x000000299af00000,0x000000299b000000) (1024K)]

Stack: [0x000000299af00000,0x000000299b000000],  sp=0x000000299affdea8,  free space=1015k
Native frames: (J=compiled Java code, j=interpreted, Vv=VM code, C=native code)
V  [jvm.dll+0xc876]

JavaThread 0x00000142ec27fdb0 (nid = 14952) was being processed
Java frames: (J=compiled Java code, j=interpreted, Vv=VM code)
j  java.lang.invoke.DirectMethodHandle$Holder.newInvokeSpecial(Ljava/lang/Object;)Ljava/lang/Object;+15 java.base@21-beta
J 898 c1 jdk.internal.reflect.DirectConstructorHandleAccessor.newInstance([Ljava/lang/Object;)Ljava/lang/Object; java.base@21-beta (130 bytes) @ 0x000001429baf22b4 [0x000001429baf20e0+0x00000000000001d4]
J 897 c1 java.lang.reflect.Constructor.newInstanceWithCaller([Ljava/lang/Object;ZLjava/lang/Class;)Ljava/lang/Object; java.base@21-beta (51 bytes) @ 0x000001429baed83c [0x000001429baed760+0x00000000000000dc]
J 3645 c1 org.springframework.beans.BeanUtils.instantiateClass(Ljava/lang/reflect/Constructor;[Ljava/lang/Object;)Ljava/lang/Object; (208 bytes) @ 0x000001429c0c3cbc [0x000001429c0c3700+0x00000000000005bc]
J 10295 c1 org.springframework.beans.factory.support.SimpleInstantiationStrategy.instantiate(Lorg/springframework/beans/factory/support/RootBeanDefinition;Ljava/lang/String;Lorg/springframework/beans/factory/BeanFactory;)Ljava/lang/Object; (123 bytes) @ 0x000001429cb2854c [0x000001429cb280a0+0x00000000000004ac]
J 10294 c1 org.springframework.beans.factory.support.AbstractAutowireCapableBeanFactory.instantiateBean(Ljava/lang/String;Lorg/springframework/beans/factory/support/RootBeanDefinition;)Lorg/springframework/beans/BeanWrapper; (51 bytes) @ 0x000001429cb274ec [0x000001429cb27440+0x00000000000000ac]
J 9997 c1 org.springframework.beans.factory.support.AbstractAutowireCapableBeanFactory.createBeanInstance(Ljava/lang/String;Lorg/springframework/beans/factory/support/RootBeanDefinition;[Ljava/lang/Object;)Lorg/springframework/beans/BeanWrapper; (245 bytes) @ 0x000001429ca7267c [0x000001429ca72040+0x000000000000063c]
J 6269 c1 org.springframework.beans.factory.support.AbstractAutowireCapableBeanFactory.doCreateBean(Ljava/lang/String;Lorg/springframework/beans/factory/support/RootBeanDefinition;[Ljava/lang/Object;)Ljava/lang/Object; (469 bytes) @ 0x000001429c5a6454 [0x000001429c5a62a0+0x00000000000001b4]
J 6268 c1 org.springframework.beans.factory.support.AbstractAutowireCapableBeanFactory.createBean(Ljava/lang/String;Lorg/springframework/beans/factory/support/RootBeanDefinition;[Ljava/lang/Object;)Ljava/lang/Object; (214 bytes) @ 0x000001429c5a1b34 [0x000001429c5a1640+0x00000000000004f4]
J 6302 c1 org.springframework.beans.factory.support.AbstractBeanFactory$$Lambda+0x00000142a5301168.getObject()Ljava/lang/Object; (20 bytes) @ 0x000001429c5b3c2c [0x000001429c5b3ba0+0x000000000000008c]
J 6299 c1 org.springframework.beans.factory.support.DefaultSingletonBeanRegistry.getSingleton(Ljava/lang/String;Lorg/springframework/beans/factory/ObjectFactory;)Ljava/lang/Object; (279 bytes) @ 0x000001429c5b59ac [0x000001429c5b5660+0x000000000000034c]
J 3492 c1 org.springframework.beans.factory.support.AbstractBeanFactory.doGetBean(Ljava/lang/String;Ljava/lang/Class;[Ljava/lang/Object;Z)Ljava/lang/Object; (787 bytes) @ 0x000001429c07ad14 [0x000001429c07a6c0+0x0000000000000654]
J 6109 c1 org.springframework.beans.factory.support.AbstractBeanFactory.getBean(Ljava/lang/String;)Ljava/lang/Object; (9 bytes) @ 0x000001429c54e4b4 [0x000001429c54e440+0x0000000000000074]
j  org.springframework.beans.factory.support.DefaultListableBeanFactory.preInstantiateSingletons()V+152
j  org.springframework.context.support.AbstractApplicationContext.finishBeanFactoryInitialization(Lorg/springframework/beans/factory/config/ConfigurableListableBeanFactory;)V+173
j  org.springframework.context.support.AbstractApplicationContext.refresh()V+94
j  org.springframework.boot.web.servlet.context.ServletWebServerApplicationContext.refresh()V+1
j  org.springframework.boot.SpringApplication.refresh(Lorg/springframework/context/ConfigurableApplicationContext;)V+1
j  org.springframework.boot.SpringApplication.refreshContext(Lorg/springframework/context/ConfigurableApplicationContext;)V+16
j  org.springframework.boot.SpringApplication.run([Ljava/lang/String;)Lorg/springframework/context/ConfigurableApplicationContext;+110
j  org.springframework.boot.SpringApplication.run([Ljava/lang/Class;[Ljava/lang/String;)Lorg/springframework/context/ConfigurableApplicationContext;+9
j  org.springframework.boot.SpringApplication.run(Ljava/lang/Class;[Ljava/lang/String;)Lorg/springframework/context/ConfigurableApplicationContext;+9
j  katachi.spring.portfolio.ChattingApplication01Application.main([Ljava/lang/String;)V+3
J 7319 c1 java.lang.invoke.LambdaForm$DMH+0x00000142a5004c00.invokeStatic(Ljava/lang/Object;Ljava/lang/Object;)V java.base@21-beta (14 bytes) @ 0x000001429b933a34 [0x000001429b9339c0+0x0000000000000074]
j  java.lang.invoke.LambdaForm$MH+0x00000142a54c3400.invoke(Ljava/lang/Object;Ljava/lang/Object;Ljava/lang/Object;)Ljava/lang/Object;+33 java.base@21-beta
J 4924 c1 jdk.internal.reflect.DirectMethodHandleAccessor.invoke(Ljava/lang/Object;[Ljava/lang/Object;)Ljava/lang/Object; java.base@21-beta (92 bytes) @ 0x000001429c2f561c [0x000001429c2f52c0+0x000000000000035c]
J 5266 c1 java.lang.reflect.Method.invoke(Ljava/lang/Object;[Ljava/lang/Object;)Ljava/lang/Object; java.base@21-beta (108 bytes) @ 0x000001429c391f7c [0x000001429c391d80+0x00000000000001fc]
j  org.springframework.boot.devtools.restart.RestartLauncher.run()V+47
v  ~StubRoutines::call_stub 0x000001429b7310e7

siginfo: EXCEPTION_ACCESS_VIOLATION (0xc0000005), reading address 0x000001434872c737


Registers:
RAX=0x0000000000000000, RBX=0x0000000000000000, RCX=0x00000029997fdc40, RDX=0x00000029997fdc40
RSP=0x000000299affdea8, RBP=0x000000299affe080, RSI=0x000000299affe250, RDI=0x00000029997fdc40
R8 =0x000001434872c72f, R9 =0x00000029997fdc40, R10=0x00000029997fdc40, R11=0x000000299affe108
R12=0x0000000000000000, R13=0x00000029997fdc40, R14=0x00000142eca11c20, R15=0x000001434872c72f
RIP=0x00007ff880e0c876, EFLAGS=0x0000000000010202


Register to memory mapping:

RAX=0x0 is null
RBX=0x0 is null
RCX=0x00000029997fdc40 is pointing into the stack for thread: 0x00000142ec27fdb0
RDX=0x00000029997fdc40 is pointing into the stack for thread: 0x00000142ec27fdb0
RSP=0x000000299affdea8 points into unknown readable memory: 0x00007ff88115d91b | 1b d9 15 81 f8 7f 00 00
RBP=0x000000299affe080 points into unknown readable memory: 0x00000142a4017600 | 00 76 01 a4 42 01 00 00
RSI=0x000000299affe250 points into unknown readable memory: 0x00000029997fdc38 | 38 dc 7f 99 29 00 00 00
RDI=0x00000029997fdc40 is pointing into the stack for thread: 0x00000142ec27fdb0
R8 =0x000001434872c72f is an unknown value
R9 =0x00000029997fdc40 is pointing into the stack for thread: 0x00000142ec27fdb0
R10=0x00000029997fdc40 is pointing into the stack for thread: 0x00000142ec27fdb0
R11=0x000000299affe108 points into unknown readable memory: 0x00007ff88111b245 | 45 b2 11 81 f8 7f 00 00
R12=0x0 is null
R13=0x00000029997fdc40 is pointing into the stack for thread: 0x00000142ec27fdb0
R14=0x00000142eca11c20 points into unknown readable memory: 0x00007ff88182e778 | 78 e7 82 81 f8 7f 00 00
R15=0x000001434872c72f is an unknown value

Top of Stack: (sp=0x000000299affdea8)
0x000000299affdea8:   00007ff88115d91b 000000000000f800
0x000000299affdeb8:   00000142e977f3b8 000000000000012f
0x000000299affdec8:   00007ff8814c14df 000000000000012f
0x000000299affded8:   0000000000000013 00000000fffffff2
0x000000299affdee8:   00007ff88159c770 000001429c89dc90
0x000000299affdef8:   00007ff8811b6098 00000142eccd4bd8
0x000000299affdf08:   0000000000000003 0000000000000003
0x000000299affdf18:   00000142e9783420 0000000000000000
0x000000299affdf28:   00000029997fdc40 000000299affe250
0x000000299affdf38:   000000299affe080 00000142eccd4bd8
0x000000299affdf48:   00007ff88116c388 000000299affe018
0x000000299affdf58:   000000299affe250 00000142a4480090
0x000000299affdf68:   0000000000000000 00000142eccd4bd8
0x000000299affdf78:   00007ff88111b7eb 0000000000000001
0x000000299affdf88:   00000142a4543cd8 00000142eccd4bd8
0x000000299affdf98:   000000299affe250 0000000f9c89a501
0x000000299affdfa8:   00000142a40b63d8 00000142a398a230
0x000000299affdfb8:   00000142a3c53390 00000142a4543cd8
0x000000299affdfc8:   00000000000003d8 00000142a3c533a0
0x000000299affdfd8:   00000142a3c53778 00000142a472c72f
0x000000299affdfe8:   00000142000000b8 00000142a40b63d8
0x000000299affdff8:   00007ff881825ea0 000000299affe250
0x000000299affe008:   00000142eccd4bd8 0000000400000003
0x000000299affe018:   00000142a4543cd8 0000001300000001
0x000000299affe028:   0000000000000032 000000010000000c
0x000000299affe038:   00000142a4480090 0000000000000000
0x000000299affe048:   0000000000000001 0000000000000000
0x000000299affe058:   0000000000000000 00000142ec27a87c
0x000000299affe068:   0000002900000002 0000000300000001
0x000000299affe078:   0000ffff09b03700 00000142a4017600
0x000000299affe088:   00000006eccd0013 0000000000000000
0x000000299affe098:   0000000000000015 00000142eccd4bd8 

Instructions: (pc=0x00007ff880e0c876)
0x00007ff880e0c776:   37 48 8b d8 48 3b c1 75 e4 48 8b 5c 24 30 48 8b
0x00007ff880e0c786:   6c 24 38 48 8b 74 24 40 48 83 c4 20 5f c3 cc cc
0x00007ff880e0c796:   cc cc cc cc cc cc cc cc cc cc 8b 05 02 b8 c1 00
0x00007ff880e0c7a6:   c3 cc cc cc cc cc cc cc cc cc 0f b6 05 59 cb c1
0x00007ff880e0c7b6:   00 48 8b d1 84 c0 74 16 44 8b 41 08 8b 0d e0 b7
0x00007ff880e0c7c6:   c1 00 49 d3 e0 4c 03 05 ce b7 c1 00 eb 04 4c 8b
0x00007ff880e0c7d6:   41 08 45 8b 48 08 45 85 c9 7e 0e 41 f6 c1 01 75
0x00007ff880e0c7e6:   53 41 c1 f9 03 49 63 c1 c3 79 49 84 c0 41 b8 0c
0x00007ff880e0c7f6:   00 00 00 8b 05 09 c9 c1 00 b9 10 00 00 00 41 0f
0x00007ff880e0c806:   45 c8 ff c8 4c 63 c0 41 8b c1 48 c1 f8 10 0f b6
0x00007ff880e0c816:   c0 48 63 14 11 41 8b c9 83 e1 3f 48 d3 e2 49 8d
0x00007ff880e0c826:   0c 10 49 f7 d0 48 03 c1 49 c1 e8 03 48 c1 e8 03
0x00007ff880e0c836:   49 23 c0 c3 49 8b 00 49 8b c8 48 ff a0 00 01 00
0x00007ff880e0c846:   00 cc cc cc cc cc cc cc cc cc 8b 44 24 30 45 03
0x00007ff880e0c856:   c9 44 2b 4c 24 28 83 c0 0b 44 03 ca 45 03 c8 41
0x00007ff880e0c866:   03 c1 c3 cc cc cc cc cc cc cc 4c 8b c2 48 8b d1
0x00007ff880e0c876:   45 8b 48 08 45 85 c9 7e 0e 41 f6 c1 01 75 56 41
0x00007ff880e0c886:   c1 f9 03 49 63 c1 c3 79 4c 80 3d 7a ca c1 00 00
0x00007ff880e0c896:   b8 0c 00 00 00 b9 10 00 00 00 0f 45 c8 8b 05 5f
0x00007ff880e0c8a6:   c8 c1 00 ff c8 4c 63 c0 41 8b c1 48 c1 f8 10 48
0x00007ff880e0c8b6:   63 14 11 41 8b c9 83 e1 3f 0f b6 c0 48 d3 e2 49
0x00007ff880e0c8c6:   8d 0c 10 49 f7 d0 48 03 c1 49 c1 e8 03 48 c1 e8
0x00007ff880e0c8d6:   03 49 23 c0 c3 49 8b 00 49 8b c8 48 ff a0 00 01
0x00007ff880e0c8e6:   00 00 cc cc cc cc cc cc cc cc 48 8b 41 08 0f b7
0x00007ff880e0c8f6:   48 2c 0f b7 40 2a 83 c0 48 03 c1 c3 cc cc cc cc
0x00007ff880e0c906:   cc cc cc cc cc cc cc cc cc cc 48 89 5c 24 08 57
0x00007ff880e0c916:   48 83 ec 20 0f b6 05 9f bb cc 00 48 8b fa 48 8b
0x00007ff880e0c926:   d9 84 c0 74 4f 48 85 15 46 b3 cc 00 74 38 48 8b
0x00007ff880e0c936:   ca e8 b4 18 8d 00 48 8b d0 48 85 db 74 25 48 85
0x00007ff880e0c946:   c0 74 20 48 8b c7 f0 48 0f b1 13 74 16 48 85 05
0x00007ff880e0c956:   1e b3 cc 00 74 0d 48 8b c8 f0 48 0f b1 13 48 3b
0x00007ff880e0c966:   c1 75 ea 48 8b fa 48 8b c7 48 8b 5c 24 30 48 83 


Stack slot to memory mapping:

stack at sp + 0 slots: 0x00007ff88115d91b jvm.dll
stack at sp + 1 slots: 0x000000000000f800 is an unknown value
stack at sp + 2 slots: 0x00000142e977f3b8 points into unknown readable memory: 0x00000142e9491910 | 10 19 49 e9 42 01 00 00
stack at sp + 3 slots: 0x000000000000012f is an unknown value
stack at sp + 4 slots: 0x00007ff8814c14df jvm.dll
stack at sp + 5 slots: 0x000000000000012f is an unknown value
stack at sp + 6 slots: 0x0000000000000013 is an unknown value
stack at sp + 7 slots: 0x00000000fffffff2 is an unallocated location in the heap


---------------  P R O C E S S  ---------------

Threads class SMR info:
_java_thread_list=0x00000142e95de8b0, length=30, elements={
0x00000142a39aa9c0, 0x00000142a39ad6f0, 0x00000142a39af2e0, 0x00000142a39b00f0,
0x00000142a39b1e00, 0x00000142a39b3b10, 0x00000142a39b8720, 0x00000142a3b24050,
0x00000142a3c19aa0, 0x00000142a3c22150, 0x00000142a3c247e0, 0x00000142e95bb7d0,
0x00000142e972bc60, 0x00000142e9831c70, 0x00000142e9842ff0, 0x00000142e9e65560,
0x00000142e9e6d190, 0x00000142e9e85c30, 0x00000142e9e855a0, 0x00000142eb9c6940,
0x00000142ebcb6fe0, 0x00000142ec27e370, 0x00000142ec27c2a0, 0x00000142ec27f720,
0x00000142ec27d650, 0x00000142ec27fdb0, 0x00000142ec281160, 0x00000142ec2817f0,
0x00000142ec281e80, 0x00000142ec27bc10
}

Java Threads: ( => current thread )
  0x00000142a39aa9c0 JavaThread "Reference Handler"          daemon [_thread_blocked, id=5216, stack(0x000000299a000000,0x000000299a100000) (1024K)]
  0x00000142a39ad6f0 JavaThread "Finalizer"                  daemon [_thread_blocked, id=15920, stack(0x000000299a100000,0x000000299a200000) (1024K)]
  0x00000142a39af2e0 JavaThread "Signal Dispatcher"          daemon [_thread_blocked, id=540, stack(0x000000299a200000,0x000000299a300000) (1024K)]
  0x00000142a39b00f0 JavaThread "Attach Listener"            daemon [_thread_blocked, id=3836, stack(0x000000299a300000,0x000000299a400000) (1024K)]
  0x00000142a39b1e00 JavaThread "Service Thread"             daemon [_thread_blocked, id=13904, stack(0x000000299a400000,0x000000299a500000) (1024K)]
  0x00000142a39b3b10 JavaThread "Monitor Deflation Thread"   daemon [_thread_blocked, id=11276, stack(0x000000299a500000,0x000000299a600000) (1024K)]
  0x00000142a39b8720 JavaThread "C1 CompilerThread0"         daemon [_thread_blocked, id=11608, stack(0x000000299a600000,0x000000299a700000) (1024K)]
  0x00000142a3b24050 JavaThread "Common-Cleaner"             daemon [_thread_blocked, id=11808, stack(0x000000299a700000,0x000000299a800000) (1024K)]
  0x00000142a3c19aa0 JavaThread "JDWP Transport Listener: dt_socket" daemon [_thread_blocked, id=12324, stack(0x000000299aa00000,0x000000299ab00000) (1024K)]
  0x00000142a3c22150 JavaThread "JDWP Event Helper Thread"   daemon [_thread_blocked, id=3992, stack(0x000000299ab00000,0x000000299ac00000) (1024K)]
  0x00000142a3c247e0 JavaThread "JDWP Command Reader"        daemon [_thread_in_native, id=12060, stack(0x000000299ac00000,0x000000299ad00000) (1024K)]
  0x00000142e95bb7d0 JavaThread "Notification Thread"        daemon [_thread_blocked, id=16920, stack(0x000000299ad00000,0x000000299ae00000) (1024K)]
  0x00000142e972bc60 JavaThread "RMI TCP Accept-0"           daemon [_thread_in_native, id=7728, stack(0x000000299b600000,0x000000299b700000) (1024K)]
  0x00000142e9831c70 JavaThread "RMI TCP Accept-61425"       daemon [_thread_in_native, id=8160, stack(0x000000299b700000,0x000000299b800000) (1024K)]
  0x00000142e9842ff0 JavaThread "RMI TCP Accept-0"           daemon [_thread_in_native, id=3120, stack(0x000000299b800000,0x000000299b900000) (1024K)]
  0x00000142e9e65560 JavaThread "RMI Scheduler(0)"           daemon [_thread_blocked, id=1220, stack(0x000000299bc00000,0x000000299bd00000) (1024K)]
  0x00000142e9e6d190 JavaThread "RMI TCP Connection(idle)"   daemon [_thread_blocked, id=3492, stack(0x000000299bd00000,0x000000299be00000) (1024K)]
  0x00000142e9e85c30 JavaThread "JMX server connection timeout 41" daemon [_thread_blocked, id=3628, stack(0x000000299be00000,0x000000299bf00000) (1024K)]
  0x00000142e9e855a0 JavaThread "mysql-cj-abandoned-connection-cleanup" daemon [_thread_blocked, id=500, stack(0x000000299bf00000,0x000000299c000000) (1024K)]
  0x00000142eb9c6940 JavaThread "Live Reload Server"         daemon [_thread_in_native, id=7212, stack(0x000000299c900000,0x000000299ca00000) (1024K)]
  0x00000142ebcb6fe0 JavaThread "DestroyJavaVM"                     [_thread_blocked, id=12444, stack(0x0000002999800000,0x0000002999900000) (1024K)]
  0x00000142ec27e370 JavaThread "File Watcher"               daemon [_thread_blocked, id=14356, stack(0x000000299a800000,0x000000299a900000) (1024K)]
  0x00000142ec27c2a0 JavaThread "File Watcher"               daemon [_thread_blocked, id=16188, stack(0x000000299a900000,0x000000299aa00000) (1024K)]
  0x00000142ec27f720 JavaThread "File Watcher"               daemon [_thread_blocked, id=10884, stack(0x000000299ae00000,0x000000299af00000) (1024K)]
  0x00000142ec27d650 JavaThread "Thread-96"                         [_thread_blocked, id=6780, stack(0x0000002999500000,0x0000002999600000) (1024K)]
  0x00000142ec27fdb0 JavaThread "restartedMain"                     [_thread_blocked, id=14952, stack(0x0000002999700000,0x0000002999800000) (1024K)]
  0x00000142ec281160 JavaThread "HikariPool-26 housekeeper"  daemon [_thread_blocked, id=13360, stack(0x000000299b900000,0x000000299ba00000) (1024K)]
  0x00000142ec2817f0 JavaThread "Catalina-utility-1"                [_thread_blocked, id=6740, stack(0x000000299ba00000,0x000000299bb00000) (1024K)]
  0x00000142ec281e80 JavaThread "Catalina-utility-2"                [_thread_blocked, id=7412, stack(0x000000299bb00000,0x000000299bc00000) (1024K)]
  0x00000142ec27bc10 JavaThread "container-3"                       [_thread_blocked, id=8372, stack(0x000000299c100000,0x000000299c200000) (1024K)]
Total: 30

Other Threads:
  0x00000142a3988c70 VMThread "VM Thread"                           [id=16376, stack(0x0000002999f00000,0x000000299a000000) (1024K)]
  0x00000142a3974f60 WatcherThread "VM Periodic Task Thread"        [id=10680, stack(0x0000002999e00000,0x0000002999f00000) (1024K)]
  0x00000142930ce520 WorkerThread "GC Thread#0"                     [id=9944, stack(0x0000002999900000,0x0000002999a00000) (1024K)]
=>0x00000142a398a230 WorkerThread "GC Thread#1"                     [id=5912, stack(0x000000299af00000,0x000000299b000000) (1024K)]
  0x00000142a39888d0 WorkerThread "GC Thread#2"                     [id=18224, stack(0x000000299b000000,0x000000299b100000) (1024K)]
  0x00000142a3989e90 WorkerThread "GC Thread#3"                     [id=18172, stack(0x000000299b100000,0x000000299b200000) (1024K)]
  0x00000142a3989750 WorkerThread "GC Thread#4"                     [id=4220, stack(0x000000299b200000,0x000000299b300000) (1024K)]
  0x00000142a3989af0 WorkerThread "GC Thread#5"                     [id=18328, stack(0x000000299b300000,0x000000299b400000) (1024K)]
  0x00000142e979c880 WorkerThread "GC Thread#6"                     [id=17152, stack(0x000000299b400000,0x000000299b500000) (1024K)]
  0x00000142e979daa0 WorkerThread "GC Thread#7"                     [id=17264, stack(0x000000299b500000,0x000000299b600000) (1024K)]
  0x00000142930dec80 ConcurrentGCThread "G1 Main Marker"            [id=9056, stack(0x0000002999a00000,0x0000002999b00000) (1024K)]
  0x00000142930e0140 WorkerThread "G1 Conc#0"                       [id=11972, stack(0x0000002999b00000,0x0000002999c00000) (1024K)]
  0x00000142e979e1e0 WorkerThread "G1 Conc#1"                       [id=17472, stack(0x000000299c000000,0x000000299c100000) (1024K)]
  0x00000142a3846110 ConcurrentGCThread "G1 Refine#0"               [id=3884, stack(0x0000002999c00000,0x0000002999d00000) (1024K)]
  0x00000142a3846b90 ConcurrentGCThread "G1 Service"                [id=18256, stack(0x0000002999d00000,0x0000002999e00000) (1024K)]
Total: 15

Threads with active compile tasks:
Total: 0

VM state: at safepoint (normal execution)

VM Mutex/Monitor currently owned by a thread:  ([mutex/lock_event])
[0x00007ff881aac998] Threads_lock - owner thread: 0x00000142a3988c70
[0x00007ff881aaca98] Heap_lock - owner thread: 0x00000142ec27e370

Heap address: 0x0000000084400000, size: 1980 MB, Compressed Oops mode: 32-bit

CDS archive(s) mapped at: [0x00000142a4000000-0x00000142a4c90000-0x00000142a4c90000), size 13172736, SharedBaseAddress: 0x00000142a4000000, ArchiveRelocationMode: 1.
Compressed class space mapped at: 0x00000142a5000000-0x00000142e5000000, reserved size: 1073741824
Narrow klass base: 0x00000142a4000000, Narrow klass shift: 0, Narrow klass range: 0x100000000

GC Precious Log:
 CardTable entry size: 512
 Card Set container configuration: InlinePtr #cards 5 size 8 Array Of Cards #cards 12 size 40 Howl #buckets 4 coarsen threshold 1843 Howl Bitmap #cards 512 size 80 coarsen threshold 460 Card regions per heap region 1 cards per card region 2048
 CPUs: 8 total, 8 available
 Memory: 7914M
 Large Page Support: Disabled
 NUMA Support: Disabled
 Compressed Oops: Enabled (32-bit)
 Heap Region Size: 1M
 Heap Min Capacity: 8M
 Heap Initial Capacity: 124M
 Heap Max Capacity: 1980M
 Pre-touch: Disabled
 Parallel Workers: 8
 Concurrent Workers: 2
 Concurrent Refinement Workers: 8
 Periodic GC: Disabled

Heap:
 garbage-first heap   total 112640K, used 98480K [0x0000000084400000, 0x0000000100000000)
  region size 1024K, 65 young (66560K), 5 survivors (5120K)
 Metaspace       used 72510K, committed 73536K, reserved 1114112K
  class space    used 9541K, committed 9984K, reserved 1048576K

Heap Regions: E=young(eden), S=young(survivor), O=old, HS=humongous(starts), HC=humongous(continues), CS=collection set, F=free, TAMS=top-at-mark-start, PB=parsable bottom
|   0|0x0000000084400000, 0x0000000084500000, 0x0000000084500000|100%| O|  |TAMS 0x0000000084400000| PB 0x0000000084400000| Untracked 
|   1|0x0000000084500000, 0x0000000084600000, 0x0000000084600000|100%| O|  |TAMS 0x0000000084500000| PB 0x0000000084500000| Untracked 
|   2|0x0000000084600000, 0x0000000084700000, 0x0000000084700000|100%| O|  |TAMS 0x0000000084600000| PB 0x0000000084600000| Untracked 
|   3|0x0000000084700000, 0x0000000084800000, 0x0000000084800000|100%| O|  |TAMS 0x0000000084700000| PB 0x0000000084700000| Untracked 
|   4|0x0000000084800000, 0x00000000848fffe0, 0x0000000084900000| 99%| O|  |TAMS 0x0000000084800000| PB 0x0000000084800000| Untracked 
|   5|0x0000000084900000, 0x0000000084a00000, 0x0000000084a00000|100%| O|  |TAMS 0x0000000084900000| PB 0x0000000084900000| Untracked 
|   6|0x0000000084a00000, 0x0000000084afffe8, 0x0000000084b00000| 99%| O|  |TAMS 0x0000000084a00000| PB 0x0000000084a00000| Untracked 
|   7|0x0000000084b00000, 0x0000000084bfffe0, 0x0000000084c00000| 99%| O|  |TAMS 0x0000000084b00000| PB 0x0000000084b00000| Untracked 
|   8|0x0000000084c00000, 0x0000000084cffff0, 0x0000000084d00000| 99%| O|  |TAMS 0x0000000084c00000| PB 0x0000000084c00000| Untracked 
|   9|0x0000000084d00000, 0x0000000084dfffd8, 0x0000000084e00000| 99%| O|  |TAMS 0x0000000084d00000| PB 0x0000000084d00000| Untracked 
|  10|0x0000000084e00000, 0x0000000084efffb8, 0x0000000084f00000| 99%| O|  |TAMS 0x0000000084e00000| PB 0x0000000084e00000| Untracked 
|  11|0x0000000084f00000, 0x0000000084fffff0, 0x0000000085000000| 99%| O|  |TAMS 0x0000000084f00000| PB 0x0000000084f00000| Untracked 
|  12|0x0000000085000000, 0x0000000085100000, 0x0000000085100000|100%| O|  |TAMS 0x0000000085000000| PB 0x0000000085000000| Untracked 
|  13|0x0000000085100000, 0x00000000851fffe8, 0x0000000085200000| 99%| O|  |TAMS 0x0000000085100000| PB 0x0000000085100000| Untracked 
|  14|0x0000000085200000, 0x00000000852fffc0, 0x0000000085300000| 99%| O|  |TAMS 0x0000000085200000| PB 0x0000000085200000| Untracked 
|  15|0x0000000085300000, 0x0000000085400000, 0x0000000085400000|100%| O|  |TAMS 0x0000000085300000| PB 0x0000000085300000| Untracked 
|  16|0x0000000085400000, 0x00000000854fffd8, 0x0000000085500000| 99%| O|  |TAMS 0x0000000085400000| PB 0x0000000085400000| Untracked 
|  17|0x0000000085500000, 0x00000000855ffff0, 0x0000000085600000| 99%| O|  |TAMS 0x0000000085500000| PB 0x0000000085500000| Untracked 
|  18|0x0000000085600000, 0x00000000856ffff8, 0x0000000085700000| 99%| O|  |TAMS 0x0000000085600000| PB 0x0000000085600000| Untracked 
|  19|0x0000000085700000, 0x00000000857fffe0, 0x0000000085800000| 99%| O|  |TAMS 0x0000000085700000| PB 0x0000000085700000| Untracked 
|  20|0x0000000085800000, 0x00000000858ffff8, 0x0000000085900000| 99%| O|  |TAMS 0x0000000085800000| PB 0x0000000085800000| Untracked 
|  21|0x0000000085900000, 0x00000000859fffe8, 0x0000000085a00000| 99%| O|  |TAMS 0x0000000085900000| PB 0x0000000085900000| Untracked 
|  22|0x0000000085a00000, 0x0000000085b00000, 0x0000000085b00000|100%| O|  |TAMS 0x0000000085a00000| PB 0x0000000085a00000| Untracked 
|  23|0x0000000085b00000, 0x0000000085bfffc0, 0x0000000085c00000| 99%| O|  |TAMS 0x0000000085b00000| PB 0x0000000085b00000| Untracked 
|  24|0x0000000085c00000, 0x0000000085cffff0, 0x0000000085d00000| 99%| O|  |TAMS 0x0000000085c00000| PB 0x0000000085c00000| Untracked 
|  25|0x0000000085d00000, 0x0000000085dffff8, 0x0000000085e00000| 99%| O|  |TAMS 0x0000000085d00000| PB 0x0000000085d00000| Untracked 
|  26|0x0000000085e00000, 0x0000000085effff0, 0x0000000085f00000| 99%| O|  |TAMS 0x0000000085e00000| PB 0x0000000085e00000| Untracked 
|  27|0x0000000085f00000, 0x0000000085ffffd8, 0x0000000086000000| 99%| O|  |TAMS 0x0000000085f00000| PB 0x0000000085f00000| Untracked 
|  28|0x0000000086000000, 0x00000000860ffff0, 0x0000000086100000| 99%| O|  |TAMS 0x0000000086000000| PB 0x0000000086000000| Untracked 
|  29|0x0000000086100000, 0x0000000086189468, 0x0000000086200000| 53%| O|  |TAMS 0x0000000086100000| PB 0x0000000086100000| Untracked 
|  30|0x0000000086200000, 0x00000000862b7d98, 0x0000000086300000| 71%| O|  |TAMS 0x0000000086200000| PB 0x0000000086200000| Untracked 
|  31|0x0000000086300000, 0x00000000863c0000, 0x0000000086400000| 75%| O|  |TAMS 0x0000000086300000| PB 0x0000000086300000| Untracked 
|  32|0x0000000086400000, 0x00000000864743f0, 0x0000000086500000| 45%| O|  |TAMS 0x0000000086400000| PB 0x0000000086400000| Untracked 
|  33|0x0000000086500000, 0x000000008655a8b8, 0x0000000086600000| 35%| O|Cm|TAMS 0x0000000086500000| PB 0x0000000086500000| Complete 
|  34|0x0000000086600000, 0x0000000086600000, 0x0000000086700000|  0%| F|  |TAMS 0x0000000086600000| PB 0x0000000086600000| Untracked 
|  35|0x0000000086700000, 0x0000000086700000, 0x0000000086800000|  0%| F|  |TAMS 0x0000000086700000| PB 0x0000000086700000| Untracked 
|  36|0x0000000086800000, 0x0000000086800000, 0x0000000086900000|  0%| F|  |TAMS 0x0000000086800000| PB 0x0000000086800000| Untracked 
|  37|0x0000000086900000, 0x0000000086900000, 0x0000000086a00000|  0%| F|  |TAMS 0x0000000086900000| PB 0x0000000086900000| Untracked 
|  38|0x0000000086a00000, 0x0000000086a00000, 0x0000000086b00000|  0%| F|  |TAMS 0x0000000086a00000| PB 0x0000000086a00000| Untracked 
|  39|0x0000000086b00000, 0x0000000086b00000, 0x0000000086c00000|  0%| F|  |TAMS 0x0000000086b00000| PB 0x0000000086b00000| Untracked 
|  40|0x0000000086c00000, 0x0000000086c6f540, 0x0000000086d00000| 43%| S|  |TAMS 0x0000000086c00000| PB 0x0000000086c00000| Complete 
|  41|0x0000000086d00000, 0x0000000086d5c6c0, 0x0000000086e00000| 36%| E|CS|TAMS 0x0000000086d00000| PB 0x0000000086d00000| Complete 
|  42|0x0000000086e00000, 0x0000000086f00000, 0x0000000086f00000|100%| E|CS|TAMS 0x0000000086e00000| PB 0x0000000086e00000| Complete 
|  43|0x0000000086f00000, 0x0000000087000000, 0x0000000087000000|100%| E|CS|TAMS 0x0000000086f00000| PB 0x0000000086f00000| Complete 
|  44|0x0000000087000000, 0x0000000087100000, 0x0000000087100000|100%| E|CS|TAMS 0x0000000087000000| PB 0x0000000087000000| Complete 
|  45|0x0000000087100000, 0x0000000087200000, 0x0000000087200000|100%| E|CS|TAMS 0x0000000087100000| PB 0x0000000087100000| Complete 
|  46|0x0000000087200000, 0x0000000087300000, 0x0000000087300000|100%| S|  |TAMS 0x0000000087200000| PB 0x0000000087200000| Complete 
|  47|0x0000000087300000, 0x0000000087400000, 0x0000000087400000|100%| S|  |TAMS 0x0000000087300000| PB 0x0000000087300000| Complete 
|  48|0x0000000087400000, 0x0000000087500000, 0x0000000087500000|100%| S|  |TAMS 0x0000000087400000| PB 0x0000000087400000| Complete 
|  49|0x0000000087500000, 0x0000000087600000, 0x0000000087600000|100%| S|  |TAMS 0x0000000087500000| PB 0x0000000087500000| Complete 
|  50|0x0000000087600000, 0x0000000087700000, 0x0000000087700000|100%| E|CS|TAMS 0x0000000087600000| PB 0x0000000087600000| Complete 
|  51|0x0000000087700000, 0x0000000087800000, 0x0000000087800000|100%| E|CS|TAMS 0x0000000087700000| PB 0x0000000087700000| Complete 
|  52|0x0000000087800000, 0x0000000087900000, 0x0000000087900000|100%| E|CS|TAMS 0x0000000087800000| PB 0x0000000087800000| Complete 
|  53|0x0000000087900000, 0x0000000087a00000, 0x0000000087a00000|100%| E|CS|TAMS 0x0000000087900000| PB 0x0000000087900000| Complete 
|  54|0x0000000087a00000, 0x0000000087b00000, 0x0000000087b00000|100%| E|CS|TAMS 0x0000000087a00000| PB 0x0000000087a00000| Complete 
|  55|0x0000000087b00000, 0x0000000087c00000, 0x0000000087c00000|100%| E|CS|TAMS 0x0000000087b00000| PB 0x0000000087b00000| Complete 
|  56|0x0000000087c00000, 0x0000000087d00000, 0x0000000087d00000|100%| E|CS|TAMS 0x0000000087c00000| PB 0x0000000087c00000| Complete 
|  57|0x0000000087d00000, 0x0000000087e00000, 0x0000000087e00000|100%| E|CS|TAMS 0x0000000087d00000| PB 0x0000000087d00000| Complete 
|  58|0x0000000087e00000, 0x0000000087f00000, 0x0000000087f00000|100%| E|CS|TAMS 0x0000000087e00000| PB 0x0000000087e00000| Complete 
|  59|0x0000000087f00000, 0x0000000088000000, 0x0000000088000000|100%| E|CS|TAMS 0x0000000087f00000| PB 0x0000000087f00000| Complete 
|  60|0x0000000088000000, 0x0000000088100000, 0x0000000088100000|100%| E|CS|TAMS 0x0000000088000000| PB 0x0000000088000000| Complete 
|  61|0x0000000088100000, 0x0000000088200000, 0x0000000088200000|100%| E|CS|TAMS 0x0000000088100000| PB 0x0000000088100000| Complete 
|  62|0x0000000088200000, 0x0000000088300000, 0x0000000088300000|100%| E|CS|TAMS 0x0000000088200000| PB 0x0000000088200000| Complete 
|  63|0x0000000088300000, 0x0000000088400000, 0x0000000088400000|100%| E|CS|TAMS 0x0000000088300000| PB 0x0000000088300000| Complete 
|  64|0x0000000088400000, 0x0000000088500000, 0x0000000088500000|100%| E|CS|TAMS 0x0000000088400000| PB 0x0000000088400000| Complete 
|  65|0x0000000088500000, 0x0000000088600000, 0x0000000088600000|100%| E|CS|TAMS 0x0000000088500000| PB 0x0000000088500000| Complete 
|  66|0x0000000088600000, 0x0000000088700000, 0x0000000088700000|100%| E|CS|TAMS 0x0000000088600000| PB 0x0000000088600000| Complete 
|  67|0x0000000088700000, 0x0000000088800000, 0x0000000088800000|100%| E|CS|TAMS 0x0000000088700000| PB 0x0000000088700000| Complete 
|  68|0x0000000088800000, 0x0000000088900000, 0x0000000088900000|100%| E|CS|TAMS 0x0000000088800000| PB 0x0000000088800000| Complete 
|  69|0x0000000088900000, 0x0000000088a00000, 0x0000000088a00000|100%| E|CS|TAMS 0x0000000088900000| PB 0x0000000088900000| Complete 
|  70|0x0000000088a00000, 0x0000000088b00000, 0x0000000088b00000|100%| E|CS|TAMS 0x0000000088a00000| PB 0x0000000088a00000| Complete 
|  71|0x0000000088b00000, 0x0000000088c00000, 0x0000000088c00000|100%| E|CS|TAMS 0x0000000088b00000| PB 0x0000000088b00000| Complete 
|  72|0x0000000088c00000, 0x0000000088d00000, 0x0000000088d00000|100%| E|CS|TAMS 0x0000000088c00000| PB 0x0000000088c00000| Complete 
|  73|0x0000000088d00000, 0x0000000088e00000, 0x0000000088e00000|100%| E|CS|TAMS 0x0000000088d00000| PB 0x0000000088d00000| Complete 
|  74|0x0000000088e00000, 0x0000000088f00000, 0x0000000088f00000|100%| E|CS|TAMS 0x0000000088e00000| PB 0x0000000088e00000| Complete 
|  75|0x0000000088f00000, 0x0000000089000000, 0x0000000089000000|100%| E|CS|TAMS 0x0000000088f00000| PB 0x0000000088f00000| Complete 
|  76|0x0000000089000000, 0x0000000089100000, 0x0000000089100000|100%| E|CS|TAMS 0x0000000089000000| PB 0x0000000089000000| Complete 
|  77|0x0000000089100000, 0x0000000089200000, 0x0000000089200000|100%| E|CS|TAMS 0x0000000089100000| PB 0x0000000089100000| Complete 
|  78|0x0000000089200000, 0x0000000089300000, 0x0000000089300000|100%| E|CS|TAMS 0x0000000089200000| PB 0x0000000089200000| Complete 
|  79|0x0000000089300000, 0x0000000089400000, 0x0000000089400000|100%| E|CS|TAMS 0x0000000089300000| PB 0x0000000089300000| Complete 
|  80|0x0000000089400000, 0x0000000089500000, 0x0000000089500000|100%| E|CS|TAMS 0x0000000089400000| PB 0x0000000089400000| Complete 
|  81|0x0000000089500000, 0x0000000089600000, 0x0000000089600000|100%| E|CS|TAMS 0x0000000089500000| PB 0x0000000089500000| Complete 
|  82|0x0000000089600000, 0x0000000089700000, 0x0000000089700000|100%| E|CS|TAMS 0x0000000089600000| PB 0x0000000089600000| Complete 
|  83|0x0000000089700000, 0x0000000089800000, 0x0000000089800000|100%| E|CS|TAMS 0x0000000089700000| PB 0x0000000089700000| Complete 
|  84|0x0000000089800000, 0x0000000089900000, 0x0000000089900000|100%| E|CS|TAMS 0x0000000089800000| PB 0x0000000089800000| Complete 
|  85|0x0000000089900000, 0x0000000089a00000, 0x0000000089a00000|100%| E|CS|TAMS 0x0000000089900000| PB 0x0000000089900000| Complete 
|  86|0x0000000089a00000, 0x0000000089b00000, 0x0000000089b00000|100%| E|CS|TAMS 0x0000000089a00000| PB 0x0000000089a00000| Complete 
|  87|0x0000000089b00000, 0x0000000089c00000, 0x0000000089c00000|100%| E|CS|TAMS 0x0000000089b00000| PB 0x0000000089b00000| Complete 
|  88|0x0000000089c00000, 0x0000000089d00000, 0x0000000089d00000|100%| E|CS|TAMS 0x0000000089c00000| PB 0x0000000089c00000| Complete 
|  89|0x0000000089d00000, 0x0000000089e00000, 0x0000000089e00000|100%| E|CS|TAMS 0x0000000089d00000| PB 0x0000000089d00000| Complete 
|  90|0x0000000089e00000, 0x0000000089f00000, 0x0000000089f00000|100%| E|CS|TAMS 0x0000000089e00000| PB 0x0000000089e00000| Complete 
|  91|0x0000000089f00000, 0x000000008a000000, 0x000000008a000000|100%| E|CS|TAMS 0x0000000089f00000| PB 0x0000000089f00000| Complete 
|  92|0x000000008a000000, 0x000000008a100000, 0x000000008a100000|100%| E|CS|TAMS 0x000000008a000000| PB 0x000000008a000000| Complete 
|  93|0x000000008a100000, 0x000000008a200000, 0x000000008a200000|100%| E|CS|TAMS 0x000000008a100000| PB 0x000000008a100000| Complete 
|  94|0x000000008a200000, 0x000000008a300000, 0x000000008a300000|100%| E|CS|TAMS 0x000000008a200000| PB 0x000000008a200000| Complete 
|  95|0x000000008a300000, 0x000000008a400000, 0x000000008a400000|100%| E|CS|TAMS 0x000000008a300000| PB 0x000000008a300000| Complete 
|  96|0x000000008a400000, 0x000000008a500000, 0x000000008a500000|100%| E|CS|TAMS 0x000000008a400000| PB 0x000000008a400000| Complete 
|  97|0x000000008a500000, 0x000000008a600000, 0x000000008a600000|100%| E|CS|TAMS 0x000000008a500000| PB 0x000000008a500000| Complete 
|  98|0x000000008a600000, 0x000000008a700000, 0x000000008a700000|100%| E|CS|TAMS 0x000000008a600000| PB 0x000000008a600000| Complete 
|  99|0x000000008a700000, 0x000000008a800000, 0x000000008a800000|100%| E|CS|TAMS 0x000000008a700000| PB 0x000000008a700000| Complete 
| 100|0x000000008a800000, 0x000000008a900000, 0x000000008a900000|100%| E|CS|TAMS 0x000000008a800000| PB 0x000000008a800000| Complete 
| 101|0x000000008a900000, 0x000000008aa00000, 0x000000008aa00000|100%| E|CS|TAMS 0x000000008a900000| PB 0x000000008a900000| Complete 
| 102|0x000000008aa00000, 0x000000008ab00000, 0x000000008ab00000|100%| E|CS|TAMS 0x000000008aa00000| PB 0x000000008aa00000| Complete 
| 103|0x000000008ab00000, 0x000000008ac00000, 0x000000008ac00000|100%| E|CS|TAMS 0x000000008ab00000| PB 0x000000008ab00000| Complete 
| 104|0x000000008ac00000, 0x000000008ad00000, 0x000000008ad00000|100%| E|CS|TAMS 0x000000008ac00000| PB 0x000000008ac00000| Complete 
| 105|0x000000008ad00000, 0x000000008ae00000, 0x000000008ae00000|100%| E|CS|TAMS 0x000000008ad00000| PB 0x000000008ad00000| Complete 
| 106|0x000000008ae00000, 0x000000008af00000, 0x000000008af00000|100%| E|CS|TAMS 0x000000008ae00000| PB 0x000000008ae00000| Complete 
| 107|0x000000008af00000, 0x000000008b000000, 0x000000008b000000|100%| E|CS|TAMS 0x000000008af00000| PB 0x000000008af00000| Complete 
| 108|0x000000008b000000, 0x000000008b100000, 0x000000008b100000|100%| E|CS|TAMS 0x000000008b000000| PB 0x000000008b000000| Complete 
| 109|0x000000008b100000, 0x000000008b200000, 0x000000008b200000|100%| E|CS|TAMS 0x000000008b100000| PB 0x000000008b100000| Complete 

Card table byte_map: [0x000001429ec30000,0x000001429f010000] _byte_map_base: 0x000001429e80e000

Marking Bits: (CMBitMap*) 0x00000142930cec20
 Bits: [0x000001429f010000, 0x00000142a0f00000)

Polling page: 0x0000014291050000

Metaspace:

Usage:
  Non-class:     61.49 MB used.
      Class:      9.32 MB used.
       Both:     70.81 MB used.

Virtual space:
  Non-class space:       64.00 MB reserved,      62.06 MB ( 97%) committed,  1 nodes.
      Class space:        1.00 GB reserved,       9.75 MB ( <1%) committed,  1 nodes.
             Both:        1.06 GB reserved,      71.81 MB (  7%) committed. 

Chunk freelists:
   Non-Class:  1.64 MB
       Class:  6.25 MB
        Both:  7.90 MB

MaxMetaspaceSize: unlimited
CompressedClassSpaceSize: 1.00 GB
Initial GC threshold: 21.00 MB
Current GC threshold: 119.69 MB
CDS: on
 - commit_granule_bytes: 65536.
 - commit_granule_words: 8192.
 - virtual_space_node_default_size: 8388608.
 - enlarge_chunks_in_place: 1.
 - use_allocation_guard: 0.


Internal statistics:

num_allocs_failed_limit: 6.
num_arena_births: 7324.
num_arena_deaths: 6140.
num_vsnodes_births: 2.
num_vsnodes_deaths: 0.
num_space_committed: 1177.
num_space_uncommitted: 17.
num_chunks_returned_to_freelist: 8018.
num_chunks_taken_from_freelist: 12536.
num_chunk_merges: 2270.
num_chunk_splits: 5893.
num_chunks_enlarged: 3183.
num_inconsistent_stats: 0.

CodeCache: size=49152Kb used=21862Kb max_used=23906Kb free=27289Kb
 bounds [0x000001429b730000, 0x000001429cf20000, 0x000001429e730000]
 total_blobs=9902 nmethods=8913 adapters=912
 compilation: enabled
              stopped_count=0, restarted_count=0
 full_count=0

Compilation events (20 events):
Event: 12561.652 Thread 0x00000142a39b8720 23160       1       java.io.ObjectOutputStream$HandleTable::<init> (45 bytes)
Event: 12561.652 Thread 0x00000142a39b8720 nmethod 23160 0x000001429c732710 code [0x000001429c7328e0, 0x000001429c732dd0]
Event: 12561.652 Thread 0x00000142a39b8720 23162       1       java.io.ObjectOutputStream$HandleTable::size (5 bytes)
Event: 12561.653 Thread 0x00000142a39b8720 nmethod 23162 0x000001429c43d210 code [0x000001429c43d3a0, 0x000001429c43d468]
Event: 12681.665 Thread 0x00000142a39b8720 23163       1       java.io.ObjectInputStream::readInt (8 bytes)
Event: 12681.665 Thread 0x00000142a39b8720 nmethod 23163 0x000001429bb6e790 code [0x000001429bb6e940, 0x000001429bb6ea40]
Event: 12681.665 Thread 0x00000142a39b8720 23164       1       jdk.internal.misc.Unsafe::pick (12 bytes)
Event: 12681.665 Thread 0x00000142a39b8720 nmethod 23164 0x000001429bc3e690 code [0x000001429bc3e820, 0x000001429bc3e8d0]
Event: 12741.673 Thread 0x00000142a39b8720 23165       1       java.lang.invoke.VarHandleGuards::guard_LI_J (78 bytes)
Event: 12741.675 Thread 0x00000142a39b8720 nmethod 23165 0x000001429c731410 code [0x000001429c7316c0, 0x000001429c7320c0]
Event: 12741.675 Thread 0x00000142a39b8720 23169       1       java.io.ObjectOutputStream$BlockDataOutputStream::drain (45 bytes)
Event: 12741.675 Thread 0x00000142a39b8720 nmethod 23169 0x000001429be20210 code [0x000001429be203c0, 0x000001429be20548]
Event: 12741.675 Thread 0x00000142a39b8720 23166       1       java.io.ObjectInputFilter$Config::traceFilter (14 bytes)
Event: 12741.676 Thread 0x00000142a39b8720 nmethod 23166 0x000001429bfef010 code [0x000001429bfef1c0, 0x000001429bfef2f0]
Event: 12741.676 Thread 0x00000142a39b8720 23167       1       sun.util.logging.internal.LoggingProviderImpl$JULWrapper::log (14 bytes)
Event: 12741.676 Thread 0x00000142a39b8720 nmethod 23167 0x000001429cb61f90 code [0x000001429cb62160, 0x000001429cb623f8]
Event: 12741.676 Thread 0x00000142a39b8720 23168       1       java.util.logging.Logger::log (33 bytes)
Event: 12741.677 Thread 0x00000142a39b8720 nmethod 23168 0x000001429c4fd790 code [0x000001429c4fd960, 0x000001429c4fdbe0]
Event: 12801.677 Thread 0x00000142a39b8720 23170       1       java.lang.invoke.VarHandleByteArrayAsLongs$ArrayHandle::get (36 bytes)
Event: 12801.677 Thread 0x00000142a39b8720 nmethod 23170 0x000001429bcbe290 code [0x000001429bcbe440, 0x000001429bcbe640]

GC Heap History (20 events):
Event: 12477.244 GC heap after
{Heap after GC invocations=153 (full 19):
 garbage-first heap   total 165888K, used 39031K [0x0000000084400000, 0x0000000100000000)
  region size 1024K, 2 young (2048K), 2 survivors (2048K)
 Metaspace       used 71884K, committed 72896K, reserved 1114112K
  class space    used 9458K, committed 9920K, reserved 1048576K
}
Event: 12491.378 GC heap before
{Heap before GC invocations=153 (full 19):
 garbage-first heap   total 165888K, used 44151K [0x0000000084400000, 0x0000000100000000)
  region size 1024K, 8 young (8192K), 2 survivors (2048K)
 Metaspace       used 71887K, committed 72896K, reserved 1114112K
  class space    used 9459K, committed 9920K, reserved 1048576K
}
Event: 12491.417 GC heap after
{Heap after GC invocations=154 (full 20):
 garbage-first heap   total 116736K, used 32375K [0x0000000084400000, 0x0000000100000000)
  region size 1024K, 0 young (0K), 0 survivors (0K)
 Metaspace       used 71879K, committed 72896K, reserved 1114112K
  class space    used 9457K, committed 9920K, reserved 1048576K
}
Event: 12491.859 GC heap before
{Heap before GC invocations=154 (full 20):
 garbage-first heap   total 116736K, used 100983K [0x0000000084400000, 0x0000000100000000)
  region size 1024K, 68 young (69632K), 0 survivors (0K)
 Metaspace       used 72059K, committed 73088K, reserved 1114112K
  class space    used 9479K, committed 9920K, reserved 1048576K
}
Event: 12491.864 GC heap after
{Heap after GC invocations=155 (full 20):
 garbage-first heap   total 116736K, used 38621K [0x0000000084400000, 0x0000000100000000)
  region size 1024K, 7 young (7168K), 7 survivors (7168K)
 Metaspace       used 72059K, committed 73088K, reserved 1114112K
  class space    used 9479K, committed 9920K, reserved 1048576K
}
Event: 12491.960 GC heap before
{Heap before GC invocations=156 (full 20):
 garbage-first heap   total 126976K, used 98013K [0x0000000084400000, 0x0000000100000000)
  region size 1024K, 66 young (67584K), 7 survivors (7168K)
 Metaspace       used 72059K, committed 73088K, reserved 1114112K
  class space    used 9479K, committed 9920K, reserved 1048576K
}
Event: 12491.964 GC heap after
{Heap after GC invocations=157 (full 20):
 garbage-first heap   total 126976K, used 41788K [0x0000000084400000, 0x0000000100000000)
  region size 1024K, 5 young (5120K), 5 survivors (5120K)
 Metaspace       used 72059K, committed 73088K, reserved 1114112K
  class space    used 9479K, committed 9920K, reserved 1048576K
}
Event: 12525.317 GC heap before
{Heap before GC invocations=157 (full 20):
 garbage-first heap   total 126976K, used 101180K [0x0000000084400000, 0x0000000100000000)
  region size 1024K, 65 young (66560K), 5 survivors (5120K)
 Metaspace       used 72091K, committed 73088K, reserved 1114112K
  class space    used 9485K, committed 9920K, reserved 1048576K
}
Event: 12525.354 GC heap after
{Heap after GC invocations=158 (full 21):
 garbage-first heap   total 112640K, used 32505K [0x0000000084400000, 0x0000000100000000)
  region size 1024K, 0 young (0K), 0 survivors (0K)
 Metaspace       used 72084K, committed 73088K, reserved 1114112K
  class space    used 9484K, committed 9920K, reserved 1048576K
}
Event: 12525.797 GC heap before
{Heap before GC invocations=158 (full 21):
 garbage-first heap   total 112640K, used 97017K [0x0000000084400000, 0x0000000100000000)
  region size 1024K, 64 young (65536K), 0 survivors (0K)
 Metaspace       used 72284K, committed 73344K, reserved 1114112K
  class space    used 9511K, committed 9984K, reserved 1048576K
}
Event: 12525.801 GC heap after
{Heap after GC invocations=159 (full 21):
 garbage-first heap   total 112640K, used 37625K [0x0000000084400000, 0x0000000100000000)
  region size 1024K, 5 young (5120K), 5 survivors (5120K)
 Metaspace       used 72284K, committed 73344K, reserved 1114112K
  class space    used 9511K, committed 9984K, reserved 1048576K
}
Event: 12525.901 GC heap before
{Heap before GC invocations=160 (full 21):
 garbage-first heap   total 112640K, used 98041K [0x0000000084400000, 0x0000000100000000)
  region size 1024K, 65 young (66560K), 5 survivors (5120K)
 Metaspace       used 72284K, committed 73344K, reserved 1114112K
  class space    used 9511K, committed 9984K, reserved 1048576K
}
Event: 12525.905 GC heap after
{Heap after GC invocations=161 (full 21):
 garbage-first heap   total 112640K, used 40767K [0x0000000084400000, 0x0000000100000000)
  region size 1024K, 4 young (4096K), 4 survivors (4096K)
 Metaspace       used 72284K, committed 73344K, reserved 1114112K
  class space    used 9511K, committed 9984K, reserved 1048576K
}
Event: 12547.302 GC heap before
{Heap before GC invocations=161 (full 21):
 garbage-first heap   total 112640K, used 98111K [0x0000000084400000, 0x0000000100000000)
  region size 1024K, 61 young (62464K), 4 survivors (4096K)
 Metaspace       used 72307K, committed 73344K, reserved 1114112K
  class space    used 9514K, committed 9984K, reserved 1048576K
}
Event: 12547.307 GC heap after
{Heap after GC invocations=162 (full 21):
 garbage-first heap   total 112640K, used 39231K [0x0000000084400000, 0x0000000100000000)
  region size 1024K, 3 young (3072K), 3 survivors (3072K)
 Metaspace       used 72307K, committed 73344K, reserved 1114112K
  class space    used 9514K, committed 9984K, reserved 1048576K
}
Event: 12552.091 GC heap before
{Heap before GC invocations=162 (full 21):
 garbage-first heap   total 112640K, used 41279K [0x0000000084400000, 0x0000000100000000)
  region size 1024K, 6 young (6144K), 3 survivors (3072K)
 Metaspace       used 72311K, committed 73344K, reserved 1114112K
  class space    used 9515K, committed 9984K, reserved 1048576K
}
Event: 12552.131 GC heap after
{Heap after GC invocations=163 (full 22):
 garbage-first heap   total 112640K, used 32575K [0x0000000084400000, 0x0000000100000000)
  region size 1024K, 0 young (0K), 0 survivors (0K)
 Metaspace       used 72305K, committed 73344K, reserved 1114112K
  class space    used 9514K, committed 9984K, reserved 1048576K
}
Event: 12586.748 GC heap before
{Heap before GC invocations=163 (full 22):
 garbage-first heap   total 112640K, used 97087K [0x0000000084400000, 0x0000000100000000)
  region size 1024K, 64 young (65536K), 0 survivors (0K)
 Metaspace       used 72510K, committed 73536K, reserved 1114112K
  class space    used 9541K, committed 9984K, reserved 1048576K
}
Event: 12586.753 GC heap after
{Heap after GC invocations=164 (full 22):
 garbage-first heap   total 112640K, used 37040K [0x0000000084400000, 0x0000000100000000)
  region size 1024K, 5 young (5120K), 5 survivors (5120K)
 Metaspace       used 72510K, committed 73536K, reserved 1114112K
  class space    used 9541K, committed 9984K, reserved 1048576K
}
Event: 12827.123 GC heap before
{Heap before GC invocations=165 (full 22):
 garbage-first heap   total 112640K, used 98480K [0x0000000084400000, 0x0000000100000000)
  region size 1024K, 65 young (66560K), 5 survivors (5120K)
 Metaspace       used 72510K, committed 73536K, reserved 1114112K
  class space    used 9541K, committed 9984K, reserved 1048576K
}

Dll operation events (12 events):
Event: 0.032 Loaded shared library C:\pleiades\2023-09\java\21\bin\java.dll
Event: 0.216 Loaded shared library C:\pleiades\2023-09\java\21\bin\zip.dll
Event: 0.220 Loaded shared library C:\pleiades\2023-09\java\21\bin\instrument.dll
Event: 0.223 Loaded shared library C:\pleiades\2023-09\java\21\bin\net.dll
Event: 0.223 Loaded shared library C:\pleiades\2023-09\java\21\bin\nio.dll
Event: 0.225 Loaded shared library C:\pleiades\2023-09\java\21\bin\zip.dll
Event: 0.324 Loaded shared library C:\pleiades\2023-09\java\21\bin\jimage.dll
Event: 0.364 Loaded shared library C:\pleiades\2023-09\java\21\bin\management.dll
Event: 0.371 Loaded shared library C:\pleiades\2023-09\java\21\bin\management_ext.dll
Event: 0.558 Loaded shared library C:\pleiades\2023-09\java\21\bin\verify.dll
Event: 0.637 Loaded shared library C:\pleiades\2023-09\java\21\bin\extnet.dll
Event: 1.610 Loaded shared library C:\pleiades\2023-09\java\21\bin\sunmscapi.dll

Deoptimization events (20 events):
Event: 12552.907 Thread 0x00000142e9e6d190 DEOPT PACKING pc=0x000001429c44226c sp=0x000000299bdfdcd0
Event: 12552.907 Thread 0x00000142e9e6d190 DEOPT UNPACKING pc=0x000001429b7888e2 sp=0x000000299bdfd238 mode 1
Event: 12552.908 Thread 0x00000142e9e6d190 DEOPT PACKING pc=0x000001429bcde234 sp=0x000000299bdfd9c0
Event: 12552.908 Thread 0x00000142e9e6d190 DEOPT UNPACKING pc=0x000001429b7888e2 sp=0x000000299bdfcf28 mode 1
Event: 12552.908 Thread 0x00000142e9e6d190 DEOPT PACKING pc=0x000001429c44226c sp=0x000000299bdfda30
Event: 12552.908 Thread 0x00000142e9e6d190 DEOPT UNPACKING pc=0x000001429b7888e2 sp=0x000000299bdfcf98 mode 1
Event: 12552.908 Thread 0x00000142e9e6d190 DEOPT PACKING pc=0x000001429c44226c sp=0x000000299bdfda30
Event: 12552.908 Thread 0x00000142e9e6d190 DEOPT UNPACKING pc=0x000001429b7888e2 sp=0x000000299bdfcf98 mode 1
Event: 12552.908 Thread 0x00000142e9e6d190 DEOPT PACKING pc=0x000001429c44226c sp=0x000000299bdfda30
Event: 12552.908 Thread 0x00000142e9e6d190 DEOPT UNPACKING pc=0x000001429b7888e2 sp=0x000000299bdfcf98 mode 1
Event: 12552.908 Thread 0x00000142e9e6d190 DEOPT PACKING pc=0x000001429c44226c sp=0x000000299bdfda30
Event: 12552.908 Thread 0x00000142e9e6d190 DEOPT UNPACKING pc=0x000001429b7888e2 sp=0x000000299bdfcf98 mode 1
Event: 12552.908 Thread 0x00000142e9e6d190 DEOPT PACKING pc=0x000001429c44226c sp=0x000000299bdfda30
Event: 12552.908 Thread 0x00000142e9e6d190 DEOPT UNPACKING pc=0x000001429b7888e2 sp=0x000000299bdfcf98 mode 1
Event: 12552.908 Thread 0x00000142e9e6d190 DEOPT PACKING pc=0x000001429c44226c sp=0x000000299bdfda30
Event: 12552.908 Thread 0x00000142e9e6d190 DEOPT UNPACKING pc=0x000001429b7888e2 sp=0x000000299bdfcf98 mode 1
Event: 12552.908 Thread 0x00000142e9e6d190 DEOPT PACKING pc=0x000001429c44226c sp=0x000000299bdfda30
Event: 12552.908 Thread 0x00000142e9e6d190 DEOPT UNPACKING pc=0x000001429b7888e2 sp=0x000000299bdfcf98 mode 1
Event: 12630.719 Thread 0x00000142ec27fdb0 DEOPT PACKING pc=0x000001429bb05fb4 sp=0x00000029997fdc40
Event: 12630.719 Thread 0x00000142ec27fdb0 DEOPT UNPACKING pc=0x000001429b7888e2 sp=0x00000029997fd0f8 mode 0

Classes loaded (20 events):
Event: 12036.544 Loading class java/lang/ObjectCustomizer
Event: 12036.544 Loading class java/lang/ObjectCustomizer done
Event: 12302.276 Loading class java/lang/ObjectBeanInfo
Event: 12302.276 Loading class java/lang/ObjectBeanInfo done
Event: 12302.276 Loading class java/lang/ObjectBeanInfo
Event: 12302.276 Loading class java/lang/ObjectBeanInfo done
Event: 12302.276 Loading class java/lang/ObjectCustomizer
Event: 12302.276 Loading class java/lang/ObjectCustomizer done
Event: 12302.276 Loading class java/lang/ObjectCustomizer
Event: 12302.276 Loading class java/lang/ObjectCustomizer done
Event: 12302.708 Loading class java/time/DurationEditor
Event: 12302.708 Loading class java/time/DurationEditor done
Event: 12387.258 Loading class java/lang/ObjectBeanInfo
Event: 12387.258 Loading class java/lang/ObjectBeanInfo done
Event: 12387.258 Loading class java/lang/ObjectBeanInfo
Event: 12387.258 Loading class java/lang/ObjectBeanInfo done
Event: 12387.258 Loading class java/lang/ObjectCustomizer
Event: 12387.258 Loading class java/lang/ObjectCustomizer done
Event: 12387.258 Loading class java/lang/ObjectCustomizer
Event: 12387.258 Loading class java/lang/ObjectCustomizer done

Classes unloaded (20 events):
Event: 12387.064 Thread 0x00000142a3988c70 Unloading class 0x00000142a5986800 'java/lang/invoke/LambdaForm$MH+0x00000142a5986800'
Event: 12387.064 Thread 0x00000142a3988c70 Unloading class 0x00000142a5006c00 'java/lang/invoke/LambdaForm$MH+0x00000142a5006c00'
Event: 12387.064 Thread 0x00000142a3988c70 Unloading class 0x00000142a5201400 'java/lang/invoke/LambdaForm$MH+0x00000142a5201400'
Event: 12387.064 Thread 0x00000142a3988c70 Unloading class 0x00000142a5468800 'java/lang/invoke/LambdaForm$BMH+0x00000142a5468800'
Event: 12387.064 Thread 0x00000142a3988c70 Unloading class 0x00000142a5009000 'java/lang/invoke/LambdaForm$MH+0x00000142a5009000'
Event: 12387.064 Thread 0x00000142a3988c70 Unloading class 0x00000142a5925400 'java/lang/invoke/LambdaForm$MH+0x00000142a5925400'
Event: 12387.064 Thread 0x00000142a3988c70 Unloading class 0x00000142a5815400 'java/lang/invoke/LambdaForm$MH+0x00000142a5815400'
Event: 12411.304 Thread 0x00000142a3988c70 Unloading class 0x00000142a5201800 'jdk/internal/reflect/GeneratedSerializationConstructorAccessor131'
Event: 12411.304 Thread 0x00000142a3988c70 Unloading class 0x00000142a599a800 'org/apache/catalina/loader/JdbcLeakPrevention'
Event: 12458.508 Thread 0x00000142a3988c70 Unloading class 0x00000142a580f400 'jdk/internal/reflect/GeneratedSerializationConstructorAccessor132'
Event: 12458.508 Thread 0x00000142a3988c70 Unloading class 0x00000142a599a000 'org/apache/catalina/loader/JdbcLeakPrevention'
Event: 12491.388 Thread 0x00000142a3988c70 Unloading class 0x00000142a5009000 'jdk/internal/reflect/GeneratedSerializationConstructorAccessor134'
Event: 12491.388 Thread 0x00000142a3988c70 Unloading class 0x00000142a5444400 'org/apache/catalina/loader/JdbcLeakPrevention'
Event: 12491.388 Thread 0x00000142a3988c70 Unloading class 0x00000142a5814c00 'java/lang/invoke/LambdaForm$MH+0x00000142a5814c00'
Event: 12525.327 Thread 0x00000142a3988c70 Unloading class 0x00000142a59ac000 'jdk/internal/reflect/GeneratedSerializationConstructorAccessor135'
Event: 12525.327 Thread 0x00000142a3988c70 Unloading class 0x00000142a5815400 'org/apache/catalina/loader/JdbcLeakPrevention'
Event: 12552.101 Thread 0x00000142a3988c70 Unloading class 0x00000142a59b4000 'jdk/internal/reflect/GeneratedSerializationConstructorAccessor136'
Event: 12552.101 Thread 0x00000142a3988c70 Unloading class 0x00000142a59ad800 'org/apache/catalina/loader/JdbcLeakPrevention'
Event: 12586.773 Thread 0x00000142a3988c70 Unloading class 0x00000142a59acc00 'java/lang/invoke/LambdaForm$MH+0x00000142a59acc00'
Event: 12586.773 Thread 0x00000142a3988c70 Unloading class 0x00000142a59ac800 'java/lang/invoke/LambdaForm$MH+0x00000142a59ac800'

Classes redefined (14 events):
Event: 976.002 Thread 0x00000142a3988c70 redefined class name=katachi.spring.portfolio.controller.TalkController, count=1
Event: 976.004 Thread 0x00000142a3988c70 redefined class name=katachi.spring.portfolio.controller.TalkController, count=1
Event: 976.004 Thread 0x00000142a3988c70 redefined class name=katachi.spring.portfolio.controller.TalkController, count=1
Event: 976.004 Thread 0x00000142a3988c70 redefined class name=katachi.spring.portfolio.controller.TalkController, count=1
Event: 976.004 Thread 0x00000142a3988c70 redefined class name=katachi.spring.portfolio.controller.TalkController, count=1
Event: 976.004 Thread 0x00000142a3988c70 redefined class name=katachi.spring.portfolio.controller.TalkController, count=1
Event: 3812.424 Thread 0x00000142a3988c70 redefined class name=katachi.spring.portfolio.domain.user.model.Room, count=1
Event: 3812.424 Thread 0x00000142a3988c70 redefined class name=katachi.spring.portfolio.domain.user.model.Room, count=1
Event: 3812.424 Thread 0x00000142a3988c70 redefined class name=katachi.spring.portfolio.domain.user.model.Room, count=1
Event: 3812.424 Thread 0x00000142a3988c70 redefined class name=katachi.spring.portfolio.domain.user.model.Room, count=1
Event: 3812.424 Thread 0x00000142a3988c70 redefined class name=katachi.spring.portfolio.domain.user.model.Room, count=1
Event: 3812.424 Thread 0x00000142a3988c70 redefined class name=katachi.spring.portfolio.domain.user.model.Room, count=1
Event: 3812.424 Thread 0x00000142a3988c70 redefined class name=katachi.spring.portfolio.domain.user.model.Room, count=1
Event: 3812.424 Thread 0x00000142a3988c70 redefined class name=katachi.spring.portfolio.domain.user.model.Room, count=1

Internal exceptions (20 events):
Event: 12525.891 Thread 0x00000142eb9c62b0 Exception <a 'sun/nio/fs/WindowsException'{0x0000000088199920}> (0x0000000088199920) 
thrown [s\src\hotspot\share\prims\jni.cpp, line 520]
Event: 12525.891 Thread 0x00000142eb9c62b0 Exception <a 'sun/nio/fs/WindowsException'{0x0000000088199c18}> (0x0000000088199c18) 
thrown [s\src\hotspot\share\prims\jni.cpp, line 520]
Event: 12525.892 Thread 0x00000142eb9c62b0 Exception <a 'sun/nio/fs/WindowsException'{0x000000008819a578}> (0x000000008819a578) 
thrown [s\src\hotspot\share\prims\jni.cpp, line 520]
Event: 12525.892 Thread 0x00000142eb9c62b0 Exception <a 'sun/nio/fs/WindowsException'{0x000000008819a890}> (0x000000008819a890) 
thrown [s\src\hotspot\share\prims\jni.cpp, line 520]
Event: 12525.892 Thread 0x00000142eb9c62b0 Exception <a 'sun/nio/fs/WindowsException'{0x000000008819b208}> (0x000000008819b208) 
thrown [s\src\hotspot\share\prims\jni.cpp, line 520]
Event: 12525.892 Thread 0x00000142eb9c62b0 Exception <a 'sun/nio/fs/WindowsException'{0x000000008819b538}> (0x000000008819b538) 
thrown [s\src\hotspot\share\prims\jni.cpp, line 520]
Event: 12525.892 Thread 0x00000142eb9c62b0 Exception <a 'sun/nio/fs/WindowsException'{0x000000008819bea8}> (0x000000008819bea8) 
thrown [s\src\hotspot\share\prims\jni.cpp, line 520]
Event: 12525.893 Thread 0x00000142eb9c62b0 Exception <a 'sun/nio/fs/WindowsException'{0x000000008819c1d0}> (0x000000008819c1d0) 
thrown [s\src\hotspot\share\prims\jni.cpp, line 520]
Event: 12552.091 Thread 0x00000142ec2817f0 Exception <a 'java/lang/InterruptedException'{0x000000008afd4490}: sleep interrupted> (0x000000008afd4490) 
thrown [s\src\hotspot\share\prims\jvm.cpp, line 3075]
Event: 12552.141 Thread 0x00000142ec27fdb0 Exception <a 'sun/nio/fs/WindowsException'{0x000000008b199048}> (0x000000008b199048) 
thrown [s\src\hotspot\share\prims\jni.cpp, line 520]
Event: 12552.331 Thread 0x00000142ec27fdb0 Exception <a 'java/lang/NoClassDefFoundError'{0x00000000895dad80}: org/flywaydb/core/Flyway> (0x00000000895dad80) 
thrown [s\src\hotspot\share\oops\constantPool.cpp, line 871]
Event: 12552.333 Thread 0x00000142ec27fdb0 Exception <a 'java/lang/NoClassDefFoundError'{0x00000000895db3e0}: liquibase/integration/spring/SpringLiquibase> (0x00000000895db3e0) 
thrown [s\src\hotspot\share\oops\constantPool.cpp, line 871]
Event: 12552.339 Thread 0x00000142ec27fdb0 Exception <a 'java/lang/NoClassDefFoundError'{0x0000000089447d70}: org/jooq/DSLContext> (0x0000000089447d70) 
thrown [s\src\hotspot\share\oops\constantPool.cpp, line 871]
Event: 12552.341 Thread 0x00000142ec27fdb0 Exception <a 'java/lang/NoClassDefFoundError'{0x0000000089449648}: jakarta/persistence/EntityManagerFactory> (0x0000000089449648) 
thrown [s\src\hotspot\share\oops\constantPool.cpp, line 871]
Event: 12552.343 Thread 0x00000142ec27fdb0 Exception <a 'java/lang/NoClassDefFoundError'{0x0000000089449cb8}: org/springframework/batch/core/repository/JobRepository> (0x0000000089449cb8) 
thrown [s\src\hotspot\share\oops\constantPool.cpp, line 871]
Event: 12552.344 Thread 0x00000142ec27fdb0 Exception <a 'java/lang/NoClassDefFoundError'{0x000000008944a310}: org/quartz/Scheduler> (0x000000008944a310) 
thrown [s\src\hotspot\share\oops\constantPool.cpp, line 871]
Event: 12552.344 Thread 0x00000142ec27fdb0 Exception <a 'java/lang/NoClassDefFoundError'{0x000000008944a990}: org/springframework/session/jdbc/JdbcIndexedSessionRepository> (0x000000008944a990) 
thrown [s\src\hotspot\share\oops\constantPool.cpp, line 871]
Event: 12552.379 Thread 0x00000142ec27fdb0 Exception <a 'java/io/FileNotFoundException'{0x0000000088ef2150}> (0x0000000088ef2150) 
thrown [s\src\hotspot\share\prims\jni.cpp, line 520]
Event: 12552.408 Thread 0x00000142ec27fdb0 Exception <a 'java/io/FileNotFoundException'{0x00000000889a0e90}> (0x00000000889a0e90) 
thrown [s\src\hotspot\share\prims\jni.cpp, line 520]
Event: 12552.909 Thread 0x00000142e9e6d190 Exception <a 'java/lang/NoSuchMethodError'{0x0000000087a61160}: static [B.<clinit>()V> (0x0000000087a61160) 
thrown [s\src\hotspot\share\prims\jni.cpp, line 1106]

ZGC Phase Switch (0 events):
No events

VM Operations (20 events):
Event: 12552.726 Executing VM operation: get/set locals done
Event: 12552.727 Executing VM operation: get/set locals
Event: 12552.727 Executing VM operation: get/set locals done
Event: 12552.727 Executing VM operation: get/set locals
Event: 12552.727 Executing VM operation: get/set locals done
Event: 12586.748 Executing VM operation: G1CollectForAllocation (G1 Evacuation Pause)
Event: 12586.753 Executing VM operation: G1CollectForAllocation (G1 Evacuation Pause) done
Event: 12586.773 Executing VM operation: G1PauseRemark
Event: 12586.785 Executing VM operation: G1PauseRemark done
Event: 12586.793 Executing VM operation: G1PauseCleanup
Event: 12586.793 Executing VM operation: G1PauseCleanup done
Event: 12588.178 Executing VM operation: HandshakeAllThreads (HandshakeForDeflation)
Event: 12588.178 Executing VM operation: HandshakeAllThreads (HandshakeForDeflation) done
Event: 12588.178 Executing VM operation: RendezvousGCThreads
Event: 12588.178 Executing VM operation: RendezvousGCThreads done
Event: 12630.718 Executing VM operation: ChangeSingleStep
Event: 12630.718 Executing VM operation: ChangeSingleStep done
Event: 12630.719 Executing VM operation: ChangeSingleStep
Event: 12630.719 Executing VM operation: ChangeSingleStep done
Event: 12827.123 Executing VM operation: G1CollectForAllocation (G1 Evacuation Pause)

Events (20 events):
Event: 12586.785 Thread 0x00000142a3988c70 flushing nmethod 0x000001429c94cd90
Event: 12586.785 Thread 0x00000142a3988c70 flushing nmethod 0x000001429c930b90
Event: 12586.785 Thread 0x00000142a3988c70 flushing nmethod 0x000001429c8d4c90
Event: 12586.785 Thread 0x00000142a3988c70 flushing nmethod 0x000001429c901090
Event: 12586.785 Thread 0x00000142a3988c70 flushing nmethod 0x000001429c73c790
Event: 12586.785 Thread 0x00000142a3988c70 flushing nmethod 0x000001429c738d90
Event: 12586.785 Thread 0x00000142a3988c70 flushing nmethod 0x000001429c618110
Event: 12586.785 Thread 0x00000142a3988c70 flushing nmethod 0x000001429c525010
Event: 12586.785 Thread 0x00000142a3988c70 flushing nmethod 0x000001429c524b90
Event: 12586.785 Thread 0x00000142a3988c70 flushing nmethod 0x000001429c4fda90
Event: 12586.785 Thread 0x00000142a3988c70 flushing nmethod 0x000001429c4fd790
Event: 12586.785 Thread 0x00000142a3988c70 flushing nmethod 0x000001429c3e7d10
Event: 12586.785 Thread 0x00000142a3988c70 flushing nmethod 0x000001429be20210
Event: 12586.785 Thread 0x00000142a3988c70 flushing nmethod 0x000001429be3ce90
Event: 12586.785 Thread 0x00000142a3988c70 flushing nmethod 0x000001429bd99910
Event: 12586.785 Thread 0x00000142a3988c70 flushing nmethod 0x000001429bd8c990
Event: 12586.785 Thread 0x00000142a3988c70 flushing nmethod 0x000001429bcbe290
Event: 12586.785 Thread 0x00000142a3988c70 flushing nmethod 0x000001429bc3e690
Event: 12586.785 Thread 0x00000142a3988c70 flushing nmethod 0x000001429bc3d890
Event: 12586.785 Thread 0x00000142a3988c70 flushing nmethod 0x000001429bb6e790


Dynamic libraries:
0x00007ff6faaa0000 - 0x00007ff6faaae000 	C:\pleiades\2023-09\java\21\bin\javaw.exe
0x00007ff8cd310000 - 0x00007ff8cd527000 	C:\WINDOWS\SYSTEM32\ntdll.dll
0x00007ff8cc890000 - 0x00007ff8cc954000 	C:\WINDOWS\System32\KERNEL32.DLL
0x00007ff8ca630000 - 0x00007ff8ca9dd000 	C:\WINDOWS\System32\KERNELBASE.dll
0x00007ff8cacd0000 - 0x00007ff8cade1000 	C:\WINDOWS\System32\ucrtbase.dll
0x00007ff8c19a0000 - 0x00007ff8c19bb000 	C:\pleiades\2023-09\java\21\bin\VCRUNTIME140.dll
0x00007ff8bd600000 - 0x00007ff8bd618000 	C:\pleiades\2023-09\java\21\bin\jli.dll
0x00007ff8cb670000 - 0x00007ff8cb81e000 	C:\WINDOWS\System32\USER32.dll
0x00007ff8caea0000 - 0x00007ff8caec6000 	C:\WINDOWS\System32\win32u.dll
0x00007ff8ccd70000 - 0x00007ff8ccd99000 	C:\WINDOWS\System32\GDI32.dll
0x00007ff8b0c10000 - 0x00007ff8b0ea3000 	C:\WINDOWS\WinSxS\amd64_microsoft.windows.common-controls_6595b64144ccf1df_6.0.22621.3672_none_2713b9d173822955\COMCTL32.dll
0x00007ff8ca9e0000 - 0x00007ff8caaf9000 	C:\WINDOWS\System32\gdi32full.dll
0x00007ff8cca20000 - 0x00007ff8ccac7000 	C:\WINDOWS\System32\msvcrt.dll
0x00007ff8cab70000 - 0x00007ff8cac0a000 	C:\WINDOWS\System32\msvcp_win.dll
0x00007ff8cb8f0000 - 0x00007ff8cb921000 	C:\WINDOWS\System32\IMM32.DLL
0x00007ff8c1990000 - 0x00007ff8c199c000 	C:\pleiades\2023-09\java\21\bin\vcruntime140_1.dll
0x00007ff88d2e0000 - 0x00007ff88d36d000 	C:\pleiades\2023-09\java\21\bin\msvcp140.dll
0x00007ff880e00000 - 0x00007ff881b8c000 	C:\pleiades\2023-09\java\21\bin\server\jvm.dll
0x00007ff8cc960000 - 0x00007ff8cca12000 	C:\WINDOWS\System32\ADVAPI32.dll
0x00007ff8cb820000 - 0x00007ff8cb8c9000 	C:\WINDOWS\System32\sechost.dll
0x00007ff8cadf0000 - 0x00007ff8cae18000 	C:\WINDOWS\System32\bcrypt.dll
0x00007ff8cb040000 - 0x00007ff8cb154000 	C:\WINDOWS\System32\RPCRT4.dll
0x00007ff8cd0a0000 - 0x00007ff8cd111000 	C:\WINDOWS\System32\WS2_32.dll
0x00007ff8ca500000 - 0x00007ff8ca54d000 	C:\WINDOWS\SYSTEM32\POWRPROF.dll
0x00007ff8baa80000 - 0x00007ff8baa8a000 	C:\WINDOWS\SYSTEM32\VERSION.dll
0x00007ff8bb580000 - 0x00007ff8bb5b4000 	C:\WINDOWS\SYSTEM32\WINMM.dll
0x00007ff8ca330000 - 0x00007ff8ca343000 	C:\WINDOWS\SYSTEM32\UMPDC.dll
0x00007ff8c9680000 - 0x00007ff8c9698000 	C:\WINDOWS\SYSTEM32\kernel.appcore.dll
0x00007ff8bd5f0000 - 0x00007ff8bd5fa000 	C:\pleiades\2023-09\java\21\bin\jimage.dll
0x00007ff8c7eb0000 - 0x00007ff8c80e2000 	C:\WINDOWS\SYSTEM32\DBGHELP.DLL
0x00007ff8cb160000 - 0x00007ff8cb4ee000 	C:\WINDOWS\System32\combase.dll
0x00007ff8ccad0000 - 0x00007ff8ccba7000 	C:\WINDOWS\System32\OLEAUT32.dll
0x00007ff8abaa0000 - 0x00007ff8abad2000 	C:\WINDOWS\SYSTEM32\dbgcore.DLL
0x00007ff8cae20000 - 0x00007ff8cae9b000 	C:\WINDOWS\System32\bcryptPrimitives.dll
0x00007ff8b6fa0000 - 0x00007ff8b6fdc000 	C:\pleiades\2023-09\java\21\bin\jdwp.dll
0x00007ff8bd5e0000 - 0x00007ff8bd5ee000 	C:\pleiades\2023-09\java\21\bin\instrument.dll
0x00007ff8b8a60000 - 0x00007ff8b8a7f000 	C:\pleiades\2023-09\java\21\bin\java.dll
0x00007ff8cc020000 - 0x00007ff8cc887000 	C:\WINDOWS\System32\SHELL32.dll
0x00007ff8c85b0000 - 0x00007ff8c8eaf000 	C:\WINDOWS\SYSTEM32\windows.storage.dll
0x00007ff8c8470000 - 0x00007ff8c85af000 	C:\WINDOWS\SYSTEM32\wintypes.dll
0x00007ff8cb4f0000 - 0x00007ff8cb5e9000 	C:\WINDOWS\System32\SHCORE.dll
0x00007ff8cce90000 - 0x00007ff8cceee000 	C:\WINDOWS\System32\shlwapi.dll
0x00007ff8ca560000 - 0x00007ff8ca587000 	C:\WINDOWS\SYSTEM32\profapi.dll
0x00007ff8b7060000 - 0x00007ff8b706c000 	C:\pleiades\2023-09\java\21\bin\dt_socket.dll
0x00007ff8c9100000 - 0x00007ff8c912d000 	C:\WINDOWS\SYSTEM32\IPHLPAPI.DLL
0x00007ff8c9af0000 - 0x00007ff8c9b59000 	C:\WINDOWS\system32\mswsock.dll
0x00007ff8c9130000 - 0x00007ff8c9228000 	C:\WINDOWS\SYSTEM32\DNSAPI.dll
0x00007ff8cb8e0000 - 0x00007ff8cb8e9000 	C:\WINDOWS\System32\NSI.dll
0x00007ff8bb150000 - 0x00007ff8bb15a000 	C:\Windows\System32\rasadhlp.dll
0x00007ff8bcfa0000 - 0x00007ff8bd023000 	C:\WINDOWS\System32\fwpuclnt.dll
0x00007ff8b6ed0000 - 0x00007ff8b6ee8000 	C:\pleiades\2023-09\java\21\bin\zip.dll
0x00007ff8b6ec0000 - 0x00007ff8b6ed0000 	C:\pleiades\2023-09\java\21\bin\net.dll
0x00007ff8bf250000 - 0x00007ff8bf386000 	C:\WINDOWS\SYSTEM32\WINHTTP.dll
0x00007ff8b6ea0000 - 0x00007ff8b6eb6000 	C:\pleiades\2023-09\java\21\bin\nio.dll
0x00007ff8b67e0000 - 0x00007ff8b67e9000 	C:\pleiades\2023-09\java\21\bin\management.dll
0x00007ff8b0eb0000 - 0x00007ff8b0ebb000 	C:\pleiades\2023-09\java\21\bin\management_ext.dll
0x00007ff8cb8d0000 - 0x00007ff8cb8d8000 	C:\WINDOWS\System32\PSAPI.DLL
0x00007ff8a05f0000 - 0x00007ff8a0607000 	C:\WINDOWS\system32\napinsp.dll
0x00007ff8a05d0000 - 0x00007ff8a05eb000 	C:\WINDOWS\system32\pnrpnsp.dll
0x00007ff8a04a0000 - 0x00007ff8a04b1000 	C:\WINDOWS\System32\winrnr.dll
0x00007ff8a0470000 - 0x00007ff8a0497000 	C:\WINDOWS\system32\nlansp_c.dll
0x00007ff8bdbe0000 - 0x00007ff8bdbf5000 	C:\WINDOWS\system32\wshbth.dll
0x00007ff8b09c0000 - 0x00007ff8b09d0000 	C:\pleiades\2023-09\java\21\bin\verify.dll
0x00007ff8c9d40000 - 0x00007ff8c9d5b000 	C:\WINDOWS\SYSTEM32\CRYPTSP.dll
0x00007ff8c95e0000 - 0x00007ff8c9615000 	C:\WINDOWS\system32\rsaenh.dll
0x00007ff8c9be0000 - 0x00007ff8c9c08000 	C:\WINDOWS\SYSTEM32\USERENV.dll
0x00007ff8c9d60000 - 0x00007ff8c9d6c000 	C:\WINDOWS\SYSTEM32\CRYPTBASE.dll
0x00007ff8b0350000 - 0x00007ff8b0357000 	C:\pleiades\2023-09\java\21\bin\extnet.dll
0x00007ff8b01b0000 - 0x00007ff8b01be000 	C:\pleiades\2023-09\java\21\bin\sunmscapi.dll
0x00007ff8caed0000 - 0x00007ff8cb036000 	C:\WINDOWS\System32\CRYPT32.dll
0x00007ff8c9f00000 - 0x00007ff8c9f2e000 	C:\WINDOWS\SYSTEM32\ncrypt.dll
0x00007ff8c9ec0000 - 0x00007ff8c9ef7000 	C:\WINDOWS\SYSTEM32\NTASN1.dll
0x00007ff8b76b0000 - 0x00007ff8b76b8000 	C:\WINDOWS\system32\wshunix.dll

dbghelp: loaded successfully - version: 4.0.5 - missing functions: none
symbol engine: initialized successfully - sym options: 0x614 - pdb path: .;C:\pleiades\2023-09\java\21\bin;C:\WINDOWS\SYSTEM32;C:\WINDOWS\WinSxS\amd64_microsoft.windows.common-controls_6595b64144ccf1df_6.0.22621.3672_none_2713b9d173822955;C:\pleiades\2023-09\java\21\bin\server

VM Arguments:
jvm_args: -XX:+ShowCodeDetailsInExceptionMessages -agentlib:jdwp=transport=dt_socket,suspend=y,address=localhost:61427 -Dcom.sun.management.jmxremote -Dcom.sun.management.jmxremote.port=61425 -Dcom.sun.management.jmxremote.authenticate=false -Dcom.sun.management.jmxremote.ssl=false -Djava.rmi.server.hostname=localhost -Dspring.jmx.enabled=true -Dmanagement.endpoints.jmx.exposure.include=* -Dspring.application.admin.enabled=true -XX:TieredStopAtLevel=1 -Dspring.boot.project.name=ChattingApplication_01 -javaagent:C:\pleiades\2023-09\eclipse\configuration\org.eclipse.osgi\252\0\.cp\lib\javaagent-shaded.jar -Dfile.encoding=UTF-8 -Dstdout.encoding=UTF-8 -Dstderr.encoding=UTF-8 
java_command: katachi.spring.portfolio.ChattingApplication01Application --spring.output.ansi.enabled=always
java_class_path (initial): C:\pleiades\2023-09\workspace\ChattingApplication_01\target\classes;C:\Users\user\.m2\repository\org\springframework\boot\spring-boot-starter-data-jdbc\3.3.2\spring-boot-starter-data-jdbc-3.3.2.jar;C:\Users\user\.m2\repository\org\springframework\data\spring-data-jdbc\3.3.2\spring-data-jdbc-3.3.2.jar;C:\Users\user\.m2\repository\org\springframework\data\spring-data-relational\3.3.2\spring-data-relational-3.3.2.jar;C:\Users\user\.m2\repository\org\springframework\data\spring-data-commons\3.3.2\spring-data-commons-3.3.2.jar;C:\Users\user\.m2\repository\org\springframework\spring-tx\6.1.11\spring-tx-6.1.11.jar;C:\Users\user\.m2\repository\org\springframework\boot\spring-boot-starter-jdbc\3.3.2\spring-boot-starter-jdbc-3.3.2.jar;C:\Users\user\.m2\repository\org\springframework\boot\spring-boot-starter\3.3.2\spring-boot-starter-3.3.2.jar;C:\Users\user\.m2\repository\org\springframework\boot\spring-boot-starter-logging\3.3.2\spring-boot-starter-logging-3.3.2.jar;C:\Users\user\.m2\repository\ch\qos\logback\logback-classic\1.5.6\logback-classic-1.5.6.jar;C:\Users\user\.m2\repository\ch\qos\logback\logback-core\1.5.6\logback-core-1.5.6.jar;C:\Users\user\.m2\repository\org\apache\logging\log4j\log4j-to-slf4j\2.23.1\log4j-to-slf4j-2.23.1.jar;C:\Users\user\.m2\repository\org\apache\logging\log4j\log4j-api\2.23.1\log4j-api-2.23.1.jar;C:\Users\user\.m2\repository\org\slf4j\jul-to-slf4j\2.0.13\jul-to-slf4j-2.0.13.jar;C:\Users\user\.m2\repository\jakarta\annotation\jakarta.annotation-api\2.1.1\jakarta.annotation-api-2.1.1.jar;C:\Users\user\.m2\repository\org\yaml\snakeyaml\2.2\snakeyaml-2.2.jar;C:\Users\user\.m2\repository\com\zaxxer\HikariCP\5.1.0\HikariCP-5.1.0.jar;C:\Users\user\.m2\repository\org\springframework\spring-jdbc\6.1.11\spring-jdbc-6.1.11.jar;C:\Users\user\.m2\repository\org\springframework\boot\spring-boot-starter-thymeleaf\3.3.2\spring-boot-starter-thymeleaf-3.3.2.jar;C:\Users\user\.m2\repository\org\thymeleaf\thymeleaf-spring6\3.1.2.RELEASE\thymeleaf-spring6-3.1.2.RELEASE.jar;C:\Users\user\.m2\repository\org\springframework\boot\spring-boot-starter-web\3.3.2\spring-boot-starter-web-3.3.2.jar;C:\Users\user\.m2\repository\org\springframework\boot\spring-boot-starter-json\3.3.2\spring-boot-starter-json-3.3.2.jar;C:\Users\user\.m2\repository\com\fasterxml\jackson\datatype\jackson-datatype-jdk8\2.17.2\jackson-datatype-jdk8-2.17.2.jar;C:\Users\user\.m2\repository\com\fasterxml\jackson\datatype\jackson-datatype-jsr310\2.17.2\jackson-datatype-jsr310-2.17.2.jar;C:\Users\user\.m2\repository\com\fasterxml\jackson\module\jackson-module-parameter-names\2.17.2\jackson-module-parameter-names-2.17.2.jar;C:\Users\user\.m2\repository\org\springframework\boot\spring-boot-starter-tomcat\3.3.2\spring-boot-starter-tomcat-3.3.2.jar;C:\Users\user\.m2\repository\org\apache\tomcat\embed\tomcat-embed-core\10.1.26\tomcat-embed-core-10.1.26.jar;C:\Users\user\.m2\repository\org\apache\tomcat\embed\tomcat-embed-websocket\10.1.26\tomcat-embed-websocket-10.1.26.jar;C:\Users\user\.m2\repository\org\springframework\spring-web\6.1.11\spring-web-6.1.11.jar;C:\Users\user\.m2\repository\org\springframework\spring-webmvc\6.1.11\spring-webmvc-6.1.11.jar;C:\Users\user\.m2\repository\org\springframework\boot\spring-boot-devtools\3.3.2\spring-boot-devtools-3.3.2.jar;C:\Users\user\.m2\repository\org\springframework\boot\spring-boot\3.3.2\spring-boot-3.3.2.jar;C:\Users\user\.m2\repository\org\springframework\boot\spring-boot-autoconfigure\3.3.2\spring-boot-autoconfigure-3.3.2.jar;C:\Users\user\.m2\repository\com\h2database\h2\2.2.224\h2-2.2.224.jar;C:\Users\user\.m2\repository\com\microsoft\sqlserver\mssql-jdbc\12.6.3.jre11\mssql-jdbc-12.6.3.jre11.jar;C:\Users\user\.m2\repository\com\mysql\mysql-connector-j\8.3.0\mysql-connector-j-8.3.0.jar;C:\Users\user\.m2\repository\org\projectlombok\lombok\1.18.34\lombok-1.18.34.jar;C:\Users\user\.m2\repository\org\springframework\spring-core\6.1.11\spring-core-6.1.11.jar;C:\Users\user\.m2\repository\org\springframework\spring-jcl\6.1.11\spring-jcl-6.1.11.jar;C:\Users\user\.m2\repository\nz\net\ultraq\thymeleaf\thymeleaf-layout-dialect\3.3.0\thymeleaf-layout-dialect-3.3.0.jar;C:\Users\user\.m2\repository\org\apache\groovy\groovy\4.0.22\groovy-4.0.22.jar;C:\Users\user\.m2\repository\nz\net\ultraq\groovy\groovy-extensions\2.1.0\groovy-extensions-2.1.0.jar;C:\Users\user\.m2\repository\nz\net\ultraq\thymeleaf\thymeleaf-expression-processor\3.2.0\thymeleaf-expression-processor-3.2.0.jar;C:\Users\user\.m2\repository\org\thymeleaf\thymeleaf\3.1.2.RELEASE\thymeleaf-3.1.2.RELEASE.jar;C:\Users\user\.m2\repository\ognl\ognl\3.3.4\ognl-3.3.4.jar;C:\Users\user\.m2\repository\org\javassist\javassist\3.29.0-GA\javassist-3.29.0-GA.jar;C:\Users\user\.m2\repository\org\attoparser\attoparser\2.0.7.RELEASE\attoparser-2.0.7.RELEASE.jar;C:\Users\user\.m2\repository\org\unbescape\unbescape\1.1.6.RELEASE\unbescape-1.1.6.RELEASE.jar;C:\Users\user\.m2\repository\org\slf4j\slf4j-api\2.0.13\slf4j-api-2.0.13.jar;C:\Users\user\.m2\repository\org\webjars\jquery\3.5.1\jquery-3.5.1.jar;C:\Users\user\.m2\repository\org\webjars\bootstrap\4.5.3\bootstrap-4.5.3.jar;C:\Users\user\.m2\repository\org\webjars\popper.js\1.16.0\popper.js-1.16.0.jar;C:\Users\user\.m2\repository\org\springframework\security\spring-security-crypto\6.3.3\spring-security-crypto-6.3.3.jar;C:\Users\user\.m2\repository\org\springframework\security\spring-security-core\6.3.1\spring-security-core-6.3.1.jar;C:\Users\user\.m2\repository\org\springframework\spring-aop\6.1.11\spring-aop-6.1.11.jar;C:\Users\user\.m2\repository\org\springframework\spring-beans\6.1.11\spring-beans-6.1.11.jar;C:\Users\user\.m2\repository\org\springframework\spring-context\6.1.11\spring-context-6.1.11.jar;C:\Users\user\.m2\repository\org\springframework\spring-expression\6.1.11\spring-expression-6.1.11.jar;C:\Users\user\.m2\repository\io\micrometer\micrometer-observation\1.13.2\micrometer-observation-1.13.2.jar;C:\Users\user\.m2\repository\io\micrometer\micrometer-commons\1.13.2\micrometer-commons-1.13.2.jar;C:\Users\user\.m2\repository\org\springframework\security\spring-security-web\6.3.1\spring-security-web-6.3.1.jar;C:\Users\user\.m2\repository\org\springframework\security\spring-security-config\6.3.1\spring-security-config-6.3.1.jar;C:\Users\user\.m2\repository\org\springframework\boot\spring-boot-starter-security\3.3.2\spring-boot-starter-security-3.3.2.jar;C:\Users\user\.m2\repository\org\thymeleaf\extras\thymeleaf-extras-springsecurity6\3.1.2.RELEASE\thymeleaf-extras-springsecurity6-3.1.2.RELEASE.jar;C:\Users\user\.m2\repository\org\mybatis\spring\boot\mybatis-spring-boot-starter\3.0.3\mybatis-spring-boot-starter-3.0.3.jar;C:\Users\user\.m2\repository\org\mybatis\spring\boot\mybatis-spring-boot-autoconfigure\3.0.3\mybatis-spring-boot-autoconfigure-3.0.3.jar;C:\Users\user\.m2\repository\org\mybatis\mybatis\3.5.14\mybatis-3.5.14.jar;C:\Users\user\.m2\repository\org\mybatis\mybatis-spring\3.0.3\mybatis-spring-3.0.3.jar;C:\Users\user\.m2\repository\org\modelmapper\extensions\modelmapper-spring\3.2.0\modelmapper-spring-3.2.0.jar;C:\Users\user\.m2\repository\org\modelmapper\modelmapper\3.2.0\modelmapper-3.2.0.jar;C:\Users\user\.m2\repository\org\webjars\webjars-locator\0.47\webjars-locator-0.47.jar;C:\Users\user\.m2\repository\org\webjars\webjars-locator-core\0.58\webjars-locator-core-0.58.jar;C:\Users\user\.m2\repository\io\github\classgraph\classgraph\4.8.168\classgraph-4.8.168.jar;C:\Users\user\.m2\repository\com\fasterxml\jackson\core\jackson-core\2.17.2\jackson-core-2.17.2.jar;C:\Users\user\.m2\repository\com\fasterxml\jackson\core\jackson-databind\2.17.2\jackson-databind-2.17.2.jar;C:\Users\user\.m2\repository\com\fasterxml\jackson\core\jackson-annotations\2.17.2\jackson-annotations-2.17.2.jar;C:\Users\user\.m2\repository\org\apache\commons\commons-text\1.10.0\commons-text-1.10.0.jar;C:\Users\user\.m2\repository\org\apache\commons\commons-lang3\3.14.0\commons-lang3-3.14.0.jar;C:\Users\user\.m2\repository\com\github\spullara\mustache\java\compiler\0.9.10\compiler-0.9.10.jar;C:\Users\user\.m2\repository\org\springframework\boot\spring-boot-starter-validation\3.3.2\spring-boot-starter-validation-3.3.2.jar;C:\Users\user\.m2\repository\org\apache\tomcat\embed\tomcat-embed-el\10.1.26\tomcat-embed-el-10.1.26.jar;C:\Users\user\.m2\repository\org\hibernate\validator\hibernate-validator\8.0.1.Final\hibernate-validator-8.0.1.Final.jar;C:\Users\user\.m2\repository\jakarta\validation\jakarta.validation-api\3.0.2\jakarta.validation-api-3.0.2.jar;C:\Users\user\.m2\repository\org\jboss\logging\jboss-logging\3.5.3.Final\jboss-logging-3.5.3.Final.jar;C:\Users\user\.m2\repository\com\fasterxml\classmate\1.7.0\classmate-1.7.0.jar;C:\Users\user\.m2\repository\org\webjars\datatables\1.13.5\datatables-1.13.5.jar;C:\Users\user\.m2\repository\org\webjars\datatables-plugins\1.13.5\datatables-plugins-1.13.5.jar
Launcher Type: SUN_STANDARD

[Global flags]
     intx CICompilerCount                          = 4                                         {product} {ergonomic}
     uint ConcGCThreads                            = 2                                         {product} {ergonomic}
     uint G1ConcRefinementThreads                  = 8                                         {product} {ergonomic}
   size_t G1HeapRegionSize                         = 1048576                                   {product} {ergonomic}
    uintx GCDrainStackTargetSize                   = 64                                        {product} {ergonomic}
   size_t InitialHeapSize                          = 130023424                                 {product} {ergonomic}
     bool ManagementServer                         = true                                      {product} {command line}
   size_t MarkStackSize                            = 4194304                                   {product} {ergonomic}
   size_t MaxHeapSize                              = 2076180480                                {product} {ergonomic}
   size_t MaxNewSize                               = 1245708288                                {product} {ergonomic}
   size_t MinHeapDeltaBytes                        = 1048576                                   {product} {ergonomic}
   size_t MinHeapSize                              = 8388608                                   {product} {ergonomic}
    uintx NonNMethodCodeHeapSize                   = 4096                                   {pd product} {ergonomic}
    uintx NonProfiledCodeHeapSize                  = 0                                      {pd product} {ergonomic}
     bool ProfileInterpreter                       = false                                  {pd product} {command line}
    uintx ProfiledCodeHeapSize                     = 0                                      {pd product} {ergonomic}
     bool ShowCodeDetailsInExceptionMessages       = true                                   {manageable} {command line}
   size_t SoftMaxHeapSize                          = 2076180480                             {manageable} {ergonomic}
     intx TieredStopAtLevel                        = 1                                         {product} {command line}
     bool UseCompressedOops                        = true                           {product lp64_product} {ergonomic}
     bool UseG1GC                                  = true                                      {product} {ergonomic}
     bool UseLargePagesIndividualAllocation        = false                                  {pd product} {ergonomic}

Logging:
Log output configuration:
 #0: stdout all=warning uptime,level,tags foldmultilines=false
 #1: stderr all=off uptime,level,tags foldmultilines=false

Environment Variables:
PATH=C:/pleiades/2023-09/java/17/bin/server;C:/pleiades/2023-09/java/17/bin;C:\WINDOWS\system32;C:\WINDOWS;C:\WINDOWS\System32\Wbem;C:\WINDOWS\System32\WindowsPowerShell\v1.0\;C:\WINDOWS\System32\OpenSSH\;C:\Users\user\AppData\Local\Microsoft\WindowsApps;C:\Users\user\AppData\Local\Programs\Microsoft VS Code\bin;C:\pleiades\2023-09\eclipse;
USERNAME=user
OS=Windows_NT
PROCESSOR_IDENTIFIER=Intel64 Family 6 Model 140 Stepping 1, GenuineIntel
TMP=C:\Users\user\AppData\Local\Temp
TEMP=C:\Users\user\AppData\Local\Temp




---------------  S Y S T E M  ---------------

OS:
 Windows 11 , 64 bit Build 22621 (10.0.22621.3958)
OS uptime: 3 days 21:54 hours

CPU: total 8 (initial active 8) (4 cores per cpu, 2 threads per core) family 6 model 140 stepping 1 microcode 0xb4, cx8, cmov, fxsr, ht, mmx, 3dnowpref, sse, sse2, sse3, ssse3, sse4.1, sse4.2, popcnt, lzcnt, tsc, tscinvbit, avx, avx2, aes, erms, clmul, bmi1, bmi2, adx, avx512f, avx512dq, avx512cd, avx512bw, avx512vl, sha, fma, vzeroupper, avx512_vpopcntdq, avx512_vpclmulqdq, avx512_vaes, avx512_vnni, clflush, clflushopt, clwb, avx512_vbmi2, avx512_vbmi, rdtscp, rdpid, fsrm, gfni, avx512_bitalg, f16c, pku, cet_ibt, cet_ss, avx512_ifma
Processor Information for all 8 processors :
  Max Mhz: 2419, Current Mhz: 2419, Mhz Limit: 2419

Memory: 4k page, system-wide physical 7914M (1376M free)
TotalPageFile size 14058M (AvailPageFile size 4268M)
current process WorkingSet (physical memory assigned to process): 291M, peak: 347M
current process commit charge ("private bytes"): 342M, peak: 481M

vm_info: OpenJDK 64-Bit Server VM (21-beta+35-ea) for windows-amd64 JRE (21-beta+35-ea), built on 2023-09-04 21:31:52 by "admin" with MS VC++ 16.10 / 16.11 (VS2019)

END.
